#
# There is insufficient memory for the Java Runtime Environment to continue.
# Native memory allocation (mmap) failed to map 243269632 bytes for G1 virtual space
# Possible reasons:
#   The system is out of physical RAM or swap space
#   The process is running with CompressedOops enabled, and the Java Heap may be blocking the growth of the native heap
# Possible solutions:
#   Reduce memory load on the system
#   Increase physical memory or swap space
#   Check if swap backing store is full
#   Decrease Java heap size (-Xmx/-Xms)
#   Decrease number of Java threads
#   Decrease Java thread stack sizes (-Xss)
#   Set larger code cache with -XX:ReservedCodeCacheSize=
#   JVM is running with Unscaled Compressed Oops mode in which the Java heap is
#     placed in the first 4GB address space. The Java Heap base address is the
#     maximum limit for the native heap growth. Please use -XX:HeapBaseMinAddress
#     to set the Java Heap base and to place the Java Heap above 4GB virtual address.
# This output file may be truncated or incomplete.
#
#  Out of Memory Error (os_windows.cpp:3769), pid=27908, tid=13132
#
# JRE version: OpenJDK Runtime Environment (17.0.6) (build 17.0.6+0-b2043.56-9586694)
# Java VM: OpenJDK 64-Bit Server VM (17.0.6+0-b2043.56-9586694, mixed mode, tiered, compressed oops, compressed class ptrs, g1 gc, windows-amd64)
# No core dump will be written. Minidumps are not enabled by default on client versions of Windows
#

---------------  S U M M A R Y ------------

Command Line: org.jetbrains.kotlin.cli.jvm.K2JVMCompiler @D:\New folder (13)\Frontend-Android-Jetpack\app\build\20230807_15105978095668046340.compiler.options

Host: AMD Ryzen 5 5600H with Radeon Graphics         , 12 cores, 7G,  Windows 11 , 64 bit Build 22621 (10.0.22621.1928)
Time: Mon Aug  7 20:27:35 2023 GMT Daylight Time elapsed time: 11.509964 seconds (0d 0h 0m 11s)

---------------  T H R E A D  ---------------

Current thread (0x00000252fd0f1090):  VMThread "VM Thread" [stack: 0x000000bf84300000,0x000000bf84400000] [id=13132]

Stack: [0x000000bf84300000,0x000000bf84400000]
Native frames: (J=compiled Java code, j=interpreted, Vv=VM code, C=native code)
V  [jvm.dll+0x683b4a]
V  [jvm.dll+0x842654]
V  [jvm.dll+0x843dfe]
V  [jvm.dll+0x844463]
V  [jvm.dll+0x249b75]
V  [jvm.dll+0x680a19]
V  [jvm.dll+0x674f0a]
V  [jvm.dll+0x309acb]
V  [jvm.dll+0x310f86]
V  [jvm.dll+0x3608ee]
V  [jvm.dll+0x360b1f]
V  [jvm.dll+0x2dfbf8]
V  [jvm.dll+0x2ddec4]
V  [jvm.dll+0x2dd4cc]
V  [jvm.dll+0x321f3b]
V  [jvm.dll+0x84893b]
V  [jvm.dll+0x849674]
V  [jvm.dll+0x849b8d]
V  [jvm.dll+0x849f64]
V  [jvm.dll+0x84a030]
V  [jvm.dll+0x7f25fa]
V  [jvm.dll+0x682985]
C  [ucrtbase.dll+0x29363]
C  [KERNEL32.DLL+0x126ad]
C  [ntdll.dll+0x5aa68]

VM_Operation (0x000000bf83dfc8a0): G1CollectForAllocation, mode: safepoint, requested by thread 0x00000252f247aaa0


---------------  P R O C E S S  ---------------

Threads class SMR info:
_java_thread_list=0x00000252ffd37f50, length=14, elements={
0x00000252f247aaa0, 0x00000252fd12e280, 0x00000252fd0f28f0, 0x00000252fdc2b210,
0x00000252fdc2bbc0, 0x00000252fdc2c570, 0x00000252fdc2cf20, 0x00000252fdc2dcb0,
0x00000252fdc2e750, 0x00000252fdc32640, 0x00000252fdda2540, 0x00000252fdda7a30,
0x0000025290a72630, 0x00000252ff536ee0
}

Java Threads: ( => current thread )
  0x00000252f247aaa0 JavaThread "main" [_thread_blocked, id=8640, stack(0x000000bf83d00000,0x000000bf83e00000)]
  0x00000252fd12e280 JavaThread "Reference Handler" daemon [_thread_blocked, id=24484, stack(0x000000bf84400000,0x000000bf84500000)]
  0x00000252fd0f28f0 JavaThread "Finalizer" daemon [_thread_blocked, id=27760, stack(0x000000bf84500000,0x000000bf84600000)]
  0x00000252fdc2b210 JavaThread "Signal Dispatcher" daemon [_thread_blocked, id=22040, stack(0x000000bf84600000,0x000000bf84700000)]
  0x00000252fdc2bbc0 JavaThread "Attach Listener" daemon [_thread_blocked, id=22276, stack(0x000000bf84700000,0x000000bf84800000)]
  0x00000252fdc2c570 JavaThread "Service Thread" daemon [_thread_blocked, id=19072, stack(0x000000bf84800000,0x000000bf84900000)]
  0x00000252fdc2cf20 JavaThread "Monitor Deflation Thread" daemon [_thread_blocked, id=14144, stack(0x000000bf84900000,0x000000bf84a00000)]
  0x00000252fdc2dcb0 JavaThread "C2 CompilerThread0" daemon [_thread_blocked, id=10648, stack(0x000000bf84a00000,0x000000bf84b00000)]
  0x00000252fdc2e750 JavaThread "C1 CompilerThread0" daemon [_thread_blocked, id=11764, stack(0x000000bf84b00000,0x000000bf84c00000)]
  0x00000252fdc32640 JavaThread "Sweeper thread" daemon [_thread_blocked, id=22472, stack(0x000000bf84c00000,0x000000bf84d00000)]
  0x00000252fdda2540 JavaThread "Notification Thread" daemon [_thread_blocked, id=28504, stack(0x000000bf84d00000,0x000000bf84e00000)]
  0x00000252fdda7a30 JavaThread "Common-Cleaner" daemon [_thread_blocked, id=23612, stack(0x000000bf84f00000,0x000000bf85000000)]
  0x0000025290a72630 JavaThread "C2 CompilerThread1" daemon [_thread_blocked, id=22032, stack(0x000000bf85000000,0x000000bf85100000)]
  0x00000252ff536ee0 JavaThread "C2 CompilerThread2" daemon [_thread_blocked, id=27560, stack(0x000000bf85c00000,0x000000bf85d00000)]

Other Threads:
=>0x00000252fd0f1090 VMThread "VM Thread" [stack: 0x000000bf84300000,0x000000bf84400000] [id=13132]
  0x00000252fdcbcdb0 WatcherThread [stack: 0x000000bf84e00000,0x000000bf84f00000] [id=7620]
  0x00000252f24d4600 GCTaskThread "GC Thread#0" [stack: 0x000000bf83e00000,0x000000bf83f00000] [id=26304]
  0x00000252fe2be9b0 GCTaskThread "GC Thread#1" [stack: 0x000000bf85100000,0x000000bf85200000] [id=27024]
  0x00000252fe2cd060 GCTaskThread "GC Thread#2" [stack: 0x000000bf85200000,0x000000bf85300000] [id=8480]
  0x00000252fe301030 GCTaskThread "GC Thread#3" [stack: 0x000000bf85300000,0x000000bf85400000] [id=19932]
  0x00000252fe3012e0 GCTaskThread "GC Thread#4" [stack: 0x000000bf85400000,0x000000bf85500000] [id=20404]
  0x00000252ff2f7a20 GCTaskThread "GC Thread#5" [stack: 0x000000bf85500000,0x000000bf85600000] [id=2036]
  0x00000252ff291980 GCTaskThread "GC Thread#6" [stack: 0x000000bf85600000,0x000000bf85700000] [id=14128]
  0x00000252ff291c30 GCTaskThread "GC Thread#7" [stack: 0x000000bf85700000,0x000000bf85800000] [id=5328]
  0x00000252ff293a10 GCTaskThread "GC Thread#8" [stack: 0x000000bf85800000,0x000000bf85900000] [id=10792]
  0x00000252ff293760 GCTaskThread "GC Thread#9" [stack: 0x000000bf85900000,0x000000bf85a00000] [id=14528]
  0x00000252f24e41e0 ConcurrentGCThread "G1 Main Marker" [stack: 0x000000bf83f00000,0x000000bf84000000] [id=1332]
  0x00000252f24e5390 ConcurrentGCThread "G1 Conc#0" [stack: 0x000000bf84000000,0x000000bf84100000] [id=6376]
  0x00000252ff2921e0 ConcurrentGCThread "G1 Conc#1" [stack: 0x000000bf85a00000,0x000000bf85b00000] [id=27384]
  0x00000252ff2934b0 ConcurrentGCThread "G1 Conc#2" [stack: 0x000000bf85b00000,0x000000bf85c00000] [id=21808]
  0x00000252fcf560d0 ConcurrentGCThread "G1 Refine#0" [stack: 0x000000bf84100000,0x000000bf84200000] [id=3304]
  0x00000252921ce630 ConcurrentGCThread "G1 Refine#1" [stack: 0x000000bf85d00000,0x000000bf85e00000] [id=4892]
  0x00000252922599c0 ConcurrentGCThread "G1 Refine#2" [stack: 0x000000bf85e00000,0x000000bf85f00000] [id=25052]
  0x00000252fcf579a0 ConcurrentGCThread "G1 Service" [stack: 0x000000bf84200000,0x000000bf84300000] [id=7884]

Threads with active compile tasks:
C1 CompilerThread0    11528 17193       3       org.jetbrains.kotlin.backend.common.DeclarationTransformer$Visitor::visitValueParameter (6 bytes)
C2 CompilerThread1    11528 17203       4       org.jetbrains.kotlin.ir.util.DeepCopyTypeRemapper::remapType (355 bytes)
C2 CompilerThread2    11528 17196       4       org.jetbrains.kotlin.ir.declarations.lazy.IrLazyFunction::getValueParameters (20 bytes)

VM state: at safepoint (normal execution)

VM Mutex/Monitor currently owned by a thread:  ([mutex/lock_event])
[0x00000252f24768d0] Threads_lock - owner thread: 0x00000252fd0f1090
[0x00000252f2475c70] Heap_lock - owner thread: 0x00000252f247aaa0

Heap address: 0x000000008a600000, size: 1882 MB, Compressed Oops mode: 32-bit

CDS archive(s) not mapped
Compressed class space mapped at: 0x0000000100000000-0x0000000140000000, reserved size: 1073741824
Narrow klass base: 0x0000000000000000, Narrow klass shift: 3, Narrow klass range: 0x140000000

GC Precious Log:
 CPUs: 12 total, 12 available
 Memory: 7521M
 Large Page Support: Disabled
 NUMA Support: Disabled
 Compressed Oops: Enabled (32-bit)
 Heap Region Size: 1M
 Heap Min Capacity: 8M
 Heap Initial Capacity: 118M
 Heap Max Capacity: 1882M
 Pre-touch: Disabled
 Parallel Workers: 10
 Concurrent Workers: 3
 Concurrent Refinement Workers: 10
 Periodic GC: Disabled

Heap:
 garbage-first heap   total 237568K, used 143443K [0x000000008a600000, 0x0000000100000000)
  region size 1024K, 4 young (4096K), 4 survivors (4096K)
 Metaspace       used 84695K, committed 85056K, reserved 1130496K
  class space    used 9318K, committed 9472K, reserved 1048576K

Heap Regions: E=young(eden), S=young(survivor), O=old, HS=humongous(starts), HC=humongous(continues), CS=collection set, F=free, OA=open archive, CA=closed archive, TAMS=top-at-mark-start (previous, next)
|   0|0x000000008a600000, 0x000000008a700000, 0x000000008a700000|100%|HS|  |TAMS 0x000000008a700000, 0x000000008a600000| Complete 
|   1|0x000000008a700000, 0x000000008a800000, 0x000000008a800000|100%|HC|  |TAMS 0x000000008a800000, 0x000000008a700000| Complete 
|   2|0x000000008a800000, 0x000000008a900000, 0x000000008a900000|100%|HC|  |TAMS 0x000000008a900000, 0x000000008a800000| Complete 
|   3|0x000000008a900000, 0x000000008aa00000, 0x000000008aa00000|100%|HC|  |TAMS 0x000000008aa00000, 0x000000008a900000| Complete 
|   4|0x000000008aa00000, 0x000000008ab00000, 0x000000008ab00000|100%| O|  |TAMS 0x000000008ab00000, 0x000000008aa00000| Untracked 
|   5|0x000000008ab00000, 0x000000008ac00000, 0x000000008ac00000|100%| O|  |TAMS 0x000000008ac00000, 0x000000008ab00000| Untracked 
|   6|0x000000008ac00000, 0x000000008ad00000, 0x000000008ad00000|100%| O|  |TAMS 0x000000008ad00000, 0x000000008ac00000| Untracked 
|   7|0x000000008ad00000, 0x000000008ae00000, 0x000000008ae00000|100%| O|  |TAMS 0x000000008ae00000, 0x000000008ad00000| Untracked 
|   8|0x000000008ae00000, 0x000000008af00000, 0x000000008af00000|100%|HS|  |TAMS 0x000000008af00000, 0x000000008ae00000| Complete 
|   9|0x000000008af00000, 0x000000008b000000, 0x000000008b000000|100%|HC|  |TAMS 0x000000008b000000, 0x000000008af00000| Complete 
|  10|0x000000008b000000, 0x000000008b100000, 0x000000008b100000|100%|HC|  |TAMS 0x000000008b100000, 0x000000008b000000| Complete 
|  11|0x000000008b100000, 0x000000008b200000, 0x000000008b200000|100%|HC|  |TAMS 0x000000008b200000, 0x000000008b100000| Complete 
|  12|0x000000008b200000, 0x000000008b300000, 0x000000008b300000|100%| O|  |TAMS 0x000000008b300000, 0x000000008b200000| Untracked 
|  13|0x000000008b300000, 0x000000008b400000, 0x000000008b400000|100%| O|  |TAMS 0x000000008b400000, 0x000000008b300000| Untracked 
|  14|0x000000008b400000, 0x000000008b500000, 0x000000008b500000|100%| O|  |TAMS 0x000000008b500000, 0x000000008b400000| Untracked 
|  15|0x000000008b500000, 0x000000008b600000, 0x000000008b600000|100%| O|  |TAMS 0x000000008b600000, 0x000000008b500000| Untracked 
|  16|0x000000008b600000, 0x000000008b700000, 0x000000008b700000|100%| O|  |TAMS 0x000000008b700000, 0x000000008b600000| Untracked 
|  17|0x000000008b700000, 0x000000008b800000, 0x000000008b800000|100%| O|  |TAMS 0x000000008b800000, 0x000000008b700000| Untracked 
|  18|0x000000008b800000, 0x000000008b900000, 0x000000008b900000|100%| O|  |TAMS 0x000000008b900000, 0x000000008b800000| Untracked 
|  19|0x000000008b900000, 0x000000008ba00000, 0x000000008ba00000|100%| O|  |TAMS 0x000000008ba00000, 0x000000008b900000| Untracked 
|  20|0x000000008ba00000, 0x000000008bb00000, 0x000000008bb00000|100%| O|  |TAMS 0x000000008bb00000, 0x000000008ba00000| Untracked 
|  21|0x000000008bb00000, 0x000000008bc00000, 0x000000008bc00000|100%| O|  |TAMS 0x000000008bc00000, 0x000000008bb00000| Untracked 
|  22|0x000000008bc00000, 0x000000008bd00000, 0x000000008bd00000|100%| O|  |TAMS 0x000000008bd00000, 0x000000008bc00000| Untracked 
|  23|0x000000008bd00000, 0x000000008be00000, 0x000000008be00000|100%| O|  |TAMS 0x000000008be00000, 0x000000008bd00000| Untracked 
|  24|0x000000008be00000, 0x000000008bf00000, 0x000000008bf00000|100%| O|  |TAMS 0x000000008bf00000, 0x000000008be00000| Untracked 
|  25|0x000000008bf00000, 0x000000008c000000, 0x000000008c000000|100%| O|  |TAMS 0x000000008c000000, 0x000000008bf00000| Untracked 
|  26|0x000000008c000000, 0x000000008c100000, 0x000000008c100000|100%| O|  |TAMS 0x000000008c100000, 0x000000008c000000| Untracked 
|  27|0x000000008c100000, 0x000000008c200000, 0x000000008c200000|100%| O|  |TAMS 0x000000008c200000, 0x000000008c100000| Untracked 
|  28|0x000000008c200000, 0x000000008c300000, 0x000000008c300000|100%|HS|  |TAMS 0x000000008c300000, 0x000000008c200000| Complete 
|  29|0x000000008c300000, 0x000000008c400000, 0x000000008c400000|100%|HC|  |TAMS 0x000000008c400000, 0x000000008c300000| Complete 
|  30|0x000000008c400000, 0x000000008c500000, 0x000000008c500000|100%| O|  |TAMS 0x000000008c500000, 0x000000008c400000| Untracked 
|  31|0x000000008c500000, 0x000000008c500000, 0x000000008c600000|  0%| F|  |TAMS 0x000000008c500000, 0x000000008c500000| Untracked 
|  32|0x000000008c600000, 0x000000008c700000, 0x000000008c700000|100%| O|  |TAMS 0x000000008c700000, 0x000000008c600000| Untracked 
|  33|0x000000008c700000, 0x000000008c800000, 0x000000008c800000|100%| O|  |TAMS 0x000000008c800000, 0x000000008c700000| Untracked 
|  34|0x000000008c800000, 0x000000008c900000, 0x000000008c900000|100%| O|  |TAMS 0x000000008c900000, 0x000000008c800000| Untracked 
|  35|0x000000008c900000, 0x000000008ca00000, 0x000000008ca00000|100%| O|  |TAMS 0x000000008ca00000, 0x000000008c900000| Untracked 
|  36|0x000000008ca00000, 0x000000008cb00000, 0x000000008cb00000|100%| O|  |TAMS 0x000000008cb00000, 0x000000008ca00000| Untracked 
|  37|0x000000008cb00000, 0x000000008cc00000, 0x000000008cc00000|100%| O|  |TAMS 0x000000008cc00000, 0x000000008cb00000| Untracked 
|  38|0x000000008cc00000, 0x000000008cd00000, 0x000000008cd00000|100%| O|  |TAMS 0x000000008cd00000, 0x000000008cc00000| Untracked 
|  39|0x000000008cd00000, 0x000000008ce00000, 0x000000008ce00000|100%| O|  |TAMS 0x000000008ce00000, 0x000000008cd00000| Untracked 
|  40|0x000000008ce00000, 0x000000008cf00000, 0x000000008cf00000|100%| O|  |TAMS 0x000000008cf00000, 0x000000008ce00000| Untracked 
|  41|0x000000008cf00000, 0x000000008d000000, 0x000000008d000000|100%| O|  |TAMS 0x000000008d000000, 0x000000008cf00000| Untracked 
|  42|0x000000008d000000, 0x000000008d100000, 0x000000008d100000|100%| O|  |TAMS 0x000000008d100000, 0x000000008d000000| Untracked 
|  43|0x000000008d100000, 0x000000008d200000, 0x000000008d200000|100%| O|  |TAMS 0x000000008d200000, 0x000000008d100000| Untracked 
|  44|0x000000008d200000, 0x000000008d300000, 0x000000008d300000|100%| O|  |TAMS 0x000000008d300000, 0x000000008d200000| Untracked 
|  45|0x000000008d300000, 0x000000008d400000, 0x000000008d400000|100%| O|  |TAMS 0x000000008d400000, 0x000000008d300000| Untracked 
|  46|0x000000008d400000, 0x000000008d500000, 0x000000008d500000|100%| O|  |TAMS 0x000000008d500000, 0x000000008d400000| Untracked 
|  47|0x000000008d500000, 0x000000008d600000, 0x000000008d600000|100%| O|  |TAMS 0x000000008d600000, 0x000000008d500000| Untracked 
|  48|0x000000008d600000, 0x000000008d700000, 0x000000008d700000|100%| O|  |TAMS 0x000000008d700000, 0x000000008d600000| Untracked 
|  49|0x000000008d700000, 0x000000008d800000, 0x000000008d800000|100%| O|  |TAMS 0x000000008d800000, 0x000000008d700000| Untracked 
|  50|0x000000008d800000, 0x000000008d900000, 0x000000008d900000|100%| O|  |TAMS 0x000000008d900000, 0x000000008d800000| Untracked 
|  51|0x000000008d900000, 0x000000008da00000, 0x000000008da00000|100%| O|  |TAMS 0x000000008da00000, 0x000000008d900000| Untracked 
|  52|0x000000008da00000, 0x000000008db00000, 0x000000008db00000|100%| O|  |TAMS 0x000000008db00000, 0x000000008da00000| Untracked 
|  53|0x000000008db00000, 0x000000008dc00000, 0x000000008dc00000|100%| O|  |TAMS 0x000000008dc00000, 0x000000008db00000| Untracked 
|  54|0x000000008dc00000, 0x000000008dd00000, 0x000000008dd00000|100%| O|  |TAMS 0x000000008dd00000, 0x000000008dc00000| Untracked 
|  55|0x000000008dd00000, 0x000000008de00000, 0x000000008de00000|100%| O|  |TAMS 0x000000008de00000, 0x000000008dd00000| Untracked 
|  56|0x000000008de00000, 0x000000008df00000, 0x000000008df00000|100%|HS|  |TAMS 0x000000008df00000, 0x000000008de00000| Complete 
|  57|0x000000008df00000, 0x000000008e000000, 0x000000008e000000|100%|HC|  |TAMS 0x000000008e000000, 0x000000008df00000| Complete 
|  58|0x000000008e000000, 0x000000008e100000, 0x000000008e100000|100%| O|  |TAMS 0x000000008e100000, 0x000000008e000000| Untracked 
|  59|0x000000008e100000, 0x000000008e200000, 0x000000008e200000|100%| O|  |TAMS 0x000000008e200000, 0x000000008e100000| Untracked 
|  60|0x000000008e200000, 0x000000008e300000, 0x000000008e300000|100%| O|  |TAMS 0x000000008e300000, 0x000000008e200000| Untracked 
|  61|0x000000008e300000, 0x000000008e400000, 0x000000008e400000|100%| O|  |TAMS 0x000000008e400000, 0x000000008e300000| Untracked 
|  62|0x000000008e400000, 0x000000008e500000, 0x000000008e500000|100%| O|  |TAMS 0x000000008e500000, 0x000000008e400000| Untracked 
|  63|0x000000008e500000, 0x000000008e600000, 0x000000008e600000|100%| O|  |TAMS 0x000000008e600000, 0x000000008e500000| Untracked 
|  64|0x000000008e600000, 0x000000008e700000, 0x000000008e700000|100%| O|  |TAMS 0x000000008e700000, 0x000000008e600000| Untracked 
|  65|0x000000008e700000, 0x000000008e800000, 0x000000008e800000|100%| O|  |TAMS 0x000000008e800000, 0x000000008e700000| Untracked 
|  66|0x000000008e800000, 0x000000008e900000, 0x000000008e900000|100%| O|  |TAMS 0x000000008e900000, 0x000000008e800000| Untracked 
|  67|0x000000008e900000, 0x000000008ea00000, 0x000000008ea00000|100%| O|  |TAMS 0x000000008ea00000, 0x000000008e900000| Untracked 
|  68|0x000000008ea00000, 0x000000008eb00000, 0x000000008eb00000|100%| O|  |TAMS 0x000000008eb00000, 0x000000008ea00000| Untracked 
|  69|0x000000008eb00000, 0x000000008ec00000, 0x000000008ec00000|100%| O|  |TAMS 0x000000008ec00000, 0x000000008eb00000| Untracked 
|  70|0x000000008ec00000, 0x000000008ed00000, 0x000000008ed00000|100%| O|  |TAMS 0x000000008ed00000, 0x000000008ec00000| Untracked 
|  71|0x000000008ed00000, 0x000000008ee00000, 0x000000008ee00000|100%| O|  |TAMS 0x000000008ee00000, 0x000000008ed00000| Untracked 
|  72|0x000000008ee00000, 0x000000008ef00000, 0x000000008ef00000|100%| O|  |TAMS 0x000000008ef00000, 0x000000008ee00000| Untracked 
|  73|0x000000008ef00000, 0x000000008f000000, 0x000000008f000000|100%| O|  |TAMS 0x000000008f000000, 0x000000008ef00000| Untracked 
|  74|0x000000008f000000, 0x000000008f100000, 0x000000008f100000|100%| O|  |TAMS 0x000000008f100000, 0x000000008f000000| Untracked 
|  75|0x000000008f100000, 0x000000008f200000, 0x000000008f200000|100%| O|  |TAMS 0x000000008f200000, 0x000000008f100000| Untracked 
|  76|0x000000008f200000, 0x000000008f300000, 0x000000008f300000|100%| O|  |TAMS 0x000000008f300000, 0x000000008f200000| Untracked 
|  77|0x000000008f300000, 0x000000008f400000, 0x000000008f400000|100%| O|  |TAMS 0x000000008f400000, 0x000000008f300000| Untracked 
|  78|0x000000008f400000, 0x000000008f500000, 0x000000008f500000|100%| O|  |TAMS 0x000000008f500000, 0x000000008f400000| Untracked 
|  79|0x000000008f500000, 0x000000008f600000, 0x000000008f600000|100%| O|  |TAMS 0x000000008f600000, 0x000000008f500000| Untracked 
|  80|0x000000008f600000, 0x000000008f700000, 0x000000008f700000|100%| O|  |TAMS 0x000000008f700000, 0x000000008f600000| Untracked 
|  81|0x000000008f700000, 0x000000008f800000, 0x000000008f800000|100%| O|  |TAMS 0x000000008f800000, 0x000000008f700000| Untracked 
|  82|0x000000008f800000, 0x000000008f900000, 0x000000008f900000|100%| O|  |TAMS 0x000000008f900000, 0x000000008f800000| Untracked 
|  83|0x000000008f900000, 0x000000008fa00000, 0x000000008fa00000|100%| O|  |TAMS 0x000000008fa00000, 0x000000008f900000| Untracked 
|  84|0x000000008fa00000, 0x000000008fb00000, 0x000000008fb00000|100%| O|  |TAMS 0x000000008fb00000, 0x000000008fa00000| Untracked 
|  85|0x000000008fb00000, 0x000000008fc00000, 0x000000008fc00000|100%| O|  |TAMS 0x000000008fc00000, 0x000000008fb00000| Untracked 
|  86|0x000000008fc00000, 0x000000008fd00000, 0x000000008fd00000|100%| O|  |TAMS 0x000000008fd00000, 0x000000008fc00000| Untracked 
|  87|0x000000008fd00000, 0x000000008fe00000, 0x000000008fe00000|100%| O|  |TAMS 0x000000008fe00000, 0x000000008fd00000| Untracked 
|  88|0x000000008fe00000, 0x000000008ff00000, 0x000000008ff00000|100%| O|  |TAMS 0x000000008ff00000, 0x000000008fe00000| Untracked 
|  89|0x000000008ff00000, 0x0000000090000000, 0x0000000090000000|100%| O|  |TAMS 0x0000000090000000, 0x000000008ff00000| Untracked 
|  90|0x0000000090000000, 0x0000000090100000, 0x0000000090100000|100%| O|  |TAMS 0x0000000090100000, 0x0000000090000000| Untracked 
|  91|0x0000000090100000, 0x0000000090200000, 0x0000000090200000|100%| O|  |TAMS 0x0000000090200000, 0x0000000090100000| Untracked 
|  92|0x0000000090200000, 0x0000000090300000, 0x0000000090300000|100%| O|  |TAMS 0x0000000090300000, 0x0000000090200000| Untracked 
|  93|0x0000000090300000, 0x0000000090400000, 0x0000000090400000|100%| O|  |TAMS 0x0000000090400000, 0x0000000090300000| Untracked 
|  94|0x0000000090400000, 0x0000000090500000, 0x0000000090500000|100%| O|  |TAMS 0x0000000090500000, 0x0000000090400000| Untracked 
|  95|0x0000000090500000, 0x0000000090600000, 0x0000000090600000|100%| O|  |TAMS 0x0000000090600000, 0x0000000090500000| Untracked 
|  96|0x0000000090600000, 0x0000000090700000, 0x0000000090700000|100%| O|  |TAMS 0x0000000090700000, 0x0000000090600000| Untracked 
|  97|0x0000000090700000, 0x0000000090800000, 0x0000000090800000|100%| O|  |TAMS 0x0000000090800000, 0x0000000090700000| Untracked 
|  98|0x0000000090800000, 0x0000000090900000, 0x0000000090900000|100%| O|  |TAMS 0x0000000090900000, 0x0000000090800000| Untracked 
|  99|0x0000000090900000, 0x0000000090a00000, 0x0000000090a00000|100%| O|  |TAMS 0x0000000090a00000, 0x0000000090900000| Untracked 
| 100|0x0000000090a00000, 0x0000000090b00000, 0x0000000090b00000|100%| O|  |TAMS 0x0000000090b00000, 0x0000000090a00000| Untracked 
| 101|0x0000000090b00000, 0x0000000090c00000, 0x0000000090c00000|100%| O|  |TAMS 0x0000000090c00000, 0x0000000090b00000| Untracked 
| 102|0x0000000090c00000, 0x0000000090d00000, 0x0000000090d00000|100%| O|  |TAMS 0x0000000090d00000, 0x0000000090c00000| Untracked 
| 103|0x0000000090d00000, 0x0000000090e00000, 0x0000000090e00000|100%| O|  |TAMS 0x0000000090e00000, 0x0000000090d00000| Untracked 
| 104|0x0000000090e00000, 0x0000000090f00000, 0x0000000090f00000|100%| O|  |TAMS 0x0000000090f00000, 0x0000000090e00000| Untracked 
| 105|0x0000000090f00000, 0x0000000091000000, 0x0000000091000000|100%| O|  |TAMS 0x0000000091000000, 0x0000000090f00000| Untracked 
| 106|0x0000000091000000, 0x0000000091100000, 0x0000000091100000|100%| O|  |TAMS 0x0000000091100000, 0x0000000091000000| Untracked 
| 107|0x0000000091100000, 0x0000000091200000, 0x0000000091200000|100%| O|  |TAMS 0x0000000091200000, 0x0000000091100000| Untracked 
| 108|0x0000000091200000, 0x0000000091300000, 0x0000000091300000|100%| O|  |TAMS 0x0000000091300000, 0x0000000091200000| Untracked 
| 109|0x0000000091300000, 0x0000000091400000, 0x0000000091400000|100%| O|  |TAMS 0x0000000091400000, 0x0000000091300000| Untracked 
| 110|0x0000000091400000, 0x0000000091500000, 0x0000000091500000|100%| O|  |TAMS 0x0000000091500000, 0x0000000091400000| Untracked 
| 111|0x0000000091500000, 0x0000000091600000, 0x0000000091600000|100%| O|  |TAMS 0x0000000091600000, 0x0000000091500000| Untracked 
| 112|0x0000000091600000, 0x0000000091700000, 0x0000000091700000|100%| O|  |TAMS 0x00000000916baa00, 0x0000000091600000| Untracked 
| 113|0x0000000091700000, 0x0000000091800000, 0x0000000091800000|100%| O|  |TAMS 0x0000000091700000, 0x0000000091700000| Untracked 
| 114|0x0000000091800000, 0x0000000091900000, 0x0000000091900000|100%| O|  |TAMS 0x0000000091800000, 0x0000000091800000| Untracked 
| 115|0x0000000091900000, 0x0000000091a00000, 0x0000000091a00000|100%| O|  |TAMS 0x0000000091900000, 0x0000000091900000| Untracked 
| 116|0x0000000091a00000, 0x0000000091b00000, 0x0000000091b00000|100%| O|  |TAMS 0x0000000091a00000, 0x0000000091a00000| Untracked 
| 117|0x0000000091b00000, 0x0000000091c00000, 0x0000000091c00000|100%| O|  |TAMS 0x0000000091b00000, 0x0000000091b00000| Untracked 
| 118|0x0000000091c00000, 0x0000000091d00000, 0x0000000091d00000|100%| O|  |TAMS 0x0000000091c00000, 0x0000000091c00000| Untracked 
| 119|0x0000000091d00000, 0x0000000091e00000, 0x0000000091e00000|100%| O|  |TAMS 0x0000000091d00000, 0x0000000091d00000| Untracked 
| 120|0x0000000091e00000, 0x0000000091f00000, 0x0000000091f00000|100%| O|  |TAMS 0x0000000091e00000, 0x0000000091e00000| Untracked 
| 121|0x0000000091f00000, 0x0000000092000000, 0x0000000092000000|100%| O|  |TAMS 0x0000000091f00000, 0x0000000091f00000| Untracked 
| 122|0x0000000092000000, 0x0000000092100000, 0x0000000092100000|100%| O|  |TAMS 0x0000000092000000, 0x0000000092000000| Untracked 
| 123|0x0000000092100000, 0x0000000092200000, 0x0000000092200000|100%| O|  |TAMS 0x0000000092100000, 0x0000000092100000| Untracked 
| 124|0x0000000092200000, 0x0000000092300000, 0x0000000092300000|100%| O|  |TAMS 0x0000000092200000, 0x0000000092200000| Untracked 
| 125|0x0000000092300000, 0x0000000092400000, 0x0000000092400000|100%| O|  |TAMS 0x0000000092300000, 0x0000000092300000| Untracked 
| 126|0x0000000092400000, 0x0000000092500000, 0x0000000092500000|100%| O|  |TAMS 0x0000000092400000, 0x0000000092400000| Untracked 
| 127|0x0000000092500000, 0x0000000092600000, 0x0000000092600000|100%| O|  |TAMS 0x0000000092500000, 0x0000000092500000| Untracked 
| 128|0x0000000092600000, 0x0000000092700000, 0x0000000092700000|100%| O|  |TAMS 0x0000000092600000, 0x0000000092600000| Untracked 
| 129|0x0000000092700000, 0x0000000092800000, 0x0000000092800000|100%| O|  |TAMS 0x0000000092700000, 0x0000000092700000| Untracked 
| 130|0x0000000092800000, 0x0000000092900000, 0x0000000092900000|100%| O|  |TAMS 0x0000000092800000, 0x0000000092800000| Untracked 
| 131|0x0000000092900000, 0x0000000092a00000, 0x0000000092a00000|100%| O|  |TAMS 0x0000000092900000, 0x0000000092900000| Untracked 
| 132|0x0000000092a00000, 0x0000000092b00000, 0x0000000092b00000|100%| O|  |TAMS 0x0000000092a00000, 0x0000000092a00000| Untracked 
| 133|0x0000000092b00000, 0x0000000092c00000, 0x0000000092c00000|100%| O|  |TAMS 0x0000000092b00000, 0x0000000092b00000| Untracked 
| 134|0x0000000092c00000, 0x0000000092d00000, 0x0000000092d00000|100%| O|  |TAMS 0x0000000092c00000, 0x0000000092c00000| Untracked 
| 135|0x0000000092d00000, 0x0000000092e00000, 0x0000000092e00000|100%| O|  |TAMS 0x0000000092d00000, 0x0000000092d00000| Untracked 
| 136|0x0000000092e00000, 0x0000000092f00000, 0x0000000092f00000|100%| O|  |TAMS 0x0000000092e00000, 0x0000000092e00000| Untracked 
| 137|0x0000000092f00000, 0x0000000092f9bc00, 0x0000000093000000| 60%| O|  |TAMS 0x0000000092f00000, 0x0000000092f00000| Untracked 
| 138|0x0000000093000000, 0x0000000093000000, 0x0000000093100000|  0%| F|  |TAMS 0x0000000093000000, 0x0000000093000000| Untracked 
| 139|0x0000000093100000, 0x0000000093100000, 0x0000000093200000|  0%| F|  |TAMS 0x0000000093100000, 0x0000000093100000| Untracked 
| 140|0x0000000093200000, 0x0000000093200000, 0x0000000093300000|  0%| F|  |TAMS 0x0000000093200000, 0x0000000093200000| Untracked 
| 141|0x0000000093300000, 0x0000000093300000, 0x0000000093400000|  0%| F|  |TAMS 0x0000000093300000, 0x0000000093300000| Untracked 
| 142|0x0000000093400000, 0x0000000093400000, 0x0000000093500000|  0%| F|  |TAMS 0x0000000093400000, 0x0000000093400000| Untracked 
| 143|0x0000000093500000, 0x0000000093500000, 0x0000000093600000|  0%| F|  |TAMS 0x0000000093500000, 0x0000000093500000| Untracked 
| 144|0x0000000093600000, 0x0000000093600000, 0x0000000093700000|  0%| F|  |TAMS 0x0000000093600000, 0x0000000093600000| Untracked 
| 145|0x0000000093700000, 0x0000000093700000, 0x0000000093800000|  0%| F|  |TAMS 0x0000000093700000, 0x0000000093700000| Untracked 
| 146|0x0000000093800000, 0x0000000093800000, 0x0000000093900000|  0%| F|  |TAMS 0x0000000093800000, 0x0000000093800000| Untracked 
| 147|0x0000000093900000, 0x0000000093900000, 0x0000000093a00000|  0%| F|  |TAMS 0x0000000093900000, 0x0000000093900000| Untracked 
| 148|0x0000000093a00000, 0x0000000093a00000, 0x0000000093b00000|  0%| F|  |TAMS 0x0000000093a00000, 0x0000000093a00000| Untracked 
| 149|0x0000000093b00000, 0x0000000093b00000, 0x0000000093c00000|  0%| F|  |TAMS 0x0000000093b00000, 0x0000000093b00000| Untracked 
| 150|0x0000000093c00000, 0x0000000093c00000, 0x0000000093d00000|  0%| F|  |TAMS 0x0000000093c00000, 0x0000000093c00000| Untracked 
| 151|0x0000000093d00000, 0x0000000093d00000, 0x0000000093e00000|  0%| F|  |TAMS 0x0000000093d00000, 0x0000000093d00000| Untracked 
| 152|0x0000000093e00000, 0x0000000093e00000, 0x0000000093f00000|  0%| F|  |TAMS 0x0000000093e00000, 0x0000000093e00000| Untracked 
| 153|0x0000000093f00000, 0x0000000093f00000, 0x0000000094000000|  0%| F|  |TAMS 0x0000000093f00000, 0x0000000093f00000| Untracked 
| 154|0x0000000094000000, 0x0000000094000000, 0x0000000094100000|  0%| F|  |TAMS 0x0000000094000000, 0x0000000094000000| Untracked 
| 155|0x0000000094100000, 0x0000000094100000, 0x0000000094200000|  0%| F|  |TAMS 0x0000000094100000, 0x0000000094100000| Untracked 
| 156|0x0000000094200000, 0x0000000094200000, 0x0000000094300000|  0%| F|  |TAMS 0x0000000094200000, 0x0000000094200000| Untracked 
| 157|0x0000000094300000, 0x0000000094300000, 0x0000000094400000|  0%| F|  |TAMS 0x0000000094300000, 0x0000000094300000| Untracked 
| 158|0x0000000094400000, 0x0000000094400000, 0x0000000094500000|  0%| F|  |TAMS 0x0000000094400000, 0x0000000094400000| Untracked 
| 159|0x0000000094500000, 0x0000000094500000, 0x0000000094600000|  0%| F|  |TAMS 0x0000000094500000, 0x0000000094500000| Untracked 
| 160|0x0000000094600000, 0x0000000094600000, 0x0000000094700000|  0%| F|  |TAMS 0x0000000094600000, 0x0000000094600000| Untracked 
| 161|0x0000000094700000, 0x0000000094700000, 0x0000000094800000|  0%| F|  |TAMS 0x0000000094700000, 0x0000000094700000| Untracked 
| 162|0x0000000094800000, 0x0000000094800000, 0x0000000094900000|  0%| F|  |TAMS 0x0000000094800000, 0x0000000094800000| Untracked 
| 163|0x0000000094900000, 0x0000000094900000, 0x0000000094a00000|  0%| F|  |TAMS 0x0000000094900000, 0x0000000094900000| Untracked 
| 164|0x0000000094a00000, 0x0000000094a00000, 0x0000000094b00000|  0%| F|  |TAMS 0x0000000094a00000, 0x0000000094a00000| Untracked 
| 165|0x0000000094b00000, 0x0000000094b00000, 0x0000000094c00000|  0%| F|  |TAMS 0x0000000094b00000, 0x0000000094b00000| Untracked 
| 166|0x0000000094c00000, 0x0000000094c00000, 0x0000000094d00000|  0%| F|  |TAMS 0x0000000094c00000, 0x0000000094c00000| Untracked 
| 167|0x0000000094d00000, 0x0000000094d00000, 0x0000000094e00000|  0%| F|  |TAMS 0x0000000094d00000, 0x0000000094d00000| Untracked 
| 168|0x0000000094e00000, 0x0000000094e00000, 0x0000000094f00000|  0%| F|  |TAMS 0x0000000094e00000, 0x0000000094e00000| Untracked 
| 169|0x0000000094f00000, 0x0000000094f00000, 0x0000000095000000|  0%| F|  |TAMS 0x0000000094f00000, 0x0000000094f00000| Untracked 
| 170|0x0000000095000000, 0x0000000095000000, 0x0000000095100000|  0%| F|  |TAMS 0x0000000095000000, 0x0000000095000000| Untracked 
| 171|0x0000000095100000, 0x0000000095100000, 0x0000000095200000|  0%| F|  |TAMS 0x0000000095100000, 0x0000000095100000| Untracked 
| 172|0x0000000095200000, 0x0000000095200000, 0x0000000095300000|  0%| F|  |TAMS 0x0000000095200000, 0x0000000095200000| Untracked 
| 173|0x0000000095300000, 0x0000000095300000, 0x0000000095400000|  0%| F|  |TAMS 0x0000000095300000, 0x0000000095300000| Untracked 
| 174|0x0000000095400000, 0x0000000095400000, 0x0000000095500000|  0%| F|  |TAMS 0x0000000095400000, 0x0000000095400000| Untracked 
| 175|0x0000000095500000, 0x0000000095500000, 0x0000000095600000|  0%| F|  |TAMS 0x0000000095500000, 0x0000000095500000| Untracked 
| 176|0x0000000095600000, 0x0000000095600000, 0x0000000095700000|  0%| F|  |TAMS 0x0000000095600000, 0x0000000095600000| Untracked 
| 177|0x0000000095700000, 0x0000000095700000, 0x0000000095800000|  0%| F|  |TAMS 0x0000000095700000, 0x0000000095700000| Untracked 
| 178|0x0000000095800000, 0x0000000095800000, 0x0000000095900000|  0%| F|  |TAMS 0x0000000095800000, 0x0000000095800000| Untracked 
| 179|0x0000000095900000, 0x0000000095900000, 0x0000000095a00000|  0%| F|  |TAMS 0x0000000095900000, 0x0000000095900000| Untracked 
| 180|0x0000000095a00000, 0x0000000095a00000, 0x0000000095b00000|  0%| F|  |TAMS 0x0000000095a00000, 0x0000000095a00000| Untracked 
| 181|0x0000000095b00000, 0x0000000095b00000, 0x0000000095c00000|  0%| F|  |TAMS 0x0000000095b00000, 0x0000000095b00000| Untracked 
| 182|0x0000000095c00000, 0x0000000095c00000, 0x0000000095d00000|  0%| F|  |TAMS 0x0000000095c00000, 0x0000000095c00000| Untracked 
| 183|0x0000000095d00000, 0x0000000095d00000, 0x0000000095e00000|  0%| F|  |TAMS 0x0000000095d00000, 0x0000000095d00000| Untracked 
| 184|0x0000000095e00000, 0x0000000095e00000, 0x0000000095f00000|  0%| F|  |TAMS 0x0000000095e00000, 0x0000000095e00000| Untracked 
| 185|0x0000000095f00000, 0x0000000095f00000, 0x0000000096000000|  0%| F|  |TAMS 0x0000000095f00000, 0x0000000095f00000| Untracked 
| 186|0x0000000096000000, 0x00000000960792f8, 0x0000000096100000| 47%| S|CS|TAMS 0x0000000096000000, 0x0000000096000000| Complete 
| 187|0x0000000096100000, 0x0000000096200000, 0x0000000096200000|100%| S|CS|TAMS 0x0000000096100000, 0x0000000096100000| Complete 
| 188|0x0000000096200000, 0x0000000096300000, 0x0000000096300000|100%| S|CS|TAMS 0x0000000096200000, 0x0000000096200000| Complete 
| 189|0x0000000096300000, 0x0000000096400000, 0x0000000096400000|100%| S|CS|TAMS 0x0000000096300000, 0x0000000096300000| Complete 
| 190|0x0000000096400000, 0x0000000096400000, 0x0000000096500000|  0%| F|  |TAMS 0x0000000096400000, 0x0000000096400000| Untracked 
| 191|0x0000000096500000, 0x0000000096500000, 0x0000000096600000|  0%| F|  |TAMS 0x0000000096500000, 0x0000000096500000| Untracked 
| 192|0x0000000096600000, 0x0000000096600000, 0x0000000096700000|  0%| F|  |TAMS 0x0000000096600000, 0x0000000096600000| Untracked 
| 193|0x0000000096700000, 0x0000000096700000, 0x0000000096800000|  0%| F|  |TAMS 0x0000000096700000, 0x0000000096700000| Untracked 
| 194|0x0000000096800000, 0x0000000096800000, 0x0000000096900000|  0%| F|  |TAMS 0x0000000096800000, 0x0000000096800000| Untracked 
| 195|0x0000000096900000, 0x0000000096900000, 0x0000000096a00000|  0%| F|  |TAMS 0x0000000096900000, 0x0000000096900000| Untracked 
| 196|0x0000000096a00000, 0x0000000096a00000, 0x0000000096b00000|  0%| F|  |TAMS 0x0000000096a00000, 0x0000000096a00000| Untracked 
| 197|0x0000000096b00000, 0x0000000096b00000, 0x0000000096c00000|  0%| F|  |TAMS 0x0000000096b00000, 0x0000000096b00000| Untracked 
| 198|0x0000000096c00000, 0x0000000096c00000, 0x0000000096d00000|  0%| F|  |TAMS 0x0000000096c00000, 0x0000000096c00000| Untracked 
| 199|0x0000000096d00000, 0x0000000096d00000, 0x0000000096e00000|  0%| F|  |TAMS 0x0000000096d00000, 0x0000000096d00000| Untracked 
| 200|0x0000000096e00000, 0x0000000096e00000, 0x0000000096f00000|  0%| F|  |TAMS 0x0000000096e00000, 0x0000000096e00000| Untracked 
| 201|0x0000000096f00000, 0x0000000096f00000, 0x0000000097000000|  0%| F|  |TAMS 0x0000000096f00000, 0x0000000096f00000| Untracked 
| 202|0x0000000097000000, 0x0000000097000000, 0x0000000097100000|  0%| F|  |TAMS 0x0000000097000000, 0x0000000097000000| Untracked 
| 203|0x0000000097100000, 0x0000000097100000, 0x0000000097200000|  0%| F|  |TAMS 0x0000000097100000, 0x0000000097100000| Untracked 
| 204|0x0000000097200000, 0x0000000097200000, 0x0000000097300000|  0%| F|  |TAMS 0x0000000097200000, 0x0000000097200000| Untracked 
| 205|0x0000000097300000, 0x0000000097300000, 0x0000000097400000|  0%| F|  |TAMS 0x0000000097300000, 0x0000000097300000| Untracked 
| 206|0x0000000097400000, 0x0000000097400000, 0x0000000097500000|  0%| F|  |TAMS 0x0000000097400000, 0x0000000097400000| Untracked 
| 207|0x0000000097500000, 0x0000000097500000, 0x0000000097600000|  0%| F|  |TAMS 0x0000000097500000, 0x0000000097500000| Untracked 
| 208|0x0000000097600000, 0x0000000097600000, 0x0000000097700000|  0%| F|  |TAMS 0x0000000097600000, 0x0000000097600000| Untracked 
| 209|0x0000000097700000, 0x0000000097700000, 0x0000000097800000|  0%| F|  |TAMS 0x0000000097700000, 0x0000000097700000| Untracked 
| 210|0x0000000097800000, 0x0000000097800000, 0x0000000097900000|  0%| F|  |TAMS 0x0000000097800000, 0x0000000097800000| Untracked 
| 211|0x0000000097900000, 0x0000000097900000, 0x0000000097a00000|  0%| F|  |TAMS 0x0000000097900000, 0x0000000097900000| Untracked 
| 212|0x0000000097a00000, 0x0000000097a00000, 0x0000000097b00000|  0%| F|  |TAMS 0x0000000097a00000, 0x0000000097a00000| Untracked 
| 213|0x0000000097b00000, 0x0000000097b00000, 0x0000000097c00000|  0%| F|  |TAMS 0x0000000097b00000, 0x0000000097b00000| Untracked 
| 214|0x0000000097c00000, 0x0000000097c00000, 0x0000000097d00000|  0%| F|  |TAMS 0x0000000097c00000, 0x0000000097c00000| Untracked 
| 215|0x0000000097d00000, 0x0000000097d00000, 0x0000000097e00000|  0%| F|  |TAMS 0x0000000097d00000, 0x0000000097d00000| Untracked 
| 216|0x0000000097e00000, 0x0000000097e00000, 0x0000000097f00000|  0%| F|  |TAMS 0x0000000097e00000, 0x0000000097e00000| Untracked 
| 217|0x0000000097f00000, 0x0000000097f00000, 0x0000000098000000|  0%| F|  |TAMS 0x0000000097f00000, 0x0000000097f00000| Untracked 
| 218|0x0000000098000000, 0x0000000098000000, 0x0000000098100000|  0%| F|  |TAMS 0x0000000098000000, 0x0000000098000000| Untracked 
| 219|0x0000000098100000, 0x0000000098100000, 0x0000000098200000|  0%| F|  |TAMS 0x0000000098100000, 0x0000000098100000| Untracked 
| 220|0x0000000098200000, 0x0000000098200000, 0x0000000098300000|  0%| F|  |TAMS 0x0000000098200000, 0x0000000098200000| Untracked 
| 221|0x0000000098300000, 0x0000000098300000, 0x0000000098400000|  0%| F|  |TAMS 0x0000000098300000, 0x0000000098300000| Untracked 
| 222|0x0000000098400000, 0x0000000098400000, 0x0000000098500000|  0%| F|  |TAMS 0x0000000098400000, 0x0000000098400000| Untracked 
| 223|0x0000000098500000, 0x0000000098500000, 0x0000000098600000|  0%| F|  |TAMS 0x0000000098500000, 0x0000000098500000| Untracked 
| 224|0x0000000098600000, 0x0000000098600000, 0x0000000098700000|  0%| F|  |TAMS 0x0000000098600000, 0x0000000098600000| Untracked 
| 225|0x0000000098700000, 0x0000000098700000, 0x0000000098800000|  0%| F|  |TAMS 0x0000000098700000, 0x0000000098700000| Untracked 
| 226|0x0000000098800000, 0x0000000098800000, 0x0000000098900000|  0%| F|  |TAMS 0x0000000098800000, 0x0000000098800000| Untracked 
| 227|0x0000000098900000, 0x0000000098900000, 0x0000000098a00000|  0%| F|  |TAMS 0x0000000098900000, 0x0000000098900000| Untracked 
| 228|0x0000000098a00000, 0x0000000098a00000, 0x0000000098b00000|  0%| F|  |TAMS 0x0000000098a00000, 0x0000000098a00000| Untracked 
| 229|0x0000000098b00000, 0x0000000098b00000, 0x0000000098c00000|  0%| F|  |TAMS 0x0000000098b00000, 0x0000000098b00000| Untracked 
| 230|0x0000000098c00000, 0x0000000098c00000, 0x0000000098d00000|  0%| F|  |TAMS 0x0000000098c00000, 0x0000000098c00000| Untracked 
| 231|0x0000000098d00000, 0x0000000098d00000, 0x0000000098e00000|  0%| F|  |TAMS 0x0000000098d00000, 0x0000000098d00000| Untracked 

Card table byte_map: [0x00000252f6250000,0x00000252f6600000] _byte_map_base: 0x00000252f5dfd000

Marking Bits (Prev, Next): (CMBitMap*) 0x00000252f24d4c10, (CMBitMap*) 0x00000252f24d4c50
 Prev Bits: [0x00000252f69b0000, 0x00000252f8718000)
 Next Bits: [0x00000252f8720000, 0x00000252fa488000)

Polling page: 0x00000252f0410000

Metaspace:

Usage:
  Non-class:     73.61 MB used.
      Class:      9.10 MB used.
       Both:     82.71 MB used.

Virtual space:
  Non-class space:       80.00 MB reserved,      73.81 MB ( 92%) committed,  10 nodes.
      Class space:        1.00 GB reserved,       9.25 MB ( <1%) committed,  1 nodes.
             Both:        1.08 GB reserved,      83.06 MB (  8%) committed. 

Chunk freelists:
   Non-Class:  2.20 MB
       Class:  2.72 MB
        Both:  4.92 MB

MaxMetaspaceSize: unlimited
CompressedClassSpaceSize: 1.00 GB
Initial GC threshold: 21.00 MB
Current GC threshold: 127.44 MB
CDS: off
MetaspaceReclaimPolicy: balanced
 - commit_granule_bytes: 65536.
 - commit_granule_words: 8192.
 - virtual_space_node_default_size: 1048576.
 - enlarge_chunks_in_place: 1.
 - new_chunks_are_fully_committed: 0.
 - uncommit_free_chunks: 1.
 - use_allocation_guard: 0.
 - handle_deallocations: 1.


Internal statistics:

num_allocs_failed_limit: 11.
num_arena_births: 482.
num_arena_deaths: 0.
num_vsnodes_births: 11.
num_vsnodes_deaths: 0.
num_space_committed: 1327.
num_space_uncommitted: 0.
num_chunks_returned_to_freelist: 11.
num_chunks_taken_from_freelist: 3312.
num_chunk_merges: 11.
num_chunk_splits: 2583.
num_chunks_enlarged: 2174.
num_purges: 0.
num_inconsistent_stats: 0.

CodeHeap 'non-profiled nmethods': size=120000Kb used=8454Kb max_used=8773Kb free=111546Kb
 bounds [0x0000025287ad0000, 0x0000025288370000, 0x000002528f000000]
CodeHeap 'profiled nmethods': size=120000Kb used=40046Kb max_used=40486Kb free=79953Kb
 bounds [0x0000025280000000, 0x00000252827a0000, 0x0000025287530000]
CodeHeap 'non-nmethods': size=5760Kb used=1404Kb max_used=1467Kb free=4355Kb
 bounds [0x0000025287530000, 0x00000252877a0000, 0x0000025287ad0000]
 total_blobs=14933 nmethods=14200 adapters=642
 compilation: enabled
              stopped_count=0, restarted_count=0
 full_count=0

Compilation events (20 events):
Event: 11.497 Thread 0x0000025290a72630 nmethod 17168 0x0000025288252a10 code [0x0000025288252be0, 0x00000252882530b8]
Event: 11.497 Thread 0x0000025290a72630 17185       4       org.jetbrains.kotlin.ir.visitors.IrElementTransformerVoid::visitGetField (16 bytes)
Event: 11.498 Thread 0x0000025290a72630 nmethod 17185 0x0000025288252690 code [0x0000025288252800, 0x00000252882528b8]
Event: 11.498 Thread 0x00000252fdc2e750 nmethod 17183 0x00000252814dab10 code [0x00000252814db0c0, 0x00000252814ddd78]
Event: 11.502 Thread 0x00000252fdc2e750 17186       3       org.jetbrains.kotlin.ir.expressions.IrVararg::acceptChildren (70 bytes)
Event: 11.502 Thread 0x00000252fdc2e750 nmethod 17186 0x0000025280b3ed10 code [0x0000025280b3ef80, 0x0000025280b3fb18]
Event: 11.502 Thread 0x00000252fdc2e750 17189       3       org.jetbrains.kotlin.backend.common.DeclarationTransformer$Visitor::visitElement (15 bytes)
Event: 11.502 Thread 0x00000252ff536ee0 nmethod 17137 0x0000025287fb6a10 code [0x0000025287fb6de0, 0x0000025287fba260]
Event: 11.502 Thread 0x00000252ff536ee0 17196       4       org.jetbrains.kotlin.ir.declarations.lazy.IrLazyFunction::getValueParameters (20 bytes)
Event: 11.502 Thread 0x00000252fdc2e750 nmethod 17189 0x0000025281358090 code [0x0000025281358340, 0x0000025281358f08]
Event: 11.502 Thread 0x00000252fdc2e750 17190       3       org.jetbrains.kotlin.backend.common.DeclarationTransformer$Visitor::visitDeclaration (6 bytes)
Event: 11.503 Thread 0x00000252fdc2e750 nmethod 17190 0x000002528235d810 code [0x000002528235db40, 0x000002528235eb48]
Event: 11.503 Thread 0x00000252fdc2e750 17192       3       org.jetbrains.kotlin.backend.common.DeclarationTransformer$Visitor::visitValueParameter (7 bytes)
Event: 11.503 Thread 0x00000252fdc2e750 nmethod 17192 0x0000025280daea90 code [0x0000025280daed80, 0x0000025280dafac8]
Event: 11.503 Thread 0x0000025290a72630 17197       4       org.jetbrains.kotlin.ir.declarations.lazy.IrLazyFunction::getSymbol (8 bytes)
Event: 11.504 Thread 0x00000252fdc2e750 17191       3       org.jetbrains.kotlin.backend.common.DeclarationTransformer$Visitor::visitValueParameter (13 bytes)
Event: 11.504 Thread 0x0000025290a72630 nmethod 17197 0x0000025287fb6710 code [0x0000025287fb6880, 0x0000025287fb6938]
Event: 11.504 Thread 0x0000025290a72630 17203       4       org.jetbrains.kotlin.ir.util.DeepCopyTypeRemapper::remapType (355 bytes)
Event: 11.504 Thread 0x00000252fdc2e750 nmethod 17191 0x0000025281b5b490 code [0x0000025281b5b780, 0x0000025281b5c608]
Event: 11.504 Thread 0x00000252fdc2e750 17193       3       org.jetbrains.kotlin.backend.common.DeclarationTransformer$Visitor::visitValueParameter (6 bytes)

GC Heap History (20 events):
Event: 7.927 GC heap after
{Heap after GC invocations=23 (full 0):
 garbage-first heap   total 155648K, used 86469K [0x000000008a600000, 0x0000000100000000)
  region size 1024K, 4 young (4096K), 4 survivors (4096K)
 Metaspace       used 67628K, committed 67904K, reserved 1114112K
  class space    used 7616K, committed 7744K, reserved 1048576K
}
Event: 7.963 GC heap before
{Heap before GC invocations=23 (full 0):
 garbage-first heap   total 155648K, used 89541K [0x000000008a600000, 0x0000000100000000)
  region size 1024K, 7 young (7168K), 4 survivors (4096K)
 Metaspace       used 67644K, committed 67904K, reserved 1114112K
  class space    used 7616K, committed 7744K, reserved 1048576K
}
Event: 7.967 GC heap after
{Heap after GC invocations=24 (full 0):
 garbage-first heap   total 155648K, used 86465K [0x000000008a600000, 0x0000000100000000)
  region size 1024K, 1 young (1024K), 1 survivors (1024K)
 Metaspace       used 67644K, committed 67904K, reserved 1114112K
  class space    used 7616K, committed 7744K, reserved 1048576K
}
Event: 8.432 GC heap before
{Heap before GC invocations=24 (full 0):
 garbage-first heap   total 155648K, used 126401K [0x000000008a600000, 0x0000000100000000)
  region size 1024K, 40 young (40960K), 1 survivors (1024K)
 Metaspace       used 68174K, committed 68480K, reserved 1114112K
  class space    used 7656K, committed 7808K, reserved 1048576K
}
Event: 8.437 GC heap after
{Heap after GC invocations=25 (full 0):
 garbage-first heap   total 200704K, used 88793K [0x000000008a600000, 0x0000000100000000)
  region size 1024K, 3 young (3072K), 3 survivors (3072K)
 Metaspace       used 68174K, committed 68480K, reserved 1114112K
  class space    used 7656K, committed 7808K, reserved 1048576K
}
Event: 9.302 GC heap before
{Heap before GC invocations=26 (full 0):
 garbage-first heap   total 200704K, used 160473K [0x000000008a600000, 0x0000000100000000)
  region size 1024K, 73 young (74752K), 3 survivors (3072K)
 Metaspace       used 74529K, committed 74880K, reserved 1122304K
  class space    used 8262K, committed 8384K, reserved 1048576K
}
Event: 9.311 GC heap after
{Heap after GC invocations=27 (full 0):
 garbage-first heap   total 200704K, used 93645K [0x000000008a600000, 0x0000000100000000)
  region size 1024K, 8 young (8192K), 8 survivors (8192K)
 Metaspace       used 74529K, committed 74880K, reserved 1122304K
  class space    used 8262K, committed 8384K, reserved 1048576K
}
Event: 9.331 GC heap before
{Heap before GC invocations=27 (full 0):
 garbage-first heap   total 200704K, used 93645K [0x000000008a600000, 0x0000000100000000)
  region size 1024K, 9 young (9216K), 8 survivors (8192K)
 Metaspace       used 74566K, committed 74880K, reserved 1122304K
  class space    used 8266K, committed 8384K, reserved 1048576K
}
Event: 9.338 GC heap after
{Heap after GC invocations=28 (full 0):
 garbage-first heap   total 200704K, used 93898K [0x000000008a600000, 0x0000000100000000)
  region size 1024K, 1 young (1024K), 1 survivors (1024K)
 Metaspace       used 74566K, committed 74880K, reserved 1122304K
  class space    used 8266K, committed 8384K, reserved 1048576K
}
Event: 9.990 GC heap before
{Heap before GC invocations=28 (full 0):
 garbage-first heap   total 200704K, used 163530K [0x000000008a600000, 0x0000000100000000)
  region size 1024K, 69 young (70656K), 1 survivors (1024K)
 Metaspace       used 77168K, committed 77504K, reserved 1122304K
  class space    used 8552K, committed 8704K, reserved 1048576K
}
Event: 9.998 GC heap after
{Heap after GC invocations=29 (full 0):
 garbage-first heap   total 200704K, used 105773K [0x000000008a600000, 0x0000000100000000)
  region size 1024K, 9 young (9216K), 9 survivors (9216K)
 Metaspace       used 77168K, committed 77504K, reserved 1122304K
  class space    used 8552K, committed 8704K, reserved 1048576K
}
Event: 10.445 GC heap before
{Heap before GC invocations=29 (full 0):
 garbage-first heap   total 200704K, used 161069K [0x000000008a600000, 0x0000000100000000)
  region size 1024K, 63 young (64512K), 9 survivors (9216K)
 Metaspace       used 77582K, committed 77888K, reserved 1122304K
  class space    used 8572K, committed 8704K, reserved 1048576K
}
Event: 10.464 GC heap after
{Heap after GC invocations=30 (full 0):
 garbage-first heap   total 200704K, used 123626K [0x000000008a600000, 0x0000000100000000)
  region size 1024K, 8 young (8192K), 8 survivors (8192K)
 Metaspace       used 77582K, committed 77888K, reserved 1122304K
  class space    used 8572K, committed 8704K, reserved 1048576K
}
Event: 10.743 GC heap before
{Heap before GC invocations=30 (full 0):
 garbage-first heap   total 200704K, used 156394K [0x000000008a600000, 0x0000000100000000)
  region size 1024K, 40 young (40960K), 8 survivors (8192K)
 Metaspace       used 77914K, committed 78208K, reserved 1122304K
  class space    used 8591K, committed 8704K, reserved 1048576K
}
Event: 10.757 GC heap after
{Heap after GC invocations=31 (full 0):
 garbage-first heap   total 200704K, used 135680K [0x000000008a600000, 0x0000000100000000)
  region size 1024K, 5 young (5120K), 5 survivors (5120K)
 Metaspace       used 77914K, committed 78208K, reserved 1122304K
  class space    used 8591K, committed 8704K, reserved 1048576K
}
Event: 10.985 GC heap before
{Heap before GC invocations=32 (full 0):
 garbage-first heap   total 237568K, used 160256K [0x000000008a600000, 0x0000000100000000)
  region size 1024K, 29 young (29696K), 5 survivors (5120K)
 Metaspace       used 78620K, committed 78976K, reserved 1122304K
  class space    used 8654K, committed 8832K, reserved 1048576K
}
Event: 10.992 GC heap after
{Heap after GC invocations=33 (full 0):
 garbage-first heap   total 237568K, used 140009K [0x000000008a600000, 0x0000000100000000)
  region size 1024K, 4 young (4096K), 4 survivors (4096K)
 Metaspace       used 78620K, committed 78976K, reserved 1122304K
  class space    used 8654K, committed 8832K, reserved 1048576K
}
Event: 11.047 GC heap before
{Heap before GC invocations=33 (full 0):
 garbage-first heap   total 237568K, used 147177K [0x000000008a600000, 0x0000000100000000)
  region size 1024K, 11 young (11264K), 4 survivors (4096K)
 Metaspace       used 78757K, committed 79104K, reserved 1122304K
  class space    used 8656K, committed 8832K, reserved 1048576K
}
Event: 11.052 GC heap after
{Heap after GC invocations=34 (full 0):
 garbage-first heap   total 237568K, used 140764K [0x000000008a600000, 0x0000000100000000)
  region size 1024K, 1 young (1024K), 1 survivors (1024K)
 Metaspace       used 78757K, committed 79104K, reserved 1122304K
  class space    used 8656K, committed 8832K, reserved 1048576K
}
Event: 11.504 GC heap before
{Heap before GC invocations=34 (full 0):
 garbage-first heap   total 237568K, used 182748K [0x000000008a600000, 0x0000000100000000)
  region size 1024K, 42 young (43008K), 1 survivors (1024K)
 Metaspace       used 84695K, committed 85056K, reserved 1130496K
  class space    used 9318K, committed 9472K, reserved 1048576K
}

Dll operation events (2 events):
Event: 0.004 Loaded shared library E:\Android Studio\jbr\bin\java.dll
Event: 0.754 Loaded shared library E:\Android Studio\jbr\bin\verify.dll

Deoptimization events (20 events):
Event: 11.492 Thread 0x00000252f247aaa0 Uncommon trap: trap_request=0xffffffc6 fr.pc=0x0000025287de03e0 relative=0x00000000000000c0
Event: 11.492 Thread 0x00000252f247aaa0 Uncommon trap: reason=bimorphic_or_optimized_type_check action=maybe_recompile pc=0x0000025287de03e0 method=org.jetbrains.kotlin.ir.expressions.IrGetField.acceptChildren(Lorg/jetbrains/kotlin/ir/visitors/IrElementVisitor;Ljava/lang/Object;)V @ 16 c2
Event: 11.492 Thread 0x00000252f247aaa0 DEOPT PACKING pc=0x0000025287de03e0 sp=0x000000bf83dfa2e0
Event: 11.492 Thread 0x00000252f247aaa0 DEOPT UNPACKING pc=0x00000252875869a3 sp=0x000000bf83dfa268 mode 2
Event: 11.493 Thread 0x00000252f247aaa0 Uncommon trap: trap_request=0xffffffc6 fr.pc=0x0000025287de03e0 relative=0x00000000000000c0
Event: 11.493 Thread 0x00000252f247aaa0 Uncommon trap: reason=bimorphic_or_optimized_type_check action=maybe_recompile pc=0x0000025287de03e0 method=org.jetbrains.kotlin.ir.expressions.IrGetField.acceptChildren(Lorg/jetbrains/kotlin/ir/visitors/IrElementVisitor;Ljava/lang/Object;)V @ 16 c2
Event: 11.493 Thread 0x00000252f247aaa0 DEOPT PACKING pc=0x0000025287de03e0 sp=0x000000bf83dfb570
Event: 11.493 Thread 0x00000252f247aaa0 DEOPT UNPACKING pc=0x00000252875869a3 sp=0x000000bf83dfb510 mode 2
Event: 11.495 Thread 0x00000252f247aaa0 Uncommon trap: trap_request=0xffffffc6 fr.pc=0x0000025287de03e0 relative=0x00000000000000c0
Event: 11.495 Thread 0x00000252f247aaa0 Uncommon trap: reason=bimorphic_or_optimized_type_check action=maybe_recompile pc=0x0000025287de03e0 method=org.jetbrains.kotlin.ir.expressions.IrGetField.acceptChildren(Lorg/jetbrains/kotlin/ir/visitors/IrElementVisitor;Ljava/lang/Object;)V @ 16 c2
Event: 11.495 Thread 0x00000252f247aaa0 DEOPT PACKING pc=0x0000025287de03e0 sp=0x000000bf83dfb1a0
Event: 11.495 Thread 0x00000252f247aaa0 DEOPT UNPACKING pc=0x00000252875869a3 sp=0x000000bf83dfb128 mode 2
Event: 11.496 Thread 0x00000252f247aaa0 Uncommon trap: trap_request=0xffffff45 fr.pc=0x00000252882f9164 relative=0x0000000000000b44
Event: 11.496 Thread 0x00000252f247aaa0 Uncommon trap: reason=unstable_if action=reinterpret pc=0x00000252882f9164 method=org.jetbrains.kotlin.ir.types.IrTypePredicatesKt.isClassType(Lorg/jetbrains/kotlin/ir/types/IrType;Lorg/jetbrains/kotlin/ir/util/IdSignature$CommonSignature;Ljava/lang/Boole
Event: 11.496 Thread 0x00000252f247aaa0 DEOPT PACKING pc=0x00000252882f9164 sp=0x000000bf83dfd250
Event: 11.496 Thread 0x00000252f247aaa0 DEOPT UNPACKING pc=0x00000252875869a3 sp=0x000000bf83dfd240 mode 2
Event: 11.501 Thread 0x00000252f247aaa0 Uncommon trap: trap_request=0xffffffc6 fr.pc=0x0000025287de03e0 relative=0x00000000000000c0
Event: 11.501 Thread 0x00000252f247aaa0 Uncommon trap: reason=bimorphic_or_optimized_type_check action=maybe_recompile pc=0x0000025287de03e0 method=org.jetbrains.kotlin.ir.expressions.IrGetField.acceptChildren(Lorg/jetbrains/kotlin/ir/visitors/IrElementVisitor;Ljava/lang/Object;)V @ 16 c2
Event: 11.501 Thread 0x00000252f247aaa0 DEOPT PACKING pc=0x0000025287de03e0 sp=0x000000bf83dfb2f0
Event: 11.501 Thread 0x00000252f247aaa0 DEOPT UNPACKING pc=0x00000252875869a3 sp=0x000000bf83dfb278 mode 2

Classes unloaded (0 events):
No events

Classes redefined (0 events):
No events

Internal exceptions (20 events):
Event: 4.278 Thread 0x00000252f247aaa0 Exception <a 'java/lang/IncompatibleClassChangeError'{0x0000000093afeef8}: Found class java.lang.Object, but interface was expected> (0x0000000093afeef8) 
thrown [s\src\hotspot\share\interpreter\linkResolver.cpp, line 838]
Event: 4.285 Thread 0x00000252f247aaa0 Implicit null exception at 0x0000025287aebff2 to 0x0000025287aec5d0
Event: 4.450 Thread 0x00000252f247aaa0 Exception <a 'java/lang/NoSuchMethodError'{0x0000000093321788}: 'int java.lang.invoke.DirectMethodHandle$Holder.invokeStaticInit(java.lang.Object, int)'> (0x0000000093321788) 
thrown [s\src\hotspot\share\interpreter\linkResolver.cpp, line 771]
Event: 5.098 Thread 0x00000252f247aaa0 Exception <a 'java/lang/NoSuchMethodError'{0x0000000090dfe598}: 'java.lang.Object java.lang.invoke.DirectMethodHandle$Holder.newInvokeSpecial(java.lang.Object, java.lang.Object, java.lang.Object, java.lang.Object, java.lang.Object, java.lang.Object, java.lang.Object)'> (0x0000000090dfe598) 
thrown [s\src\hotspot\share\interpreter\linkResolver.cpp, line 771]
Event: 5.098 Thread 0x00000252f247aaa0 Exception <a 'java/lang/NoSuchMethodError'{0x0000000090c03620}: 'java.lang.Object java.lang.invoke.Invokers$Holder.linkToTargetMethod(java.lang.Object, java.lang.Object, java.lang.Object, java.lang.Object, java.lang.Object, java.lang.Object, java.lang.Object)'> (0x0000000090c03620) 
thrown [s\src\hotspot\share\interpreter\linkResolver.cpp, line 771]
Event: 5.538 Thread 0x00000252f247aaa0 Exception <a 'java/lang/NoSuchMethodError'{0x0000000093514ba8}: 'void java.lang.invoke.DirectMethodHandle$Holder.invokeInterface(java.lang.Object, java.lang.Object)'> (0x0000000093514ba8) 
thrown [s\src\hotspot\share\interpreter\linkResolver.cpp, line 771]
Event: 5.676 Thread 0x00000252f247aaa0 Exception <a 'java/lang/NoSuchMethodError'{0x0000000092d48940}: 'void java.lang.invoke.DirectMethodHandle$Holder.invokeStatic(java.lang.Object, java.lang.Object, java.lang.Object)'> (0x0000000092d48940) 
thrown [s\src\hotspot\share\interpreter\linkResolver.cpp, line 771]
Event: 5.871 Thread 0x00000252f247aaa0 Implicit null exception at 0x0000025287e4a743 to 0x0000025287e4aed0
Event: 6.308 Thread 0x00000252f247aaa0 Implicit null exception at 0x0000025287ebf2ac to 0x0000025287ebf368
Event: 8.660 Thread 0x00000252f247aaa0 Implicit null exception at 0x0000025287fe5eb3 to 0x0000025287fe600c
Event: 8.691 Thread 0x00000252f247aaa0 Exception <a 'java/lang/NoSuchMethodError'{0x00000000948d2e38}: 'java.lang.Object java.lang.invoke.DirectMethodHandle$Holder.invokeStaticInit(java.lang.Object, java.lang.Object, java.lang.Object, java.lang.Object)'> (0x00000000948d2e38) 
thrown [s\src\hotspot\share\interpreter\linkResolver.cpp, line 771]
Event: 8.807 Thread 0x00000252f247aaa0 Implicit null exception at 0x0000025287b24413 to 0x0000025287b24558
Event: 8.843 Thread 0x00000252f247aaa0 Exception <a 'java/lang/NoSuchMethodError'{0x0000000093ea6a70}: 'int java.lang.invoke.DirectMethodHandle$Holder.invokeStaticInit(java.lang.Object, java.lang.Object, java.lang.Object, java.lang.Object)'> (0x0000000093ea6a70) 
thrown [s\src\hotspot\share\interpreter\linkResolver.cpp, line 771]
Event: 8.878 Thread 0x00000252f247aaa0 Exception <a 'java/lang/NoSuchMethodError'{0x0000000093b26c98}: 'java.lang.Object java.lang.invoke.DirectMethodHandle$Holder.newInvokeSpecial(java.lang.Object, java.lang.Object, java.lang.Object, int, int)'> (0x0000000093b26c98) 
thrown [s\src\hotspot\share\interpreter\linkResolver.cpp, line 771]
Event: 8.878 Thread 0x00000252f247aaa0 Exception <a 'java/lang/NoSuchMethodError'{0x0000000093b2aad8}: 'java.lang.Object java.lang.invoke.DirectMethodHandle$Holder.invokeSpecial(java.lang.Object, java.lang.Object, java.lang.Object, java.lang.Object, int, int)'> (0x0000000093b2aad8) 
thrown [s\src\hotspot\share\interpreter\linkResolver.cpp, line 771]
Event: 9.082 Thread 0x00000252f247aaa0 Exception <a 'java/lang/NoSuchMethodError'{0x0000000092fceb10}: 'java.lang.Object java.lang.invoke.DirectMethodHandle$Holder.invokeSpecial(java.lang.Object, java.lang.Object, int, int, java.lang.Object, java.lang.Object, java.lang.Object, java.lang.Object, java.lang.Object)'> (0x0000000092fceb10) 
thrown [s\src\hotspot\share\interpreter\linkResolver.cpp, line 771]
Event: 9.130 Thread 0x00000252f247aaa0 Exception <a 'java/lang/NoSuchMethodError'{0x0000000092c12718}: 'java.lang.Object java.lang.invoke.DirectMethodHandle$Holder.newInvokeSpecial(java.lang.Object, java.lang.Object, int, int, java.lang.Object, java.lang.Object, java.lang.Object)'> (0x0000000092c12718) 
thrown [s\src\hotspot\share\interpreter\linkResolver.cpp, line 771]
Event: 9.131 Thread 0x00000252f247aaa0 Exception <a 'java/lang/NoSuchMethodError'{0x0000000092c16fc0}: 'java.lang.Object java.lang.invoke.DirectMethodHandle$Holder.invokeSpecial(java.lang.Object, java.lang.Object, java.lang.Object, int, int, java.lang.Object, java.lang.Object, java.lang.Object)'> (0x0000000092c16fc0) 
thrown [s\src\hotspot\share\interpreter\linkResolver.cpp, line 771]
Event: 11.416 Thread 0x00000252f247aaa0 Implicit null exception at 0x000002528831cfe2 to 0x000002528831d314
Event: 11.496 Thread 0x00000252f247aaa0 Implicit null exception at 0x00000252882f8648 to 0x00000252882f9148

VM Operations (20 events):
Event: 11.246 Executing VM operation: ICBufferFull done
Event: 11.279 Executing VM operation: HandshakeAllThreads
Event: 11.279 Executing VM operation: HandshakeAllThreads done
Event: 11.279 Executing VM operation: HandshakeAllThreads
Event: 11.279 Executing VM operation: HandshakeAllThreads done
Event: 11.352 Executing VM operation: HandshakeAllThreads
Event: 11.352 Executing VM operation: HandshakeAllThreads done
Event: 11.400 Executing VM operation: ICBufferFull
Event: 11.400 Executing VM operation: ICBufferFull done
Event: 11.411 Executing VM operation: HandshakeAllThreads
Event: 11.411 Executing VM operation: HandshakeAllThreads done
Event: 11.412 Executing VM operation: HandshakeAllThreads
Event: 11.412 Executing VM operation: HandshakeAllThreads done
Event: 11.454 Executing VM operation: HandshakeAllThreads
Event: 11.454 Executing VM operation: HandshakeAllThreads done
Event: 11.489 Executing VM operation: HandshakeAllThreads
Event: 11.489 Executing VM operation: HandshakeAllThreads done
Event: 11.503 Executing VM operation: ICBufferFull
Event: 11.503 Executing VM operation: ICBufferFull done
Event: 11.504 Executing VM operation: G1CollectForAllocation

Events (20 events):
Event: 11.476 Thread 0x00000252fdc32640 flushing nmethod 0x0000025282267d10
Event: 11.476 Thread 0x00000252fdc32640 flushing nmethod 0x000002528228ec90
Event: 11.476 Thread 0x00000252fdc32640 flushing nmethod 0x000002528232c310
Event: 11.476 Thread 0x00000252fdc32640 flushing nmethod 0x0000025282338090
Event: 11.476 Thread 0x00000252fdc32640 flushing nmethod 0x000002528233e010
Event: 11.476 Thread 0x00000252fdc32640 flushing nmethod 0x0000025282359310
Event: 11.476 Thread 0x00000252fdc32640 flushing nmethod 0x000002528235d810
Event: 11.476 Thread 0x00000252fdc32640 flushing nmethod 0x000002528238ab10
Event: 11.476 Thread 0x00000252fdc32640 flushing nmethod 0x0000025282393890
Event: 11.477 Thread 0x00000252fdc32640 flushing nmethod 0x00000252823b7e90
Event: 11.477 Thread 0x00000252fdc32640 flushing nmethod 0x00000252823c9710
Event: 11.477 Thread 0x00000252fdc32640 flushing nmethod 0x00000252823e7e10
Event: 11.477 Thread 0x00000252fdc32640 flushing nmethod 0x00000252823f1a10
Event: 11.477 Thread 0x00000252fdc32640 flushing nmethod 0x00000252823fca10
Event: 11.477 Thread 0x00000252fdc32640 flushing nmethod 0x0000025282444b10
Event: 11.477 Thread 0x00000252fdc32640 flushing nmethod 0x00000252824a0810
Event: 11.477 Thread 0x00000252fdc32640 flushing nmethod 0x00000252824a1010
Event: 11.477 Thread 0x00000252fdc32640 flushing nmethod 0x00000252824a2a90
Event: 11.477 Thread 0x00000252fdc32640 flushing nmethod 0x00000252824a7690
Event: 11.477 Thread 0x00000252fdc32640 flushing nmethod 0x00000252824a9690


Dynamic libraries:
0x00007ff710db0000 - 0x00007ff710dba000 	E:\Android Studio\jbr\bin\java.exe
0x00007ffd6c9f0000 - 0x00007ffd6cc04000 	C:\WINDOWS\SYSTEM32\ntdll.dll
0x00007ffd6b820000 - 0x00007ffd6b8e2000 	C:\WINDOWS\System32\KERNEL32.DLL
0x00007ffd69f90000 - 0x00007ffd6a333000 	C:\WINDOWS\System32\KERNELBASE.dll
0x00007ffd6a6b0000 - 0x00007ffd6a7c1000 	C:\WINDOWS\System32\ucrtbase.dll
0x00007ffd49aa0000 - 0x00007ffd49ab7000 	E:\Android Studio\jbr\bin\jli.dll
0x00007ffd497a0000 - 0x00007ffd497bb000 	E:\Android Studio\jbr\bin\VCRUNTIME140.dll
0x00007ffd6c420000 - 0x00007ffd6c5ca000 	C:\WINDOWS\System32\USER32.dll
0x00007ffd56c90000 - 0x00007ffd56f1e000 	C:\WINDOWS\WinSxS\amd64_microsoft.windows.common-controls_6595b64144ccf1df_6.0.22621.1635_none_270f70857386168e\COMCTL32.dll
0x00007ffd69df0000 - 0x00007ffd69e16000 	C:\WINDOWS\System32\win32u.dll
0x00007ffd6c5d0000 - 0x00007ffd6c677000 	C:\WINDOWS\System32\msvcrt.dll
0x00007ffd6c930000 - 0x00007ffd6c959000 	C:\WINDOWS\System32\GDI32.dll
0x00007ffd6a450000 - 0x00007ffd6a569000 	C:\WINDOWS\System32\gdi32full.dll
0x00007ffd6a3b0000 - 0x00007ffd6a44a000 	C:\WINDOWS\System32\msvcp_win.dll
0x00007ffd6b8f0000 - 0x00007ffd6b921000 	C:\WINDOWS\System32\IMM32.DLL
0x00007ffd57890000 - 0x00007ffd5789c000 	E:\Android Studio\jbr\bin\vcruntime140_1.dll
0x00007ffd3dda0000 - 0x00007ffd3de2d000 	E:\Android Studio\jbr\bin\msvcp140.dll
0x00007ffd1f990000 - 0x00007ffd205fd000 	E:\Android Studio\jbr\bin\server\jvm.dll
0x00007ffd6b470000 - 0x00007ffd6b51e000 	C:\WINDOWS\System32\ADVAPI32.dll
0x00007ffd6c1c0000 - 0x00007ffd6c264000 	C:\WINDOWS\System32\sechost.dll
0x00007ffd6b590000 - 0x00007ffd6b6a7000 	C:\WINDOWS\System32\RPCRT4.dll
0x00007ffd62070000 - 0x00007ffd620a4000 	C:\WINDOWS\SYSTEM32\WINMM.dll
0x00007ffd65560000 - 0x00007ffd65569000 	C:\WINDOWS\SYSTEM32\WSOCK32.dll
0x00007ffd60f30000 - 0x00007ffd60f3a000 	C:\WINDOWS\SYSTEM32\VERSION.dll
0x00007ffd6a850000 - 0x00007ffd6a8c1000 	C:\WINDOWS\System32\WS2_32.dll
0x00007ffd68df0000 - 0x00007ffd68e08000 	C:\WINDOWS\SYSTEM32\kernel.appcore.dll
0x00007ffd652f0000 - 0x00007ffd652fa000 	E:\Android Studio\jbr\bin\jimage.dll
0x00007ffd55e50000 - 0x00007ffd5607e000 	C:\WINDOWS\SYSTEM32\DBGHELP.DLL
0x00007ffd6aab0000 - 0x00007ffd6ae39000 	C:\WINDOWS\System32\combase.dll
0x00007ffd6b740000 - 0x00007ffd6b817000 	C:\WINDOWS\System32\OLEAUT32.dll
0x00007ffd48f00000 - 0x00007ffd48f32000 	C:\WINDOWS\SYSTEM32\dbgcore.DLL
0x00007ffd6a570000 - 0x00007ffd6a5ea000 	C:\WINDOWS\System32\bcryptPrimitives.dll
0x00007ffd4bb50000 - 0x00007ffd4bb75000 	E:\Android Studio\jbr\bin\java.dll
0x00007ffd54150000 - 0x00007ffd54168000 	E:\Android Studio\jbr\bin\zip.dll
0x00007ffd6b9c0000 - 0x00007ffd6c1b9000 	C:\WINDOWS\System32\SHELL32.dll
0x00007ffd67d90000 - 0x00007ffd6865e000 	C:\WINDOWS\SYSTEM32\windows.storage.dll
0x00007ffd67c50000 - 0x00007ffd67d8e000 	C:\WINDOWS\SYSTEM32\wintypes.dll
0x00007ffd6b370000 - 0x00007ffd6b461000 	C:\WINDOWS\System32\SHCORE.dll
0x00007ffd6b520000 - 0x00007ffd6b57e000 	C:\WINDOWS\System32\shlwapi.dll
0x00007ffd69d20000 - 0x00007ffd69d46000 	C:\WINDOWS\SYSTEM32\profapi.dll
0x00007ffd54010000 - 0x00007ffd54029000 	E:\Android Studio\jbr\bin\net.dll
0x00007ffd61f30000 - 0x00007ffd62067000 	C:\WINDOWS\SYSTEM32\WINHTTP.dll
0x00007ffd69260000 - 0x00007ffd692c9000 	C:\WINDOWS\system32\mswsock.dll
0x00007ffd53fb0000 - 0x00007ffd53fc6000 	E:\Android Studio\jbr\bin\nio.dll
0x00007ffd63a00000 - 0x00007ffd63a10000 	E:\Android Studio\jbr\bin\verify.dll

dbghelp: loaded successfully - version: 4.0.5 - missing functions: none
symbol engine: initialized successfully - sym options: 0x614 - pdb path: .;E:\Android Studio\jbr\bin;C:\WINDOWS\SYSTEM32;C:\WINDOWS\WinSxS\amd64_microsoft.windows.common-controls_6595b64144ccf1df_6.0.22621.1635_none_270f70857386168e;E:\Android Studio\jbr\bin\server

VM Arguments:
java_command: org.jetbrains.kotlin.cli.jvm.K2JVMCompiler @D:\New folder (13)\Frontend-Android-Jetpack\app\build\20230807_15105978095668046340.compiler.options
java_class_path (initial): C:\Users\hp\.gradle\caches\modules-2\files-2.1\org.jetbrains.kotlin\kotlin-compiler-embeddable\1.7.20\8db18559a581dd2c36ddfd5046af145650f5b126\kotlin-compiler-embeddable-1.7.20.jar;C:\Users\hp\.gradle\caches\modules-2\files-2.1\org.jetbrains.kotlin\kotlin-reflect\1.7.20\12b2501e33bb6373e8e347c86d85481863629381\kotlin-reflect-1.7.20.jar;C:\Users\hp\.gradle\caches\modules-2\files-2.1\org.jetbrains.kotlin\kotlin-stdlib\1.7.20\726594ea9ba2beb2ee113647fefa9a10f9fabe52\kotlin-stdlib-1.7.20.jar;C:\Users\hp\.gradle\caches\modules-2\files-2.1\org.jetbrains.kotlin\kotlin-script-runtime\1.7.20\bcd1cc6f865e632550357fcc59f5ffd532615a8\kotlin-script-runtime-1.7.20.jar;C:\Users\hp\.gradle\caches\modules-2\files-2.1\org.jetbrains.kotlin\kotlin-daemon-embeddable\1.7.20\1e24355adad8d529d75d5b19eab55484057431ba\kotlin-daemon-embeddable-1.7.20.jar;C:\Users\hp\.gradle\caches\modules-2\files-2.1\org.jetbrains.intellij.deps\trove4j\1.0.20200330\3afb14d5f9ceb459d724e907a21145e8ff394f02\trove4j-1.0.20200330.jar;C:\Users\hp\.gradle\caches\modules-2\files-2.1\net.java.dev.jna\jna\5.6.0\330f2244e9030119ab3030fc3fededc86713d9cc\jna-5.6.0.jar;C:\Users\hp\.gradle\caches\modules-2\files-2.1\org.jetbrains.kotlin\kotlin-stdlib-common\1.7.20\e15351bdaf9fa06f009be5da7a202e4184f00ae3\kotlin-stdlib-common-1.7.20.jar;C:\Users\hp\.gradle\caches\modules-2\files-2.1\org.jetbrains\annotations\13.0\919f0dfe192fb4e063e7dacadee7f8bb9a2672a9\annotations-13.0.jar
Launcher Type: SUN_STANDARD

[Global flags]
     intx CICompilerCount                          = 4                                         {product} {ergonomic}
     uint ConcGCThreads                            = 3                                         {product} {ergonomic}
     uint G1ConcRefinementThreads                  = 10                                        {product} {ergonomic}
   size_t G1HeapRegionSize                         = 1048576                                   {product} {ergonomic}
    uintx GCDrainStackTargetSize                   = 64                                        {product} {ergonomic}
   size_t InitialHeapSize                          = 123731968                                 {product} {ergonomic}
   size_t MarkStackSize                            = 4194304                                   {product} {ergonomic}
   size_t MaxHeapSize                              = 1973420032                                {product} {ergonomic}
   size_t MaxNewSize                               = 1183842304                                {product} {ergonomic}
   size_t MinHeapDeltaBytes                        = 1048576                                   {product} {ergonomic}
   size_t MinHeapSize                              = 8388608                                   {product} {ergonomic}
    uintx NonNMethodCodeHeapSize                   = 5839372                                {pd product} {ergonomic}
    uintx NonProfiledCodeHeapSize                  = 122909434                              {pd product} {ergonomic}
    uintx ProfiledCodeHeapSize                     = 122909434                              {pd product} {ergonomic}
    uintx ReservedCodeCacheSize                    = 251658240                              {pd product} {ergonomic}
     bool SegmentedCodeCache                       = true                                      {product} {ergonomic}
   size_t SoftMaxHeapSize                          = 1973420032                             {manageable} {ergonomic}
     bool UseCompressedClassPointers               = true                           {product lp64_product} {ergonomic}
     bool UseCompressedOops                        = true                           {product lp64_product} {ergonomic}
     bool UseG1GC                                  = true                                      {product} {ergonomic}
     bool UseLargePagesIndividualAllocation        = false                                  {pd product} {ergonomic}

Logging:
Log output configuration:
 #0: stdout all=warning uptime,level,tags
 #1: stderr all=off uptime,level,tags

Environment Variables:
PATH=C:\Program Files\Common Files\Oracle\Java\javapath;C:\Program Files (x86)\Common Files\Oracle\Java\javapath;C:\windows\system32;C:\windows;C:\windows\System32\Wbem;C:\windows\System32\WindowsPowerShell\v1.0\;C:\windows\System32\OpenSSH\;C:\Program Files (x86)\NVIDIA Corporation\PhysX\Common;C:\Program Files\NVIDIA Corporation\NVIDIA NvDLISR;E:\Git\cmd;C:\Program Files\dotnet\;C:\WINDOWS\system32;C:\WINDOWS;C:\WINDOWS\System32\Wbem;C:\WINDOWS\System32\WindowsPowerShell\v1.0\;C:\WINDOWS\System32\OpenSSH\;C:\Program Files\nodejs\;C:\Program Files\CMake\bin;C:\Program Files\Common Files\Oracle\Java\javapath;C:\Program Files (x86)\Common Files\Oracle\Java\javapath;C:\windows\system32;C:\windows;C:\windows\System32\Wbem;C:\windows\System32\WindowsPowerShell\v1.0\;C:\windows\System32\OpenSSH\;C:\Program Files (x86)\NVIDIA Corporation\PhysX\Common;C:\Program Files\NVIDIA Corporation\NVIDIA NvDLISR;E:\Git\cmd;C:\Program Files\dotnet\;C:\WINDOWS\system32;C:\WINDOWS;C:\WINDOWS\System32\Wbem;C:\WINDOWS\System32\WindowsPowerShell\v1.0\;C:\WINDOWS\System32\OpenSSH\;C:\Program Files\nodejs\;C:\Program Files\CMake\bin;C:\Users\hp\AppData\Local\Programs\Python\Python311\Scripts;C:\Users\hp\AppData\Local\Programs\Python\Python311\Scripts;E:\Microsoft VS Code\bin;E:\New folder (9)\DataSpell 2023.1.1\bin;;E:\New folder (12)\Library\bin;E:\New folder (12)\Scripts;E:\New folder (12)\condabin;C:\Users\hp\Desktop\enscripten\emsdk;C:\Users\hp\Desktop\enscripten\emsdk\scripts;C:\Users\hp\Desktop\enscripten\emsdk\test;C:\Users\hp\AppData\Local\Programs\Python\Python311;C:\Users\hp\Desktop\enscripten\emsdk\upstream\emscripten;
USERNAME=hp
OS=Windows_NT
PROCESSOR_IDENTIFIER=AMD64 Family 25 Model 80 Stepping 0, AuthenticAMD
TMP=C:\Users\hp\AppData\Local\Temp
TEMP=C:\Users\hp\AppData\Local\Temp



---------------  S Y S T E M  ---------------

OS:
 Windows 11 , 64 bit Build 22621 (10.0.22621.1928)
OS uptime: 4 days 6:56 hours
Hyper-V role detected

CPU: total 12 (initial active 12) (12 cores per cpu, 2 threads per core) family 25 model 80 stepping 0 microcode 0x0, cx8, cmov, fxsr, ht, mmx, 3dnowpref, sse, sse2, sse3, ssse3, sse4a, sse4.1, sse4.2, popcnt, lzcnt, tsc, tscinvbit, avx, avx2, aes, erms, clmul, bmi1, bmi2, adx, sha, fma, vzeroupper, clflush, clflushopt, hv

Memory: 4k page, system-wide physical 7521M (879M free)
TotalPageFile size 27209M (AvailPageFile size 208M)
current process WorkingSet (physical memory assigned to process): 482M, peak: 482M
current process commit charge ("private bytes"): 523M, peak: 755M

vm_info: OpenJDK 64-Bit Server VM (17.0.6+0-b2043.56-9586694) for windows-amd64 JRE (17.0.6+0-b2043.56-9586694), built on Feb  9 2023 20:06:20 by "androidbuild" with MS VC++ 16.10 / 16.11 (VS2019)

END.
