#
# There is insufficient memory for the Java Runtime Environment to continue.
# Native memory allocation (malloc) failed to allocate 1696480 bytes for Chunk::new
# Possible reasons:
#   The system is out of physical RAM or swap space
#   The process is running with CompressedOops enabled, and the Java Heap may be blocking the growth of the native heap
# Possible solutions:
#   Reduce memory load on the system
#   Increase physical memory or swap space
#   Check if swap backing store is full
#   Decrease Java heap size (-Xmx/-Xms)
#   Decrease number of Java threads
#   Decrease Java thread stack sizes (-Xss)
#   Set larger code cache with -XX:ReservedCodeCacheSize=
#   JVM is running with Unscaled Compressed Oops mode in which the Java heap is
#     placed in the first 4GB address space. The Java Heap base address is the
#     maximum limit for the native heap growth. Please use -XX:HeapBaseMinAddress
#     to set the Java Heap base and to place the Java Heap above 4GB virtual address.
# This output file may be truncated or incomplete.
#
#  Out of Memory Error (arena.cpp:189), pid=21608, tid=18380
#
# JRE version: OpenJDK Runtime Environment (17.0.6) (build 17.0.6+0-b2043.56-9586694)
# Java VM: OpenJDK 64-Bit Server VM (17.0.6+0-b2043.56-9586694, mixed mode, tiered, compressed oops, compressed class ptrs, g1 gc, windows-amd64)
# No core dump will be written. Minidumps are not enabled by default on client versions of Windows
#

---------------  S U M M A R Y ------------

Command Line: org.jetbrains.kotlin.cli.jvm.K2JVMCompiler @D:\New folder (13)\Frontend-Android-Jetpack\app\build\20230807_17431155334517235894.compiler.options

Host: AMD Ryzen 5 5600H with Radeon Graphics         , 12 cores, 7G,  Windows 11 , 64 bit Build 22621 (10.0.22621.1928)
Time: Mon Aug  7 19:26:55 2023 GMT Daylight Time elapsed time: 10.289852 seconds (0d 0h 0m 10s)

---------------  T H R E A D  ---------------

Current thread (0x0000020f77036bd0):  JavaThread "C2 CompilerThread0" daemon [_thread_in_native, id=18380, stack(0x0000008486600000,0x0000008486700000)]


Current CompileTask:
C2:  10289 15562       4       org.jetbrains.org.objectweb.asm.ClassReader::accept (1380 bytes)

Stack: [0x0000008486600000,0x0000008486700000]
Native frames: (J=compiled Java code, j=interpreted, Vv=VM code, C=native code)
V  [jvm.dll+0x683b4a]
V  [jvm.dll+0x842654]
V  [jvm.dll+0x843dfe]
V  [jvm.dll+0x844463]
V  [jvm.dll+0x249b75]
V  [jvm.dll+0xabcac]
V  [jvm.dll+0xac27c]
V  [jvm.dll+0x368857]
V  [jvm.dll+0x1bced2]
V  [jvm.dll+0x21c359]
V  [jvm.dll+0x21b621]
V  [jvm.dll+0x1a4fdd]
V  [jvm.dll+0x22b098]
V  [jvm.dll+0x229159]
V  [jvm.dll+0x7f809c]
V  [jvm.dll+0x7f25fa]
V  [jvm.dll+0x682985]
C  [ucrtbase.dll+0x29363]
C  [KERNEL32.DLL+0x126ad]
C  [ntdll.dll+0x5aa68]


---------------  P R O C E S S  ---------------

Threads class SMR info:
_java_thread_list=0x0000020f78dd5410, length=13, elements={
0x0000020f5ca8bf10, 0x0000020f77013260, 0x0000020f766f33a0, 0x0000020f770341e0,
0x0000020f77034b90, 0x0000020f77035540, 0x0000020f77035ef0, 0x0000020f77036bd0,
0x0000020f7703ab70, 0x0000020f7703b560, 0x0000020f771a2fb0, 0x0000020f771a5490,
0x0000020f7ad5eb10
}

Java Threads: ( => current thread )
  0x0000020f5ca8bf10 JavaThread "main" [_thread_in_Java, id=27652, stack(0x0000008485900000,0x0000008485a00000)]
  0x0000020f77013260 JavaThread "Reference Handler" daemon [_thread_blocked, id=17196, stack(0x0000008486000000,0x0000008486100000)]
  0x0000020f766f33a0 JavaThread "Finalizer" daemon [_thread_blocked, id=27448, stack(0x0000008486100000,0x0000008486200000)]
  0x0000020f770341e0 JavaThread "Signal Dispatcher" daemon [_thread_blocked, id=10944, stack(0x0000008486200000,0x0000008486300000)]
  0x0000020f77034b90 JavaThread "Attach Listener" daemon [_thread_blocked, id=19636, stack(0x0000008486300000,0x0000008486400000)]
  0x0000020f77035540 JavaThread "Service Thread" daemon [_thread_blocked, id=15220, stack(0x0000008486400000,0x0000008486500000)]
  0x0000020f77035ef0 JavaThread "Monitor Deflation Thread" daemon [_thread_blocked, id=10656, stack(0x0000008486500000,0x0000008486600000)]
=>0x0000020f77036bd0 JavaThread "C2 CompilerThread0" daemon [_thread_in_native, id=18380, stack(0x0000008486600000,0x0000008486700000)]
  0x0000020f7703ab70 JavaThread "C1 CompilerThread0" daemon [_thread_in_native, id=21712, stack(0x0000008486700000,0x0000008486800000)]
  0x0000020f7703b560 JavaThread "Sweeper thread" daemon [_thread_blocked, id=18872, stack(0x0000008486800000,0x0000008486900000)]
  0x0000020f771a2fb0 JavaThread "Notification Thread" daemon [_thread_blocked, id=14076, stack(0x0000008486900000,0x0000008486a00000)]
  0x0000020f771a5490 JavaThread "Common-Cleaner" daemon [_thread_blocked, id=25624, stack(0x0000008486b00000,0x0000008486c00000)]
  0x0000020f7ad5eb10 JavaThread "C2 CompilerThread1" daemon [_thread_in_native, id=21628, stack(0x0000008486c00000,0x0000008486d00000)]

Other Threads:
  0x0000020f7670d3e0 VMThread "VM Thread" [stack: 0x0000008485f00000,0x0000008486000000] [id=16744]
  0x0000020f5cafabc0 WatcherThread [stack: 0x0000008486a00000,0x0000008486b00000] [id=24104]
  0x0000020f5cae4040 GCTaskThread "GC Thread#0" [stack: 0x0000008485a00000,0x0000008485b00000] [id=13140]
  0x0000020f7787ad00 GCTaskThread "GC Thread#1" [stack: 0x0000008486d00000,0x0000008486e00000] [id=14688]
  0x0000020f7787c0d0 GCTaskThread "GC Thread#2" [stack: 0x0000008486e00000,0x0000008486f00000] [id=19268]
  0x0000020f7786ec50 GCTaskThread "GC Thread#3" [stack: 0x0000008486f00000,0x0000008487000000] [id=22544]
  0x0000020f7786f300 GCTaskThread "GC Thread#4" [stack: 0x0000008487000000,0x0000008487100000] [id=23620]
  0x0000020f78ad35c0 GCTaskThread "GC Thread#5" [stack: 0x0000008487100000,0x0000008487200000] [id=22216]
  0x0000020f78e59060 GCTaskThread "GC Thread#6" [stack: 0x0000008487200000,0x0000008487300000] [id=1584]
  0x0000020f78a86dd0 GCTaskThread "GC Thread#7" [stack: 0x0000008487300000,0x0000008487400000] [id=14408]
  0x0000020f78a875e0 GCTaskThread "GC Thread#8" [stack: 0x0000008487400000,0x0000008487500000] [id=7896]
  0x0000020f78a87080 GCTaskThread "GC Thread#9" [stack: 0x0000008487500000,0x0000008487600000] [id=28472]
  0x0000020f5caf3c20 ConcurrentGCThread "G1 Main Marker" [stack: 0x0000008485b00000,0x0000008485c00000] [id=10376]
  0x0000020f5caf4dd0 ConcurrentGCThread "G1 Conc#0" [stack: 0x0000008485c00000,0x0000008485d00000] [id=24324]
  0x0000020f78a86310 ConcurrentGCThread "G1 Conc#1" [stack: 0x0000008487600000,0x0000008487700000] [id=27060]
  0x0000020f78a865c0 ConcurrentGCThread "G1 Conc#2" [stack: 0x0000008487700000,0x0000008487800000] [id=26852]
  0x0000020f765584e0 ConcurrentGCThread "G1 Refine#0" [stack: 0x0000008485d00000,0x0000008485e00000] [id=28604]
  0x0000020f796aa900 ConcurrentGCThread "G1 Refine#1" [stack: 0x0000008487800000,0x0000008487900000] [id=5364]
  0x0000020f5cb4e540 ConcurrentGCThread "G1 Service" [stack: 0x0000008485e00000,0x0000008485f00000] [id=7136]

Threads with active compile tasks:
C2 CompilerThread0    10311 15562       4       org.jetbrains.org.objectweb.asm.ClassReader::accept (1380 bytes)
C2 CompilerThread1    10311 15784       4       org.jetbrains.kotlin.ir.descriptors.IrBasedDeclarationDescriptor::<init> (34 bytes)

VM state: not at safepoint (normal execution)

VM Mutex/Monitor currently owned by a thread: None

Heap address: 0x000000008a600000, size: 1882 MB, Compressed Oops mode: 32-bit

CDS archive(s) not mapped
Compressed class space mapped at: 0x0000000100000000-0x0000000140000000, reserved size: 1073741824
Narrow klass base: 0x0000000000000000, Narrow klass shift: 3, Narrow klass range: 0x140000000

GC Precious Log:
 CPUs: 12 total, 12 available
 Memory: 7521M
 Large Page Support: Disabled
 NUMA Support: Disabled
 Compressed Oops: Enabled (32-bit)
 Heap Region Size: 1M
 Heap Min Capacity: 8M
 Heap Initial Capacity: 118M
 Heap Max Capacity: 1882M
 Pre-touch: Disabled
 Parallel Workers: 10
 Concurrent Workers: 3
 Concurrent Refinement Workers: 10
 Periodic GC: Disabled

Heap:
 garbage-first heap   total 242688K, used 116373K [0x000000008a600000, 0x0000000100000000)
  region size 1024K, 17 young (17408K), 13 survivors (13312K)
 Metaspace       used 77498K, committed 77824K, reserved 1122304K
  class space    used 8573K, committed 8704K, reserved 1048576K

Heap Regions: E=young(eden), S=young(survivor), O=old, HS=humongous(starts), HC=humongous(continues), CS=collection set, F=free, OA=open archive, CA=closed archive, TAMS=top-at-mark-start (previous, next)
|   0|0x000000008a600000, 0x000000008a700000, 0x000000008a700000|100%|HS|  |TAMS 0x000000008a700000, 0x000000008a600000| Complete 
|   1|0x000000008a700000, 0x000000008a800000, 0x000000008a800000|100%|HC|  |TAMS 0x000000008a800000, 0x000000008a700000| Complete 
|   2|0x000000008a800000, 0x000000008a900000, 0x000000008a900000|100%|HC|  |TAMS 0x000000008a900000, 0x000000008a800000| Complete 
|   3|0x000000008a900000, 0x000000008aa00000, 0x000000008aa00000|100%|HC|  |TAMS 0x000000008aa00000, 0x000000008a900000| Complete 
|   4|0x000000008aa00000, 0x000000008ab00000, 0x000000008ab00000|100%| O|  |TAMS 0x000000008ab00000, 0x000000008aa00000| Untracked 
|   5|0x000000008ab00000, 0x000000008ac00000, 0x000000008ac00000|100%| O|  |TAMS 0x000000008ac00000, 0x000000008ab00000| Untracked 
|   6|0x000000008ac00000, 0x000000008ad00000, 0x000000008ad00000|100%| O|  |TAMS 0x000000008ad00000, 0x000000008ac00000| Untracked 
|   7|0x000000008ad00000, 0x000000008ae00000, 0x000000008ae00000|100%| O|  |TAMS 0x000000008ae00000, 0x000000008ad00000| Untracked 
|   8|0x000000008ae00000, 0x000000008af00000, 0x000000008af00000|100%|HS|  |TAMS 0x000000008af00000, 0x000000008ae00000| Complete 
|   9|0x000000008af00000, 0x000000008b000000, 0x000000008b000000|100%|HC|  |TAMS 0x000000008b000000, 0x000000008af00000| Complete 
|  10|0x000000008b000000, 0x000000008b100000, 0x000000008b100000|100%|HC|  |TAMS 0x000000008b100000, 0x000000008b000000| Complete 
|  11|0x000000008b100000, 0x000000008b200000, 0x000000008b200000|100%|HC|  |TAMS 0x000000008b200000, 0x000000008b100000| Complete 
|  12|0x000000008b200000, 0x000000008b300000, 0x000000008b300000|100%| O|  |TAMS 0x000000008b300000, 0x000000008b200000| Untracked 
|  13|0x000000008b300000, 0x000000008b400000, 0x000000008b400000|100%| O|  |TAMS 0x000000008b400000, 0x000000008b300000| Untracked 
|  14|0x000000008b400000, 0x000000008b500000, 0x000000008b500000|100%| O|  |TAMS 0x000000008b500000, 0x000000008b400000| Untracked 
|  15|0x000000008b500000, 0x000000008b600000, 0x000000008b600000|100%| O|  |TAMS 0x000000008b600000, 0x000000008b500000| Untracked 
|  16|0x000000008b600000, 0x000000008b700000, 0x000000008b700000|100%| O|  |TAMS 0x000000008b700000, 0x000000008b600000| Untracked 
|  17|0x000000008b700000, 0x000000008b800000, 0x000000008b800000|100%| O|  |TAMS 0x000000008b800000, 0x000000008b700000| Untracked 
|  18|0x000000008b800000, 0x000000008b900000, 0x000000008b900000|100%| O|  |TAMS 0x000000008b900000, 0x000000008b800000| Untracked 
|  19|0x000000008b900000, 0x000000008ba00000, 0x000000008ba00000|100%| O|  |TAMS 0x000000008ba00000, 0x000000008b900000| Untracked 
|  20|0x000000008ba00000, 0x000000008bb00000, 0x000000008bb00000|100%| O|  |TAMS 0x000000008bb00000, 0x000000008ba00000| Untracked 
|  21|0x000000008bb00000, 0x000000008bc00000, 0x000000008bc00000|100%| O|  |TAMS 0x000000008bc00000, 0x000000008bb00000| Untracked 
|  22|0x000000008bc00000, 0x000000008bd00000, 0x000000008bd00000|100%| O|  |TAMS 0x000000008bd00000, 0x000000008bc00000| Untracked 
|  23|0x000000008bd00000, 0x000000008be00000, 0x000000008be00000|100%| O|  |TAMS 0x000000008be00000, 0x000000008bd00000| Untracked 
|  24|0x000000008be00000, 0x000000008bf00000, 0x000000008bf00000|100%| O|  |TAMS 0x000000008bf00000, 0x000000008be00000| Untracked 
|  25|0x000000008bf00000, 0x000000008c000000, 0x000000008c000000|100%| O|  |TAMS 0x000000008c000000, 0x000000008bf00000| Untracked 
|  26|0x000000008c000000, 0x000000008c100000, 0x000000008c100000|100%| O|  |TAMS 0x000000008c100000, 0x000000008c000000| Untracked 
|  27|0x000000008c100000, 0x000000008c200000, 0x000000008c200000|100%| O|  |TAMS 0x000000008c200000, 0x000000008c100000| Untracked 
|  28|0x000000008c200000, 0x000000008c300000, 0x000000008c300000|100%|HS|  |TAMS 0x000000008c300000, 0x000000008c200000| Complete 
|  29|0x000000008c300000, 0x000000008c400000, 0x000000008c400000|100%|HC|  |TAMS 0x000000008c400000, 0x000000008c300000| Complete 
|  30|0x000000008c400000, 0x000000008c500000, 0x000000008c500000|100%| O|  |TAMS 0x000000008c500000, 0x000000008c400000| Untracked 
|  31|0x000000008c500000, 0x000000008c600000, 0x000000008c600000|100%| O|  |TAMS 0x000000008c600000, 0x000000008c500000| Untracked 
|  32|0x000000008c600000, 0x000000008c700000, 0x000000008c700000|100%| O|  |TAMS 0x000000008c700000, 0x000000008c600000| Untracked 
|  33|0x000000008c700000, 0x000000008c800000, 0x000000008c800000|100%| O|  |TAMS 0x000000008c800000, 0x000000008c700000| Untracked 
|  34|0x000000008c800000, 0x000000008c900000, 0x000000008c900000|100%| O|  |TAMS 0x000000008c900000, 0x000000008c800000| Untracked 
|  35|0x000000008c900000, 0x000000008ca00000, 0x000000008ca00000|100%| O|  |TAMS 0x000000008ca00000, 0x000000008c900000| Untracked 
|  36|0x000000008ca00000, 0x000000008cb00000, 0x000000008cb00000|100%| O|  |TAMS 0x000000008cb00000, 0x000000008ca00000| Untracked 
|  37|0x000000008cb00000, 0x000000008cc00000, 0x000000008cc00000|100%| O|  |TAMS 0x000000008cc00000, 0x000000008cb00000| Untracked 
|  38|0x000000008cc00000, 0x000000008cd00000, 0x000000008cd00000|100%| O|  |TAMS 0x000000008cc00000, 0x000000008cc00000| Untracked 
|  39|0x000000008cd00000, 0x000000008ce00000, 0x000000008ce00000|100%| O|  |TAMS 0x000000008ce00000, 0x000000008cd00000| Untracked 
|  40|0x000000008ce00000, 0x000000008cf00000, 0x000000008cf00000|100%| O|  |TAMS 0x000000008cf00000, 0x000000008ce00000| Untracked 
|  41|0x000000008cf00000, 0x000000008d000000, 0x000000008d000000|100%| O|  |TAMS 0x000000008d000000, 0x000000008cf00000| Untracked 
|  42|0x000000008d000000, 0x000000008d100000, 0x000000008d100000|100%| O|  |TAMS 0x000000008d100000, 0x000000008d000000| Untracked 
|  43|0x000000008d100000, 0x000000008d200000, 0x000000008d200000|100%| O|  |TAMS 0x000000008d200000, 0x000000008d100000| Untracked 
|  44|0x000000008d200000, 0x000000008d300000, 0x000000008d300000|100%| O|  |TAMS 0x000000008d300000, 0x000000008d200000| Untracked 
|  45|0x000000008d300000, 0x000000008d400000, 0x000000008d400000|100%| O|  |TAMS 0x000000008d400000, 0x000000008d300000| Untracked 
|  46|0x000000008d400000, 0x000000008d500000, 0x000000008d500000|100%| O|  |TAMS 0x000000008d500000, 0x000000008d400000| Untracked 
|  47|0x000000008d500000, 0x000000008d600000, 0x000000008d600000|100%| O|  |TAMS 0x000000008d600000, 0x000000008d500000| Untracked 
|  48|0x000000008d600000, 0x000000008d700000, 0x000000008d700000|100%| O|  |TAMS 0x000000008d700000, 0x000000008d600000| Untracked 
|  49|0x000000008d700000, 0x000000008d800000, 0x000000008d800000|100%| O|  |TAMS 0x000000008d800000, 0x000000008d700000| Untracked 
|  50|0x000000008d800000, 0x000000008d900000, 0x000000008d900000|100%| O|  |TAMS 0x000000008d900000, 0x000000008d800000| Untracked 
|  51|0x000000008d900000, 0x000000008da00000, 0x000000008da00000|100%| O|  |TAMS 0x000000008da00000, 0x000000008d900000| Untracked 
|  52|0x000000008da00000, 0x000000008db00000, 0x000000008db00000|100%| O|  |TAMS 0x000000008db00000, 0x000000008da00000| Untracked 
|  53|0x000000008db00000, 0x000000008dc00000, 0x000000008dc00000|100%| O|  |TAMS 0x000000008dc00000, 0x000000008db00000| Untracked 
|  54|0x000000008dc00000, 0x000000008dd00000, 0x000000008dd00000|100%| O|  |TAMS 0x000000008dd00000, 0x000000008dc00000| Untracked 
|  55|0x000000008dd00000, 0x000000008de00000, 0x000000008de00000|100%| O|  |TAMS 0x000000008de00000, 0x000000008dd00000| Untracked 
|  56|0x000000008de00000, 0x000000008df00000, 0x000000008df00000|100%| O|  |TAMS 0x000000008df00000, 0x000000008de00000| Untracked 
|  57|0x000000008df00000, 0x000000008e000000, 0x000000008e000000|100%| O|  |TAMS 0x000000008e000000, 0x000000008df00000| Untracked 
|  58|0x000000008e000000, 0x000000008e100000, 0x000000008e100000|100%| O|  |TAMS 0x000000008e100000, 0x000000008e000000| Untracked 
|  59|0x000000008e100000, 0x000000008e200000, 0x000000008e200000|100%| O|  |TAMS 0x000000008e200000, 0x000000008e100000| Untracked 
|  60|0x000000008e200000, 0x000000008e300000, 0x000000008e300000|100%| O|  |TAMS 0x000000008e300000, 0x000000008e200000| Untracked 
|  61|0x000000008e300000, 0x000000008e400000, 0x000000008e400000|100%| O|  |TAMS 0x000000008e400000, 0x000000008e300000| Untracked 
|  62|0x000000008e400000, 0x000000008e500000, 0x000000008e500000|100%| O|  |TAMS 0x000000008e4c1a00, 0x000000008e400000| Untracked 
|  63|0x000000008e500000, 0x000000008e600000, 0x000000008e600000|100%| O|  |TAMS 0x000000008e500000, 0x000000008e500000| Untracked 
|  64|0x000000008e600000, 0x000000008e700000, 0x000000008e700000|100%|HS|  |TAMS 0x000000008e600000, 0x000000008e600000| Complete 
|  65|0x000000008e700000, 0x000000008e800000, 0x000000008e800000|100%|HC|  |TAMS 0x000000008e700000, 0x000000008e700000| Complete 
|  66|0x000000008e800000, 0x000000008e900000, 0x000000008e900000|100%| O|  |TAMS 0x000000008e800000, 0x000000008e800000| Untracked 
|  67|0x000000008e900000, 0x000000008ea00000, 0x000000008ea00000|100%| O|  |TAMS 0x000000008e900000, 0x000000008e900000| Untracked 
|  68|0x000000008ea00000, 0x000000008eb00000, 0x000000008eb00000|100%| O|  |TAMS 0x000000008ea00000, 0x000000008ea00000| Untracked 
|  69|0x000000008eb00000, 0x000000008ec00000, 0x000000008ec00000|100%| O|  |TAMS 0x000000008eb00000, 0x000000008eb00000| Untracked 
|  70|0x000000008ec00000, 0x000000008ed00000, 0x000000008ed00000|100%| O|  |TAMS 0x000000008ec00000, 0x000000008ec00000| Untracked 
|  71|0x000000008ed00000, 0x000000008ee00000, 0x000000008ee00000|100%| O|  |TAMS 0x000000008ed00000, 0x000000008ed00000| Untracked 
|  72|0x000000008ee00000, 0x000000008ef00000, 0x000000008ef00000|100%| O|  |TAMS 0x000000008ee00000, 0x000000008ee00000| Untracked 
|  73|0x000000008ef00000, 0x000000008f000000, 0x000000008f000000|100%| O|  |TAMS 0x000000008ef00000, 0x000000008ef00000| Untracked 
|  74|0x000000008f000000, 0x000000008f100000, 0x000000008f100000|100%| O|  |TAMS 0x000000008f000000, 0x000000008f000000| Untracked 
|  75|0x000000008f100000, 0x000000008f200000, 0x000000008f200000|100%| O|  |TAMS 0x000000008f100000, 0x000000008f100000| Untracked 
|  76|0x000000008f200000, 0x000000008f300000, 0x000000008f300000|100%| O|  |TAMS 0x000000008f200000, 0x000000008f200000| Untracked 
|  77|0x000000008f300000, 0x000000008f400000, 0x000000008f400000|100%| O|  |TAMS 0x000000008f300000, 0x000000008f300000| Untracked 
|  78|0x000000008f400000, 0x000000008f500000, 0x000000008f500000|100%| O|  |TAMS 0x000000008f400000, 0x000000008f400000| Untracked 
|  79|0x000000008f500000, 0x000000008f600000, 0x000000008f600000|100%| O|  |TAMS 0x000000008f500000, 0x000000008f500000| Untracked 
|  80|0x000000008f600000, 0x000000008f700000, 0x000000008f700000|100%| O|  |TAMS 0x000000008f600000, 0x000000008f600000| Untracked 
|  81|0x000000008f700000, 0x000000008f800000, 0x000000008f800000|100%| O|  |TAMS 0x000000008f700000, 0x000000008f700000| Untracked 
|  82|0x000000008f800000, 0x000000008f900000, 0x000000008f900000|100%| O|  |TAMS 0x000000008f800000, 0x000000008f800000| Untracked 
|  83|0x000000008f900000, 0x000000008fa00000, 0x000000008fa00000|100%| O|  |TAMS 0x000000008f900000, 0x000000008f900000| Untracked 
|  84|0x000000008fa00000, 0x000000008fb00000, 0x000000008fb00000|100%| O|  |TAMS 0x000000008fa00000, 0x000000008fa00000| Untracked 
|  85|0x000000008fb00000, 0x000000008fc00000, 0x000000008fc00000|100%| O|  |TAMS 0x000000008fb00000, 0x000000008fb00000| Untracked 
|  86|0x000000008fc00000, 0x000000008fd00000, 0x000000008fd00000|100%| O|  |TAMS 0x000000008fc00000, 0x000000008fc00000| Untracked 
|  87|0x000000008fd00000, 0x000000008fe00000, 0x000000008fe00000|100%| O|  |TAMS 0x000000008fd00000, 0x000000008fd00000| Untracked 
|  88|0x000000008fe00000, 0x000000008ff00000, 0x000000008ff00000|100%| O|  |TAMS 0x000000008fe00000, 0x000000008fe00000| Untracked 
|  89|0x000000008ff00000, 0x0000000090000000, 0x0000000090000000|100%| O|  |TAMS 0x000000008ff00000, 0x000000008ff00000| Untracked 
|  90|0x0000000090000000, 0x0000000090100000, 0x0000000090100000|100%| O|  |TAMS 0x0000000090000000, 0x0000000090000000| Untracked 
|  91|0x0000000090100000, 0x0000000090200000, 0x0000000090200000|100%| O|  |TAMS 0x0000000090100000, 0x0000000090100000| Untracked 
|  92|0x0000000090200000, 0x0000000090300000, 0x0000000090300000|100%| O|  |TAMS 0x0000000090200000, 0x0000000090200000| Untracked 
|  93|0x0000000090300000, 0x0000000090400000, 0x0000000090400000|100%| O|  |TAMS 0x0000000090300000, 0x0000000090300000| Untracked 
|  94|0x0000000090400000, 0x0000000090500000, 0x0000000090500000|100%| O|  |TAMS 0x0000000090400000, 0x0000000090400000| Untracked 
|  95|0x0000000090500000, 0x0000000090600000, 0x0000000090600000|100%| O|  |TAMS 0x0000000090500000, 0x0000000090500000| Untracked 
|  96|0x0000000090600000, 0x0000000090700000, 0x0000000090700000|100%| O|  |TAMS 0x0000000090600000, 0x0000000090600000| Untracked 
|  97|0x0000000090700000, 0x00000000907a5400, 0x0000000090800000| 64%| O|  |TAMS 0x0000000090700000, 0x0000000090700000| Untracked 
|  98|0x0000000090800000, 0x0000000090800000, 0x0000000090900000|  0%| F|  |TAMS 0x0000000090800000, 0x0000000090800000| Untracked 
|  99|0x0000000090900000, 0x0000000090900000, 0x0000000090a00000|  0%| F|  |TAMS 0x0000000090900000, 0x0000000090900000| Untracked 
| 100|0x0000000090a00000, 0x0000000090a00000, 0x0000000090b00000|  0%| F|  |TAMS 0x0000000090a00000, 0x0000000090a00000| Untracked 
| 101|0x0000000090b00000, 0x0000000090b00000, 0x0000000090c00000|  0%| F|  |TAMS 0x0000000090b00000, 0x0000000090b00000| Untracked 
| 102|0x0000000090c00000, 0x0000000090c00000, 0x0000000090d00000|  0%| F|  |TAMS 0x0000000090c00000, 0x0000000090c00000| Untracked 
| 103|0x0000000090d00000, 0x0000000090d00000, 0x0000000090e00000|  0%| F|  |TAMS 0x0000000090d00000, 0x0000000090d00000| Untracked 
| 104|0x0000000090e00000, 0x0000000090e00000, 0x0000000090f00000|  0%| F|  |TAMS 0x0000000090e00000, 0x0000000090e00000| Untracked 
| 105|0x0000000090f00000, 0x0000000090f00000, 0x0000000091000000|  0%| F|  |TAMS 0x0000000090f00000, 0x0000000090f00000| Untracked 
| 106|0x0000000091000000, 0x0000000091000000, 0x0000000091100000|  0%| F|  |TAMS 0x0000000091000000, 0x0000000091000000| Untracked 
| 107|0x0000000091100000, 0x0000000091100000, 0x0000000091200000|  0%| F|  |TAMS 0x0000000091100000, 0x0000000091100000| Untracked 
| 108|0x0000000091200000, 0x0000000091200000, 0x0000000091300000|  0%| F|  |TAMS 0x0000000091200000, 0x0000000091200000| Untracked 
| 109|0x0000000091300000, 0x0000000091300000, 0x0000000091400000|  0%| F|  |TAMS 0x0000000091300000, 0x0000000091300000| Untracked 
| 110|0x0000000091400000, 0x0000000091400000, 0x0000000091500000|  0%| F|  |TAMS 0x0000000091400000, 0x0000000091400000| Untracked 
| 111|0x0000000091500000, 0x0000000091500000, 0x0000000091600000|  0%| F|  |TAMS 0x0000000091500000, 0x0000000091500000| Untracked 
| 112|0x0000000091600000, 0x0000000091600000, 0x0000000091700000|  0%| F|  |TAMS 0x0000000091600000, 0x0000000091600000| Untracked 
| 113|0x0000000091700000, 0x0000000091700000, 0x0000000091800000|  0%| F|  |TAMS 0x0000000091700000, 0x0000000091700000| Untracked 
| 114|0x0000000091800000, 0x0000000091800000, 0x0000000091900000|  0%| F|  |TAMS 0x0000000091800000, 0x0000000091800000| Untracked 
| 115|0x0000000091900000, 0x0000000091900000, 0x0000000091a00000|  0%| F|  |TAMS 0x0000000091900000, 0x0000000091900000| Untracked 
| 116|0x0000000091a00000, 0x0000000091a00000, 0x0000000091b00000|  0%| F|  |TAMS 0x0000000091a00000, 0x0000000091a00000| Untracked 
| 117|0x0000000091b00000, 0x0000000091b00000, 0x0000000091c00000|  0%| F|  |TAMS 0x0000000091b00000, 0x0000000091b00000| Untracked 
| 118|0x0000000091c00000, 0x0000000091c00000, 0x0000000091d00000|  0%| F|  |TAMS 0x0000000091c00000, 0x0000000091c00000| Untracked 
| 119|0x0000000091d00000, 0x0000000091d00000, 0x0000000091e00000|  0%| F|  |TAMS 0x0000000091d00000, 0x0000000091d00000| Untracked 
| 120|0x0000000091e00000, 0x0000000091e00000, 0x0000000091f00000|  0%| F|  |TAMS 0x0000000091e00000, 0x0000000091e00000| Untracked 
| 121|0x0000000091f00000, 0x0000000091f00000, 0x0000000092000000|  0%| F|  |TAMS 0x0000000091f00000, 0x0000000091f00000| Untracked 
| 122|0x0000000092000000, 0x0000000092000000, 0x0000000092100000|  0%| F|  |TAMS 0x0000000092000000, 0x0000000092000000| Untracked 
| 123|0x0000000092100000, 0x0000000092100000, 0x0000000092200000|  0%| F|  |TAMS 0x0000000092100000, 0x0000000092100000| Untracked 
| 124|0x0000000092200000, 0x0000000092200000, 0x0000000092300000|  0%| F|  |TAMS 0x0000000092200000, 0x0000000092200000| Untracked 
| 125|0x0000000092300000, 0x0000000092300000, 0x0000000092400000|  0%| F|  |TAMS 0x0000000092300000, 0x0000000092300000| Untracked 
| 126|0x0000000092400000, 0x0000000092400000, 0x0000000092500000|  0%| F|  |TAMS 0x0000000092400000, 0x0000000092400000| Untracked 
| 127|0x0000000092500000, 0x0000000092500000, 0x0000000092600000|  0%| F|  |TAMS 0x0000000092500000, 0x0000000092500000| Untracked 
| 128|0x0000000092600000, 0x0000000092600000, 0x0000000092700000|  0%| F|  |TAMS 0x0000000092600000, 0x0000000092600000| Untracked 
| 129|0x0000000092700000, 0x0000000092700000, 0x0000000092800000|  0%| F|  |TAMS 0x0000000092700000, 0x0000000092700000| Untracked 
| 130|0x0000000092800000, 0x0000000092800000, 0x0000000092900000|  0%| F|  |TAMS 0x0000000092800000, 0x0000000092800000| Untracked 
| 131|0x0000000092900000, 0x0000000092900000, 0x0000000092a00000|  0%| F|  |TAMS 0x0000000092900000, 0x0000000092900000| Untracked 
| 132|0x0000000092a00000, 0x0000000092a00000, 0x0000000092b00000|  0%| F|  |TAMS 0x0000000092a00000, 0x0000000092a00000| Untracked 
| 133|0x0000000092b00000, 0x0000000092b00000, 0x0000000092c00000|  0%| F|  |TAMS 0x0000000092b00000, 0x0000000092b00000| Untracked 
| 134|0x0000000092c00000, 0x0000000092c00000, 0x0000000092d00000|  0%| F|  |TAMS 0x0000000092c00000, 0x0000000092c00000| Untracked 
| 135|0x0000000092d00000, 0x0000000092d00000, 0x0000000092e00000|  0%| F|  |TAMS 0x0000000092d00000, 0x0000000092d00000| Untracked 
| 136|0x0000000092e00000, 0x0000000092e00000, 0x0000000092f00000|  0%| F|  |TAMS 0x0000000092e00000, 0x0000000092e00000| Untracked 
| 137|0x0000000092f00000, 0x0000000093000000, 0x0000000093000000|100%| S|CS|TAMS 0x0000000092f00000, 0x0000000092f00000| Complete 
| 138|0x0000000093000000, 0x0000000093100000, 0x0000000093100000|100%| S|CS|TAMS 0x0000000093000000, 0x0000000093000000| Complete 
| 139|0x0000000093100000, 0x0000000093200000, 0x0000000093200000|100%| S|CS|TAMS 0x0000000093100000, 0x0000000093100000| Complete 
| 140|0x0000000093200000, 0x0000000093300000, 0x0000000093300000|100%| S|CS|TAMS 0x0000000093200000, 0x0000000093200000| Complete 
| 141|0x0000000093300000, 0x0000000093400000, 0x0000000093400000|100%| S|CS|TAMS 0x0000000093300000, 0x0000000093300000| Complete 
| 142|0x0000000093400000, 0x0000000093500000, 0x0000000093500000|100%| S|CS|TAMS 0x0000000093400000, 0x0000000093400000| Complete 
| 143|0x0000000093500000, 0x0000000093500000, 0x0000000093600000|  0%| F|  |TAMS 0x0000000093500000, 0x0000000093500000| Untracked 
| 144|0x0000000093600000, 0x0000000093700000, 0x0000000093700000|100%| S|CS|TAMS 0x0000000093600000, 0x0000000093600000| Complete 
| 145|0x0000000093700000, 0x0000000093800000, 0x0000000093800000|100%| S|CS|TAMS 0x0000000093700000, 0x0000000093700000| Complete 
| 146|0x0000000093800000, 0x0000000093900000, 0x0000000093900000|100%| S|CS|TAMS 0x0000000093800000, 0x0000000093800000| Complete 
| 147|0x0000000093900000, 0x0000000093a00000, 0x0000000093a00000|100%| S|CS|TAMS 0x0000000093900000, 0x0000000093900000| Complete 
| 148|0x0000000093a00000, 0x0000000093b00000, 0x0000000093b00000|100%| S|CS|TAMS 0x0000000093a00000, 0x0000000093a00000| Complete 
| 149|0x0000000093b00000, 0x0000000093c00000, 0x0000000093c00000|100%| S|CS|TAMS 0x0000000093b00000, 0x0000000093b00000| Complete 
| 150|0x0000000093c00000, 0x0000000093d00000, 0x0000000093d00000|100%| S|CS|TAMS 0x0000000093c00000, 0x0000000093c00000| Complete 
| 151|0x0000000093d00000, 0x0000000093d00000, 0x0000000093e00000|  0%| F|  |TAMS 0x0000000093d00000, 0x0000000093d00000| Untracked 
| 152|0x0000000093e00000, 0x0000000093e00000, 0x0000000093f00000|  0%| F|  |TAMS 0x0000000093e00000, 0x0000000093e00000| Untracked 
| 153|0x0000000093f00000, 0x0000000093f00000, 0x0000000094000000|  0%| F|  |TAMS 0x0000000093f00000, 0x0000000093f00000| Untracked 
| 154|0x0000000094000000, 0x0000000094000000, 0x0000000094100000|  0%| F|  |TAMS 0x0000000094000000, 0x0000000094000000| Untracked 
| 155|0x0000000094100000, 0x0000000094100000, 0x0000000094200000|  0%| F|  |TAMS 0x0000000094100000, 0x0000000094100000| Untracked 
| 156|0x0000000094200000, 0x0000000094200000, 0x0000000094300000|  0%| F|  |TAMS 0x0000000094200000, 0x0000000094200000| Untracked 
| 157|0x0000000094300000, 0x0000000094300000, 0x0000000094400000|  0%| F|  |TAMS 0x0000000094300000, 0x0000000094300000| Untracked 
| 158|0x0000000094400000, 0x0000000094400000, 0x0000000094500000|  0%| F|  |TAMS 0x0000000094400000, 0x0000000094400000| Untracked 
| 159|0x0000000094500000, 0x0000000094500000, 0x0000000094600000|  0%| F|  |TAMS 0x0000000094500000, 0x0000000094500000| Untracked 
| 160|0x0000000094600000, 0x0000000094600000, 0x0000000094700000|  0%| F|  |TAMS 0x0000000094600000, 0x0000000094600000| Untracked 
| 161|0x0000000094700000, 0x0000000094700000, 0x0000000094800000|  0%| F|  |TAMS 0x0000000094700000, 0x0000000094700000| Untracked 
| 162|0x0000000094800000, 0x0000000094800000, 0x0000000094900000|  0%| F|  |TAMS 0x0000000094800000, 0x0000000094800000| Untracked 
| 163|0x0000000094900000, 0x0000000094900000, 0x0000000094a00000|  0%| F|  |TAMS 0x0000000094900000, 0x0000000094900000| Untracked 
| 164|0x0000000094a00000, 0x0000000094a00000, 0x0000000094b00000|  0%| F|  |TAMS 0x0000000094a00000, 0x0000000094a00000| Untracked 
| 165|0x0000000094b00000, 0x0000000094b00000, 0x0000000094c00000|  0%| F|  |TAMS 0x0000000094b00000, 0x0000000094b00000| Untracked 
| 166|0x0000000094c00000, 0x0000000094c00000, 0x0000000094d00000|  0%| F|  |TAMS 0x0000000094c00000, 0x0000000094c00000| Untracked 
| 167|0x0000000094d00000, 0x0000000094d00000, 0x0000000094e00000|  0%| F|  |TAMS 0x0000000094d00000, 0x0000000094d00000| Untracked 
| 168|0x0000000094e00000, 0x0000000094e00000, 0x0000000094f00000|  0%| F|  |TAMS 0x0000000094e00000, 0x0000000094e00000| Untracked 
| 169|0x0000000094f00000, 0x0000000094f00000, 0x0000000095000000|  0%| F|  |TAMS 0x0000000094f00000, 0x0000000094f00000| Untracked 
| 170|0x0000000095000000, 0x0000000095000000, 0x0000000095100000|  0%| F|  |TAMS 0x0000000095000000, 0x0000000095000000| Untracked 
| 171|0x0000000095100000, 0x0000000095100000, 0x0000000095200000|  0%| F|  |TAMS 0x0000000095100000, 0x0000000095100000| Untracked 
| 172|0x0000000095200000, 0x0000000095200000, 0x0000000095300000|  0%| F|  |TAMS 0x0000000095200000, 0x0000000095200000| Untracked 
| 173|0x0000000095300000, 0x0000000095300000, 0x0000000095400000|  0%| F|  |TAMS 0x0000000095300000, 0x0000000095300000| Untracked 
| 174|0x0000000095400000, 0x0000000095400000, 0x0000000095500000|  0%| F|  |TAMS 0x0000000095400000, 0x0000000095400000| Untracked 
| 175|0x0000000095500000, 0x0000000095500000, 0x0000000095600000|  0%| F|  |TAMS 0x0000000095500000, 0x0000000095500000| Untracked 
| 176|0x0000000095600000, 0x0000000095600000, 0x0000000095700000|  0%| F|  |TAMS 0x0000000095600000, 0x0000000095600000| Untracked 
| 177|0x0000000095700000, 0x0000000095700000, 0x0000000095800000|  0%| F|  |TAMS 0x0000000095700000, 0x0000000095700000| Untracked 
| 178|0x0000000095800000, 0x0000000095800000, 0x0000000095900000|  0%| F|  |TAMS 0x0000000095800000, 0x0000000095800000| Untracked 
| 179|0x0000000095900000, 0x0000000095900000, 0x0000000095a00000|  0%| F|  |TAMS 0x0000000095900000, 0x0000000095900000| Untracked 
| 180|0x0000000095a00000, 0x0000000095a00000, 0x0000000095b00000|  0%| F|  |TAMS 0x0000000095a00000, 0x0000000095a00000| Untracked 
| 181|0x0000000095b00000, 0x0000000095b00000, 0x0000000095c00000|  0%| F|  |TAMS 0x0000000095b00000, 0x0000000095b00000| Untracked 
| 182|0x0000000095c00000, 0x0000000095c00000, 0x0000000095d00000|  0%| F|  |TAMS 0x0000000095c00000, 0x0000000095c00000| Untracked 
| 183|0x0000000095d00000, 0x0000000095d00000, 0x0000000095e00000|  0%| F|  |TAMS 0x0000000095d00000, 0x0000000095d00000| Untracked 
| 184|0x0000000095e00000, 0x0000000095e00000, 0x0000000095f00000|  0%| F|  |TAMS 0x0000000095e00000, 0x0000000095e00000| Untracked 
| 185|0x0000000095f00000, 0x0000000095f00000, 0x0000000096000000|  0%| F|  |TAMS 0x0000000095f00000, 0x0000000095f00000| Untracked 
| 186|0x0000000096000000, 0x0000000096000000, 0x0000000096100000|  0%| F|  |TAMS 0x0000000096000000, 0x0000000096000000| Untracked 
| 187|0x0000000096100000, 0x0000000096100000, 0x0000000096200000|  0%| F|  |TAMS 0x0000000096100000, 0x0000000096100000| Untracked 
| 188|0x0000000096200000, 0x0000000096200000, 0x0000000096300000|  0%| F|  |TAMS 0x0000000096200000, 0x0000000096200000| Untracked 
| 189|0x0000000096300000, 0x0000000096300000, 0x0000000096400000|  0%| F|  |TAMS 0x0000000096300000, 0x0000000096300000| Untracked 
| 190|0x0000000096400000, 0x0000000096400000, 0x0000000096500000|  0%| F|  |TAMS 0x0000000096400000, 0x0000000096400000| Untracked 
| 191|0x0000000096500000, 0x0000000096500000, 0x0000000096600000|  0%| F|  |TAMS 0x0000000096500000, 0x0000000096500000| Untracked 
| 192|0x0000000096600000, 0x0000000096600000, 0x0000000096700000|  0%| F|  |TAMS 0x0000000096600000, 0x0000000096600000| Untracked 
| 193|0x0000000096700000, 0x0000000096700000, 0x0000000096800000|  0%| F|  |TAMS 0x0000000096700000, 0x0000000096700000| Untracked 
| 194|0x0000000096800000, 0x0000000096800000, 0x0000000096900000|  0%| F|  |TAMS 0x0000000096800000, 0x0000000096800000| Untracked 
| 195|0x0000000096900000, 0x0000000096900000, 0x0000000096a00000|  0%| F|  |TAMS 0x0000000096900000, 0x0000000096900000| Untracked 
| 196|0x0000000096a00000, 0x0000000096a00000, 0x0000000096b00000|  0%| F|  |TAMS 0x0000000096a00000, 0x0000000096a00000| Untracked 
| 197|0x0000000096b00000, 0x0000000096b00000, 0x0000000096c00000|  0%| F|  |TAMS 0x0000000096b00000, 0x0000000096b00000| Untracked 
| 198|0x0000000096c00000, 0x0000000096c00000, 0x0000000096d00000|  0%| F|  |TAMS 0x0000000096c00000, 0x0000000096c00000| Untracked 
| 199|0x0000000096d00000, 0x0000000096d00000, 0x0000000096e00000|  0%| F|  |TAMS 0x0000000096d00000, 0x0000000096d00000| Untracked 
| 200|0x0000000096e00000, 0x0000000096e00000, 0x0000000096f00000|  0%| F|  |TAMS 0x0000000096e00000, 0x0000000096e00000| Untracked 
| 201|0x0000000096f00000, 0x0000000096f00000, 0x0000000097000000|  0%| F|  |TAMS 0x0000000096f00000, 0x0000000096f00000| Untracked 
| 202|0x0000000097000000, 0x0000000097000000, 0x0000000097100000|  0%| F|  |TAMS 0x0000000097000000, 0x0000000097000000| Untracked 
| 203|0x0000000097100000, 0x0000000097100000, 0x0000000097200000|  0%| F|  |TAMS 0x0000000097100000, 0x0000000097100000| Untracked 
| 204|0x0000000097200000, 0x0000000097200000, 0x0000000097300000|  0%| F|  |TAMS 0x0000000097200000, 0x0000000097200000| Untracked 
| 205|0x0000000097300000, 0x0000000097300000, 0x0000000097400000|  0%| F|  |TAMS 0x0000000097300000, 0x0000000097300000| Untracked 
| 206|0x0000000097400000, 0x0000000097400000, 0x0000000097500000|  0%| F|  |TAMS 0x0000000097400000, 0x0000000097400000| Untracked 
| 207|0x0000000097500000, 0x0000000097500000, 0x0000000097600000|  0%| F|  |TAMS 0x0000000097500000, 0x0000000097500000| Untracked 
| 208|0x0000000097600000, 0x0000000097600000, 0x0000000097700000|  0%| F|  |TAMS 0x0000000097600000, 0x0000000097600000| Untracked 
| 209|0x0000000097700000, 0x0000000097700000, 0x0000000097800000|  0%| F|  |TAMS 0x0000000097700000, 0x0000000097700000| Untracked 
| 210|0x0000000097800000, 0x0000000097800000, 0x0000000097900000|  0%| F|  |TAMS 0x0000000097800000, 0x0000000097800000| Untracked 
| 211|0x0000000097900000, 0x0000000097900000, 0x0000000097a00000|  0%| F|  |TAMS 0x0000000097900000, 0x0000000097900000| Untracked 
| 212|0x0000000097a00000, 0x0000000097a00000, 0x0000000097b00000|  0%| F|  |TAMS 0x0000000097a00000, 0x0000000097a00000| Untracked 
| 213|0x0000000097b00000, 0x0000000097b00000, 0x0000000097c00000|  0%| F|  |TAMS 0x0000000097b00000, 0x0000000097b00000| Untracked 
| 214|0x0000000097c00000, 0x0000000097c00000, 0x0000000097d00000|  0%| F|  |TAMS 0x0000000097c00000, 0x0000000097c00000| Untracked 
| 215|0x0000000097d00000, 0x0000000097d00000, 0x0000000097e00000|  0%| F|  |TAMS 0x0000000097d00000, 0x0000000097d00000| Untracked 
| 216|0x0000000097e00000, 0x0000000097e00000, 0x0000000097f00000|  0%| F|  |TAMS 0x0000000097e00000, 0x0000000097e00000| Untracked 
| 217|0x0000000097f00000, 0x0000000097f00000, 0x0000000098000000|  0%| F|  |TAMS 0x0000000097f00000, 0x0000000097f00000| Untracked 
| 218|0x0000000098000000, 0x0000000098000000, 0x0000000098100000|  0%| F|  |TAMS 0x0000000098000000, 0x0000000098000000| Untracked 
| 219|0x0000000098100000, 0x0000000098100000, 0x0000000098200000|  0%| F|  |TAMS 0x0000000098100000, 0x0000000098100000| Untracked 
| 220|0x0000000098200000, 0x0000000098200000, 0x0000000098300000|  0%| F|  |TAMS 0x0000000098200000, 0x0000000098200000| Untracked 
| 221|0x0000000098300000, 0x0000000098300000, 0x0000000098400000|  0%| F|  |TAMS 0x0000000098300000, 0x0000000098300000| Untracked 
| 222|0x0000000098400000, 0x0000000098400000, 0x0000000098500000|  0%| F|  |TAMS 0x0000000098400000, 0x0000000098400000| Untracked 
| 223|0x0000000098500000, 0x0000000098500000, 0x0000000098600000|  0%| F|  |TAMS 0x0000000098500000, 0x0000000098500000| Untracked 
| 224|0x0000000098600000, 0x0000000098600000, 0x0000000098700000|  0%| F|  |TAMS 0x0000000098600000, 0x0000000098600000| Untracked 
| 225|0x0000000098700000, 0x0000000098700000, 0x0000000098800000|  0%| F|  |TAMS 0x0000000098700000, 0x0000000098700000| Untracked 
| 226|0x0000000098800000, 0x0000000098800000, 0x0000000098900000|  0%| F|  |TAMS 0x0000000098800000, 0x0000000098800000| Untracked 
| 227|0x0000000098900000, 0x0000000098900000, 0x0000000098a00000|  0%| F|  |TAMS 0x0000000098900000, 0x0000000098900000| Untracked 
| 228|0x0000000098a00000, 0x0000000098a00000, 0x0000000098b00000|  0%| F|  |TAMS 0x0000000098a00000, 0x0000000098a00000| Untracked 
| 229|0x0000000098b00000, 0x0000000098b00000, 0x0000000098c00000|  0%| F|  |TAMS 0x0000000098b00000, 0x0000000098b00000| Untracked 
| 230|0x0000000098c00000, 0x0000000098c00000, 0x0000000098d00000|  0%| F|  |TAMS 0x0000000098c00000, 0x0000000098c00000| Untracked 
| 231|0x0000000098d00000, 0x0000000098d00000, 0x0000000098e00000|  0%| F|  |TAMS 0x0000000098d00000, 0x0000000098d00000| Untracked 
| 232|0x0000000098e00000, 0x0000000098e00000, 0x0000000098f00000|  0%| F|  |TAMS 0x0000000098e00000, 0x0000000098e00000| Untracked 
| 233|0x0000000098f00000, 0x0000000099000000, 0x0000000099000000|100%| E|  |TAMS 0x0000000098f00000, 0x0000000098f00000| Complete 
| 234|0x0000000099000000, 0x0000000099100000, 0x0000000099100000|100%| E|CS|TAMS 0x0000000099000000, 0x0000000099000000| Complete 
| 242|0x0000000099800000, 0x0000000099900000, 0x0000000099900000|100%| E|CS|TAMS 0x0000000099800000, 0x0000000099800000| Complete 
| 243|0x0000000099900000, 0x0000000099a00000, 0x0000000099a00000|100%| E|CS|TAMS 0x0000000099900000, 0x0000000099900000| Complete 

Card table byte_map: [0x0000020f6f850000,0x0000020f6fc00000] _byte_map_base: 0x0000020f6f3fd000

Marking Bits (Prev, Next): (CMBitMap*) 0x0000020f5cae4650, (CMBitMap*) 0x0000020f5cae4690
 Prev Bits: [0x0000020f6ffb0000, 0x0000020f71d18000)
 Next Bits: [0x0000020f71d20000, 0x0000020f73a88000)

Polling page: 0x0000020f5a9b0000

Metaspace:

Usage:
  Non-class:     67.32 MB used.
      Class:      8.37 MB used.
       Both:     75.69 MB used.

Virtual space:
  Non-class space:       72.00 MB reserved,      67.50 MB ( 94%) committed,  9 nodes.
      Class space:        1.00 GB reserved,       8.50 MB ( <1%) committed,  1 nodes.
             Both:        1.07 GB reserved,      76.00 MB (  7%) committed. 

Chunk freelists:
   Non-Class:  544.00 KB
       Class:  3.45 MB
        Both:  3.98 MB

MaxMetaspaceSize: unlimited
CompressedClassSpaceSize: 1.00 GB
Initial GC threshold: 21.00 MB
Current GC threshold: 107.19 MB
CDS: off
MetaspaceReclaimPolicy: balanced
 - commit_granule_bytes: 65536.
 - commit_granule_words: 8192.
 - virtual_space_node_default_size: 1048576.
 - enlarge_chunks_in_place: 1.
 - new_chunks_are_fully_committed: 0.
 - uncommit_free_chunks: 1.
 - use_allocation_guard: 0.
 - handle_deallocations: 1.


Internal statistics:

num_allocs_failed_limit: 6.
num_arena_births: 402.
num_arena_deaths: 0.
num_vsnodes_births: 10.
num_vsnodes_deaths: 0.
num_space_committed: 1214.
num_space_uncommitted: 0.
num_chunks_returned_to_freelist: 6.
num_chunks_taken_from_freelist: 2977.
num_chunk_merges: 6.
num_chunk_splits: 2299.
num_chunks_enlarged: 1933.
num_purges: 0.
num_inconsistent_stats: 0.

CodeHeap 'non-profiled nmethods': size=120000Kb used=6794Kb max_used=6794Kb free=113205Kb
 bounds [0x0000020f67a20000, 0x0000020f680d0000, 0x0000020f6ef50000]
CodeHeap 'profiled nmethods': size=120000Kb used=35884Kb max_used=35884Kb free=84115Kb
 bounds [0x0000020f5ff50000, 0x0000020f62260000, 0x0000020f67480000]
CodeHeap 'non-nmethods': size=5760Kb used=1394Kb max_used=1459Kb free=4365Kb
 bounds [0x0000020f67480000, 0x0000020f676f0000, 0x0000020f67a20000]
 total_blobs=13877 nmethods=13154 adapters=631
 compilation: enabled
              stopped_count=0, restarted_count=0
 full_count=0

Compilation events (20 events):
Event: 10.286 Thread 0x0000020f7703ab70 15898       2       org.jetbrains.kotlin.ir.declarations.lazy.IrLazyFunction::getBody (19 bytes)
Event: 10.286 Thread 0x0000020f7703ab70 nmethod 15898 0x0000020f62241e90 code [0x0000020f62242040, 0x0000020f622421c8]
Event: 10.286 Thread 0x0000020f7703ab70 15900       2       org.jetbrains.kotlin.ir.util.DeclarationParentsVisitor::visitConstructor (13 bytes)
Event: 10.286 Thread 0x0000020f7703ab70 nmethod 15900 0x0000020f62242290 code [0x0000020f62242480, 0x0000020f62242788]
Event: 10.286 Thread 0x0000020f7703ab70 15901       2       org.jetbrains.kotlin.ir.util.DeclarationParentsVisitor::visitConstructor (7 bytes)
Event: 10.286 Thread 0x0000020f7ad5eb10 nmethod 15692 0x0000020f680ae510 code [0x0000020f680ae8c0, 0x0000020f680b1de0]
Event: 10.287 Thread 0x0000020f7ad5eb10 15806       4       org.jetbrains.kotlin.ir.util.DeepCopySymbolRemapper::getReferenced (19 bytes)
Event: 10.287 Thread 0x0000020f7703ab70 nmethod 15901 0x0000020f62242990 code [0x0000020f62242b80, 0x0000020f62242e48]
Event: 10.287 Thread 0x0000020f7703ab70 15902       2       org.jetbrains.kotlin.ir.util.DeclarationParentsVisitor::visitConstructor (6 bytes)
Event: 10.287 Thread 0x0000020f7703ab70 nmethod 15902 0x0000020f62243090 code [0x0000020f62243280, 0x0000020f62243548]
Event: 10.287 Thread 0x0000020f7703ab70 15895       1       org.jetbrains.kotlin.ir.declarations.impl.IrPropertyCommonImpl::isDelegated (5 bytes)
Event: 10.287 Thread 0x0000020f7703ab70 nmethod 15895 0x0000020f680b3e10 code [0x0000020f680b3fa0, 0x0000020f680b4078]
Event: 10.287 Thread 0x0000020f7703ab70 15896       1       org.jetbrains.kotlin.ir.expressions.impl.IrTypeOperatorCallImpl::getStartOffset (5 bytes)
Event: 10.287 Thread 0x0000020f7703ab70 nmethod 15896 0x0000020f680b4110 code [0x0000020f680b42a0, 0x0000020f680b4378]
Event: 10.287 Thread 0x0000020f7703ab70 15903       2       androidx.compose.compiler.plugins.kotlin.lower.DeepCopyIrTreeWithSymbolsPreservingMetadata::hasComposableArguments (120 bytes)
Event: 10.287 Thread 0x0000020f7703ab70 nmethod 15903 0x0000020f62243710 code [0x0000020f62243980, 0x0000020f62243e88]
Event: 10.287 Thread 0x0000020f7703ab70 15897       1       org.jetbrains.kotlin.ir.expressions.impl.IrTypeOperatorCallImpl::getEndOffset (5 bytes)
Event: 10.287 Thread 0x0000020f7703ab70 nmethod 15897 0x0000020f680b4410 code [0x0000020f680b45a0, 0x0000020f680b4678]
Event: 10.287 Thread 0x0000020f7703ab70 15886       1       org.jetbrains.kotlin.ir.declarations.lazy.IrLazyProperty::getOrigin (5 bytes)
Event: 10.288 Thread 0x0000020f7703ab70 nmethod 15886 0x0000020f680b4710 code [0x0000020f680b48a0, 0x0000020f680b4978]

GC Heap History (20 events):
Event: 4.903 GC heap before
{Heap before GC invocations=20 (full 0):
 garbage-first heap   total 113664K, used 61108K [0x000000008a600000, 0x0000000100000000)
  region size 1024K, 6 young (6144K), 5 survivors (5120K)
 Metaspace       used 61986K, committed 62336K, reserved 1105920K
  class space    used 7248K, committed 7424K, reserved 1048576K
}
Event: 4.909 GC heap after
{Heap after GC invocations=21 (full 0):
 garbage-first heap   total 113664K, used 60459K [0x000000008a600000, 0x0000000100000000)
  region size 1024K, 1 young (1024K), 1 survivors (1024K)
 Metaspace       used 61986K, committed 62336K, reserved 1105920K
  class space    used 7248K, committed 7424K, reserved 1048576K
}
Event: 4.928 GC heap before
{Heap before GC invocations=21 (full 0):
 garbage-first heap   total 113664K, used 62507K [0x000000008a600000, 0x0000000100000000)
  region size 1024K, 4 young (4096K), 1 survivors (1024K)
 Metaspace       used 62026K, committed 62336K, reserved 1105920K
  class space    used 7249K, committed 7424K, reserved 1048576K
}
Event: 4.930 GC heap after
{Heap after GC invocations=22 (full 0):
 garbage-first heap   total 113664K, used 60320K [0x000000008a600000, 0x0000000100000000)
  region size 1024K, 1 young (1024K), 1 survivors (1024K)
 Metaspace       used 62026K, committed 62336K, reserved 1105920K
  class space    used 7249K, committed 7424K, reserved 1048576K
}
Event: 5.236 GC heap before
{Heap before GC invocations=23 (full 0):
 garbage-first heap   total 124928K, used 88992K [0x000000008a600000, 0x0000000100000000)
  region size 1024K, 28 young (28672K), 1 survivors (1024K)
 Metaspace       used 63230K, committed 63552K, reserved 1105920K
  class space    used 7320K, committed 7488K, reserved 1048576K
}
Event: 5.242 GC heap after
{Heap after GC invocations=24 (full 0):
 garbage-first heap   total 124928K, used 63777K [0x000000008a600000, 0x0000000100000000)
  region size 1024K, 4 young (4096K), 4 survivors (4096K)
 Metaspace       used 63230K, committed 63552K, reserved 1105920K
  class space    used 7320K, committed 7488K, reserved 1048576K
}
Event: 5.275 GC heap before
{Heap before GC invocations=24 (full 0):
 garbage-first heap   total 124928K, used 65825K [0x000000008a600000, 0x0000000100000000)
  region size 1024K, 6 young (6144K), 4 survivors (4096K)
 Metaspace       used 63405K, committed 63744K, reserved 1105920K
  class space    used 7338K, committed 7488K, reserved 1048576K
}
Event: 5.282 GC heap after
{Heap after GC invocations=25 (full 0):
 garbage-first heap   total 124928K, used 63871K [0x000000008a600000, 0x0000000100000000)
  region size 1024K, 1 young (1024K), 1 survivors (1024K)
 Metaspace       used 63405K, committed 63744K, reserved 1105920K
  class space    used 7338K, committed 7488K, reserved 1048576K
}
Event: 5.752 GC heap before
{Heap before GC invocations=25 (full 0):
 garbage-first heap   total 124928K, used 97663K [0x000000008a600000, 0x0000000100000000)
  region size 1024K, 34 young (34816K), 1 survivors (1024K)
 Metaspace       used 65308K, committed 65664K, reserved 1114112K
  class space    used 7524K, committed 7680K, reserved 1048576K
}
Event: 5.761 GC heap after
{Heap after GC invocations=26 (full 0):
 garbage-first heap   total 249856K, used 69977K [0x000000008a600000, 0x0000000100000000)
  region size 1024K, 5 young (5120K), 5 survivors (5120K)
 Metaspace       used 65308K, committed 65664K, reserved 1114112K
  class space    used 7524K, committed 7680K, reserved 1048576K
}
Event: 7.060 GC heap before
{Heap before GC invocations=27 (full 0):
 garbage-first heap   total 242688K, used 171353K [0x000000008a600000, 0x0000000100000000)
  region size 1024K, 102 young (104448K), 5 survivors (5120K)
 Metaspace       used 67090K, committed 67456K, reserved 1114112K
  class space    used 7592K, committed 7744K, reserved 1048576K
}
Event: 7.071 GC heap after
{Heap after GC invocations=28 (full 0):
 garbage-first heap   total 242688K, used 81150K [0x000000008a600000, 0x0000000100000000)
  region size 1024K, 13 young (13312K), 13 survivors (13312K)
 Metaspace       used 67090K, committed 67456K, reserved 1114112K
  class space    used 7592K, committed 7744K, reserved 1048576K
}
Event: 7.089 GC heap before
{Heap before GC invocations=28 (full 0):
 garbage-first heap   total 242688K, used 82174K [0x000000008a600000, 0x0000000100000000)
  region size 1024K, 14 young (14336K), 13 survivors (13312K)
 Metaspace       used 67110K, committed 67456K, reserved 1114112K
  class space    used 7594K, committed 7744K, reserved 1048576K
}
Event: 7.094 GC heap after
{Heap after GC invocations=29 (full 0):
 garbage-first heap   total 242688K, used 82877K [0x000000008a600000, 0x0000000100000000)
  region size 1024K, 2 young (2048K), 2 survivors (2048K)
 Metaspace       used 67110K, committed 67456K, reserved 1114112K
  class space    used 7594K, committed 7744K, reserved 1048576K
}
Event: 8.160 GC heap before
{Heap before GC invocations=29 (full 0):
 garbage-first heap   total 242688K, used 177085K [0x000000008a600000, 0x0000000100000000)
  region size 1024K, 94 young (96256K), 2 survivors (2048K)
 Metaspace       used 67765K, committed 68032K, reserved 1114112K
  class space    used 7622K, committed 7744K, reserved 1048576K
}
Event: 8.168 GC heap after
{Heap after GC invocations=30 (full 0):
 garbage-first heap   total 242688K, used 88186K [0x000000008a600000, 0x0000000100000000)
  region size 1024K, 7 young (7168K), 7 survivors (7168K)
 Metaspace       used 67765K, committed 68032K, reserved 1114112K
  class space    used 7622K, committed 7744K, reserved 1048576K
}
Event: 9.482 GC heap before
{Heap before GC invocations=30 (full 0):
 garbage-first heap   total 242688K, used 182394K [0x000000008a600000, 0x0000000100000000)
  region size 1024K, 100 young (102400K), 7 survivors (7168K)
 Metaspace       used 75818K, committed 76096K, reserved 1122304K
  class space    used 8401K, committed 8512K, reserved 1048576K
}
Event: 9.494 GC heap after
{Heap after GC invocations=31 (full 0):
 garbage-first heap   total 242688K, used 99761K [0x000000008a600000, 0x0000000100000000)
  region size 1024K, 12 young (12288K), 12 survivors (12288K)
 Metaspace       used 75818K, committed 76096K, reserved 1122304K
  class space    used 8401K, committed 8512K, reserved 1048576K
}
Event: 10.265 GC heap before
{Heap before GC invocations=31 (full 0):
 garbage-first heap   total 242688K, used 187825K [0x000000008a600000, 0x0000000100000000)
  region size 1024K, 98 young (100352K), 12 survivors (12288K)
 Metaspace       used 77473K, committed 77760K, reserved 1122304K
  class space    used 8573K, committed 8704K, reserved 1048576K
}
Event: 10.283 GC heap after
{Heap after GC invocations=32 (full 0):
 garbage-first heap   total 242688K, used 113301K [0x000000008a600000, 0x0000000100000000)
  region size 1024K, 13 young (13312K), 13 survivors (13312K)
 Metaspace       used 77473K, committed 77760K, reserved 1122304K
  class space    used 8573K, committed 8704K, reserved 1048576K
}

Dll operation events (2 events):
Event: 0.005 Loaded shared library E:\Android Studio\jbr\bin\java.dll
Event: 0.708 Loaded shared library E:\Android Studio\jbr\bin\verify.dll

Deoptimization events (20 events):
Event: 10.234 Thread 0x0000020f5ca8bf10 Uncommon trap: trap_request=0xffffffde fr.pc=0x0000020f680a2328 relative=0x00000000000084a8
Event: 10.234 Thread 0x0000020f5ca8bf10 Uncommon trap: reason=class_check action=maybe_recompile pc=0x0000020f680a2328 method=org.jetbrains.org.objectweb.asm.ClassReader.readMethod(Lorg/jetbrains/org/objectweb/asm/ClassVisitor;Lorg/jetbrains/org/objectweb/asm/Context;I)I @ 663 c2
Event: 10.234 Thread 0x0000020f5ca8bf10 DEOPT PACKING pc=0x0000020f680a2328 sp=0x00000084859fc420
Event: 10.234 Thread 0x0000020f5ca8bf10 DEOPT UNPACKING pc=0x0000020f674d69a3 sp=0x00000084859fc3b8 mode 2
Event: 10.242 Thread 0x0000020f5ca8bf10 Uncommon trap: trap_request=0xffffffde fr.pc=0x0000020f68054ec0 relative=0x0000000000000760
Event: 10.242 Thread 0x0000020f5ca8bf10 Uncommon trap: reason=class_check action=maybe_recompile pc=0x0000020f68054ec0 method=org.jetbrains.kotlin.ir.declarations.IrFunction.acceptChildren(Lorg/jetbrains/kotlin/ir/visitors/IrElementVisitor;Ljava/lang/Object;)V @ 46 c2
Event: 10.242 Thread 0x0000020f5ca8bf10 DEOPT PACKING pc=0x0000020f68054ec0 sp=0x00000084859fc270
Event: 10.242 Thread 0x0000020f5ca8bf10 DEOPT UNPACKING pc=0x0000020f674d69a3 sp=0x00000084859fc1f8 mode 2
Event: 10.243 Thread 0x0000020f5ca8bf10 Uncommon trap: trap_request=0xffffffde fr.pc=0x0000020f68054ec0 relative=0x0000000000000760
Event: 10.243 Thread 0x0000020f5ca8bf10 Uncommon trap: reason=class_check action=maybe_recompile pc=0x0000020f68054ec0 method=org.jetbrains.kotlin.ir.declarations.IrFunction.acceptChildren(Lorg/jetbrains/kotlin/ir/visitors/IrElementVisitor;Ljava/lang/Object;)V @ 46 c2
Event: 10.243 Thread 0x0000020f5ca8bf10 DEOPT PACKING pc=0x0000020f68054ec0 sp=0x00000084859fc270
Event: 10.243 Thread 0x0000020f5ca8bf10 DEOPT UNPACKING pc=0x0000020f674d69a3 sp=0x00000084859fc1f8 mode 2
Event: 10.244 Thread 0x0000020f5ca8bf10 Uncommon trap: trap_request=0xffffffde fr.pc=0x0000020f68054ec0 relative=0x0000000000000760
Event: 10.244 Thread 0x0000020f5ca8bf10 Uncommon trap: reason=class_check action=maybe_recompile pc=0x0000020f68054ec0 method=org.jetbrains.kotlin.ir.declarations.IrFunction.acceptChildren(Lorg/jetbrains/kotlin/ir/visitors/IrElementVisitor;Ljava/lang/Object;)V @ 46 c2
Event: 10.244 Thread 0x0000020f5ca8bf10 DEOPT PACKING pc=0x0000020f68054ec0 sp=0x00000084859fc270
Event: 10.244 Thread 0x0000020f5ca8bf10 DEOPT UNPACKING pc=0x0000020f674d69a3 sp=0x00000084859fc1f8 mode 2
Event: 10.244 Thread 0x0000020f5ca8bf10 Uncommon trap: trap_request=0xffffffde fr.pc=0x0000020f68054ec0 relative=0x0000000000000760
Event: 10.244 Thread 0x0000020f5ca8bf10 Uncommon trap: reason=class_check action=maybe_recompile pc=0x0000020f68054ec0 method=org.jetbrains.kotlin.ir.declarations.IrFunction.acceptChildren(Lorg/jetbrains/kotlin/ir/visitors/IrElementVisitor;Ljava/lang/Object;)V @ 46 c2
Event: 10.244 Thread 0x0000020f5ca8bf10 DEOPT PACKING pc=0x0000020f68054ec0 sp=0x00000084859fc270
Event: 10.244 Thread 0x0000020f5ca8bf10 DEOPT UNPACKING pc=0x0000020f674d69a3 sp=0x00000084859fc1f8 mode 2

Classes unloaded (0 events):
No events

Classes redefined (0 events):
No events

Internal exceptions (20 events):
Event: 4.185 Thread 0x0000020f5ca8bf10 Exception <a 'java/lang/NoSuchMethodError'{0x000000009161ec18}: 'java.lang.Object java.lang.invoke.DirectMethodHandle$Holder.newInvokeSpecial(java.lang.Object, int, java.lang.Object)'> (0x000000009161ec18) 
thrown [s\src\hotspot\share\interpreter\linkResolver.cpp, line 771]
Event: 4.185 Thread 0x0000020f5ca8bf10 Exception <a 'java/lang/NoSuchMethodError'{0x0000000091624fd0}: 'int java.lang.invoke.DirectMethodHandle$Holder.invokeInterface(java.lang.Object, java.lang.Object)'> (0x0000000091624fd0) 
thrown [s\src\hotspot\share\interpreter\linkResolver.cpp, line 771]
Event: 4.428 Thread 0x0000020f5ca8bf10 Implicit null exception at 0x0000020f67a3b3f2 to 0x0000020f67a3b9c0
Event: 4.441 Thread 0x0000020f5ca8bf10 Exception <a 'java/lang/NoSuchMethodError'{0x0000000090fa5e58}: 'java.lang.Object java.lang.invoke.DirectMethodHandle$Holder.invokeInterface(java.lang.Object, java.lang.Object, java.lang.Object)'> (0x0000000090fa5e58) 
thrown [s\src\hotspot\share\interpreter\linkResolver.cpp, line 771]
Event: 4.441 Thread 0x0000020f5ca8bf10 Exception <a 'java/lang/IncompatibleClassChangeError'{0x0000000090fa97c8}: Found class java.lang.Object, but interface was expected> (0x0000000090fa97c8) 
thrown [s\src\hotspot\share\interpreter\linkResolver.cpp, line 838]
Event: 4.447 Thread 0x0000020f5ca8bf10 Implicit null exception at 0x0000020f67a3c972 to 0x0000020f67a3cf50
Event: 4.590 Thread 0x0000020f5ca8bf10 Exception <a 'java/lang/NoSuchMethodError'{0x0000000090977e60}: 'int java.lang.invoke.DirectMethodHandle$Holder.invokeStaticInit(java.lang.Object, int)'> (0x0000000090977e60) 
thrown [s\src\hotspot\share\interpreter\linkResolver.cpp, line 771]
Event: 5.059 Thread 0x0000020f5ca8bf10 Exception <a 'java/lang/NoSuchMethodError'{0x0000000091539f40}: 'java.lang.Object java.lang.invoke.DirectMethodHandle$Holder.newInvokeSpecial(java.lang.Object, java.lang.Object, java.lang.Object, java.lang.Object, java.lang.Object, java.lang.Object, java.lang.Object)'> (0x0000000091539f40) 
thrown [s\src\hotspot\share\interpreter\linkResolver.cpp, line 771]
Event: 5.059 Thread 0x0000020f5ca8bf10 Exception <a 'java/lang/NoSuchMethodError'{0x000000009153eaf8}: 'java.lang.Object java.lang.invoke.Invokers$Holder.linkToTargetMethod(java.lang.Object, java.lang.Object, java.lang.Object, java.lang.Object, java.lang.Object, java.lang.Object, java.lang.Object)'> (0x000000009153eaf8) 
thrown [s\src\hotspot\share\interpreter\linkResolver.cpp, line 771]
Event: 5.404 Thread 0x0000020f5ca8bf10 Exception <a 'java/lang/NoSuchMethodError'{0x000000009163d710}: 'void java.lang.invoke.DirectMethodHandle$Holder.invokeInterface(java.lang.Object, java.lang.Object)'> (0x000000009163d710) 
thrown [s\src\hotspot\share\interpreter\linkResolver.cpp, line 771]
Event: 5.526 Thread 0x0000020f5ca8bf10 Exception <a 'java/lang/NoSuchMethodError'{0x0000000090e718d0}: 'void java.lang.invoke.DirectMethodHandle$Holder.invokeStatic(java.lang.Object, java.lang.Object, java.lang.Object)'> (0x0000000090e718d0) 
thrown [s\src\hotspot\share\interpreter\linkResolver.cpp, line 771]
Event: 5.715 Thread 0x0000020f5ca8bf10 Implicit null exception at 0x0000020f67bc68b5 to 0x0000020f67bc700c
Event: 6.124 Thread 0x0000020f5ca8bf10 Implicit null exception at 0x0000020f67e467ef to 0x0000020f67e46994
Event: 8.535 Thread 0x0000020f5ca8bf10 Exception <a 'java/lang/NoSuchMethodError'{0x0000000096be1750}: 'java.lang.Object java.lang.invoke.DirectMethodHandle$Holder.invokeStaticInit(java.lang.Object, java.lang.Object, java.lang.Object, java.lang.Object)'> (0x0000000096be1750) 
thrown [s\src\hotspot\share\interpreter\linkResolver.cpp, line 771]
Event: 8.689 Thread 0x0000020f5ca8bf10 Exception <a 'java/lang/NoSuchMethodError'{0x00000000961b2c90}: 'int java.lang.invoke.DirectMethodHandle$Holder.invokeStaticInit(java.lang.Object, java.lang.Object, java.lang.Object, java.lang.Object)'> (0x00000000961b2c90) 
thrown [s\src\hotspot\share\interpreter\linkResolver.cpp, line 771]
Event: 8.723 Thread 0x0000020f5ca8bf10 Exception <a 'java/lang/NoSuchMethodError'{0x0000000095e33ff0}: 'java.lang.Object java.lang.invoke.DirectMethodHandle$Holder.newInvokeSpecial(java.lang.Object, java.lang.Object, java.lang.Object, int, int)'> (0x0000000095e33ff0) 
thrown [s\src\hotspot\share\interpreter\linkResolver.cpp, line 771]
Event: 8.724 Thread 0x0000020f5ca8bf10 Exception <a 'java/lang/NoSuchMethodError'{0x0000000095e37e30}: 'java.lang.Object java.lang.invoke.DirectMethodHandle$Holder.invokeSpecial(java.lang.Object, java.lang.Object, java.lang.Object, java.lang.Object, int, int)'> (0x0000000095e37e30) 
thrown [s\src\hotspot\share\interpreter\linkResolver.cpp, line 771]
Event: 8.968 Thread 0x0000020f5ca8bf10 Exception <a 'java/lang/NoSuchMethodError'{0x0000000095106e58}: 'java.lang.Object java.lang.invoke.DirectMethodHandle$Holder.invokeSpecial(java.lang.Object, java.lang.Object, int, int, java.lang.Object, java.lang.Object, java.lang.Object, java.lang.Object, java.lang.Object)'> (0x0000000095106e58) 
thrown [s\src\hotspot\share\interpreter\linkResolver.cpp, line 771]
Event: 9.021 Thread 0x0000020f5ca8bf10 Exception <a 'java/lang/NoSuchMethodError'{0x0000000094f4c390}: 'java.lang.Object java.lang.invoke.DirectMethodHandle$Holder.newInvokeSpecial(java.lang.Object, java.lang.Object, int, int, java.lang.Object, java.lang.Object, java.lang.Object)'> (0x0000000094f4c390) 
thrown [s\src\hotspot\share\interpreter\linkResolver.cpp, line 771]
Event: 9.021 Thread 0x0000020f5ca8bf10 Exception <a 'java/lang/NoSuchMethodError'{0x0000000094f50c38}: 'java.lang.Object java.lang.invoke.DirectMethodHandle$Holder.invokeSpecial(java.lang.Object, java.lang.Object, java.lang.Object, int, int, java.lang.Object, java.lang.Object, java.lang.Object)'> (0x0000000094f50c38) 
thrown [s\src\hotspot\share\interpreter\linkResolver.cpp, line 771]

VM Operations (20 events):
Event: 9.844 Executing VM operation: HandshakeAllThreads
Event: 9.844 Executing VM operation: HandshakeAllThreads done
Event: 9.858 Executing VM operation: ICBufferFull
Event: 9.859 Executing VM operation: ICBufferFull done
Event: 9.898 Executing VM operation: ICBufferFull
Event: 9.898 Executing VM operation: ICBufferFull done
Event: 9.902 Executing VM operation: HandshakeAllThreads
Event: 9.902 Executing VM operation: HandshakeAllThreads done
Event: 10.191 Executing VM operation: ICBufferFull
Event: 10.191 Executing VM operation: ICBufferFull done
Event: 10.218 Executing VM operation: HandshakeAllThreads
Event: 10.218 Executing VM operation: HandshakeAllThreads done
Event: 10.233 Executing VM operation: HandshakeAllThreads
Event: 10.233 Executing VM operation: HandshakeAllThreads done
Event: 10.234 Executing VM operation: HandshakeAllThreads
Event: 10.234 Executing VM operation: HandshakeAllThreads done
Event: 10.242 Executing VM operation: ICBufferFull
Event: 10.243 Executing VM operation: ICBufferFull done
Event: 10.265 Executing VM operation: G1CollectForAllocation
Event: 10.283 Executing VM operation: G1CollectForAllocation done

Events (20 events):
Event: 8.842 Thread 0x0000020f7703b560 flushing nmethod 0x0000020f61a89f10
Event: 8.842 Thread 0x0000020f7703b560 flushing nmethod 0x0000020f61add610
Event: 8.842 Thread 0x0000020f7703b560 flushing nmethod 0x0000020f61b6d310
Event: 8.842 Thread 0x0000020f7703b560 flushing nmethod 0x0000020f61b76c10
Event: 8.843 Thread 0x0000020f7703b560 flushing nmethod 0x0000020f61c5d290
Event: 8.843 Thread 0x0000020f7703b560 flushing nmethod 0x0000020f61c8bd90
Event: 8.843 Thread 0x0000020f7703b560 flushing nmethod 0x0000020f61ce0d10
Event: 9.847 Thread 0x0000020f7703b560 flushing nmethod 0x0000020f5ff94890
Event: 9.852 Thread 0x0000020f7703b560 flushing nmethod 0x0000020f6056d490
Event: 9.852 Thread 0x0000020f7703b560 flushing nmethod 0x0000020f6069dd10
Event: 9.853 Thread 0x0000020f7703b560 flushing nmethod 0x0000020f60798790
Event: 9.854 Thread 0x0000020f7703b560 flushing nmethod 0x0000020f60927890
Event: 9.856 Thread 0x0000020f7703b560 flushing nmethod 0x0000020f60afaa10
Event: 9.857 Thread 0x0000020f7703b560 flushing nmethod 0x0000020f60ba3490
Event: 9.857 Thread 0x0000020f7703b560 flushing nmethod 0x0000020f60cb6010
Event: 9.857 Thread 0x0000020f7703b560 flushing nmethod 0x0000020f60cb7f90
Event: 9.861 Thread 0x0000020f7703b560 flushing nmethod 0x0000020f610fc410
Event: 9.862 Thread 0x0000020f7703b560 flushing nmethod 0x0000020f61259b10
Event: 9.864 Thread 0x0000020f7703b560 flushing nmethod 0x0000020f61462210
Event: 9.865 Thread 0x0000020f7703b560 flushing nmethod 0x0000020f6154f310


Dynamic libraries:
0x00007ff710db0000 - 0x00007ff710dba000 	E:\Android Studio\jbr\bin\java.exe
0x00007ffd6c9f0000 - 0x00007ffd6cc04000 	C:\WINDOWS\SYSTEM32\ntdll.dll
0x00007ffd6b820000 - 0x00007ffd6b8e2000 	C:\WINDOWS\System32\KERNEL32.DLL
0x00007ffd69f90000 - 0x00007ffd6a333000 	C:\WINDOWS\System32\KERNELBASE.dll
0x00007ffd6a6b0000 - 0x00007ffd6a7c1000 	C:\WINDOWS\System32\ucrtbase.dll
0x00007ffd49aa0000 - 0x00007ffd49ab7000 	E:\Android Studio\jbr\bin\jli.dll
0x00007ffd497a0000 - 0x00007ffd497bb000 	E:\Android Studio\jbr\bin\VCRUNTIME140.dll
0x00007ffd6c420000 - 0x00007ffd6c5ca000 	C:\WINDOWS\System32\USER32.dll
0x00007ffd69df0000 - 0x00007ffd69e16000 	C:\WINDOWS\System32\win32u.dll
0x00007ffd56c90000 - 0x00007ffd56f1e000 	C:\WINDOWS\WinSxS\amd64_microsoft.windows.common-controls_6595b64144ccf1df_6.0.22621.1635_none_270f70857386168e\COMCTL32.dll
0x00007ffd6c930000 - 0x00007ffd6c959000 	C:\WINDOWS\System32\GDI32.dll
0x00007ffd6c5d0000 - 0x00007ffd6c677000 	C:\WINDOWS\System32\msvcrt.dll
0x00007ffd6a450000 - 0x00007ffd6a569000 	C:\WINDOWS\System32\gdi32full.dll
0x00007ffd6a3b0000 - 0x00007ffd6a44a000 	C:\WINDOWS\System32\msvcp_win.dll
0x00007ffd6b8f0000 - 0x00007ffd6b921000 	C:\WINDOWS\System32\IMM32.DLL
0x00007ffd57890000 - 0x00007ffd5789c000 	E:\Android Studio\jbr\bin\vcruntime140_1.dll
0x00007ffd3dda0000 - 0x00007ffd3de2d000 	E:\Android Studio\jbr\bin\msvcp140.dll
0x00007ffd1f990000 - 0x00007ffd205fd000 	E:\Android Studio\jbr\bin\server\jvm.dll
0x00007ffd6b470000 - 0x00007ffd6b51e000 	C:\WINDOWS\System32\ADVAPI32.dll
0x00007ffd6c1c0000 - 0x00007ffd6c264000 	C:\WINDOWS\System32\sechost.dll
0x00007ffd6b590000 - 0x00007ffd6b6a7000 	C:\WINDOWS\System32\RPCRT4.dll
0x00007ffd65560000 - 0x00007ffd65569000 	C:\WINDOWS\SYSTEM32\WSOCK32.dll
0x00007ffd62070000 - 0x00007ffd620a4000 	C:\WINDOWS\SYSTEM32\WINMM.dll
0x00007ffd60f30000 - 0x00007ffd60f3a000 	C:\WINDOWS\SYSTEM32\VERSION.dll
0x00007ffd6a850000 - 0x00007ffd6a8c1000 	C:\WINDOWS\System32\WS2_32.dll
0x00007ffd68df0000 - 0x00007ffd68e08000 	C:\WINDOWS\SYSTEM32\kernel.appcore.dll
0x00007ffd652f0000 - 0x00007ffd652fa000 	E:\Android Studio\jbr\bin\jimage.dll
0x00007ffd55e50000 - 0x00007ffd5607e000 	C:\WINDOWS\SYSTEM32\DBGHELP.DLL
0x00007ffd6aab0000 - 0x00007ffd6ae39000 	C:\WINDOWS\System32\combase.dll
0x00007ffd6b740000 - 0x00007ffd6b817000 	C:\WINDOWS\System32\OLEAUT32.dll
0x00007ffd48f00000 - 0x00007ffd48f32000 	C:\WINDOWS\SYSTEM32\dbgcore.DLL
0x00007ffd6a570000 - 0x00007ffd6a5ea000 	C:\WINDOWS\System32\bcryptPrimitives.dll
0x00007ffd4bb50000 - 0x00007ffd4bb75000 	E:\Android Studio\jbr\bin\java.dll
0x00007ffd54150000 - 0x00007ffd54168000 	E:\Android Studio\jbr\bin\zip.dll
0x00007ffd6b9c0000 - 0x00007ffd6c1b9000 	C:\WINDOWS\System32\SHELL32.dll
0x00007ffd67d90000 - 0x00007ffd6865e000 	C:\WINDOWS\SYSTEM32\windows.storage.dll
0x00007ffd67c50000 - 0x00007ffd67d8e000 	C:\WINDOWS\SYSTEM32\wintypes.dll
0x00007ffd6b370000 - 0x00007ffd6b461000 	C:\WINDOWS\System32\SHCORE.dll
0x00007ffd6b520000 - 0x00007ffd6b57e000 	C:\WINDOWS\System32\shlwapi.dll
0x00007ffd69d20000 - 0x00007ffd69d46000 	C:\WINDOWS\SYSTEM32\profapi.dll
0x00007ffd54010000 - 0x00007ffd54029000 	E:\Android Studio\jbr\bin\net.dll
0x00007ffd61f30000 - 0x00007ffd62067000 	C:\WINDOWS\SYSTEM32\WINHTTP.dll
0x00007ffd69260000 - 0x00007ffd692c9000 	C:\WINDOWS\system32\mswsock.dll
0x00007ffd53fb0000 - 0x00007ffd53fc6000 	E:\Android Studio\jbr\bin\nio.dll
0x00007ffd63a00000 - 0x00007ffd63a10000 	E:\Android Studio\jbr\bin\verify.dll

dbghelp: loaded successfully - version: 4.0.5 - missing functions: none
symbol engine: initialized successfully - sym options: 0x614 - pdb path: .;E:\Android Studio\jbr\bin;C:\WINDOWS\SYSTEM32;C:\WINDOWS\WinSxS\amd64_microsoft.windows.common-controls_6595b64144ccf1df_6.0.22621.1635_none_270f70857386168e;E:\Android Studio\jbr\bin\server

VM Arguments:
java_command: org.jetbrains.kotlin.cli.jvm.K2JVMCompiler @D:\New folder (13)\Frontend-Android-Jetpack\app\build\20230807_17431155334517235894.compiler.options
java_class_path (initial): C:\Users\hp\.gradle\caches\modules-2\files-2.1\org.jetbrains.kotlin\kotlin-compiler-embeddable\1.7.20\8db18559a581dd2c36ddfd5046af145650f5b126\kotlin-compiler-embeddable-1.7.20.jar;C:\Users\hp\.gradle\caches\modules-2\files-2.1\org.jetbrains.kotlin\kotlin-reflect\1.7.20\12b2501e33bb6373e8e347c86d85481863629381\kotlin-reflect-1.7.20.jar;C:\Users\hp\.gradle\caches\modules-2\files-2.1\org.jetbrains.kotlin\kotlin-stdlib\1.7.20\726594ea9ba2beb2ee113647fefa9a10f9fabe52\kotlin-stdlib-1.7.20.jar;C:\Users\hp\.gradle\caches\modules-2\files-2.1\org.jetbrains.kotlin\kotlin-script-runtime\1.7.20\bcd1cc6f865e632550357fcc59f5ffd532615a8\kotlin-script-runtime-1.7.20.jar;C:\Users\hp\.gradle\caches\modules-2\files-2.1\org.jetbrains.kotlin\kotlin-daemon-embeddable\1.7.20\1e24355adad8d529d75d5b19eab55484057431ba\kotlin-daemon-embeddable-1.7.20.jar;C:\Users\hp\.gradle\caches\modules-2\files-2.1\org.jetbrains.intellij.deps\trove4j\1.0.20200330\3afb14d5f9ceb459d724e907a21145e8ff394f02\trove4j-1.0.20200330.jar;C:\Users\hp\.gradle\caches\modules-2\files-2.1\net.java.dev.jna\jna\5.6.0\330f2244e9030119ab3030fc3fededc86713d9cc\jna-5.6.0.jar;C:\Users\hp\.gradle\caches\modules-2\files-2.1\org.jetbrains.kotlin\kotlin-stdlib-common\1.7.20\e15351bdaf9fa06f009be5da7a202e4184f00ae3\kotlin-stdlib-common-1.7.20.jar;C:\Users\hp\.gradle\caches\modules-2\files-2.1\org.jetbrains\annotations\13.0\919f0dfe192fb4e063e7dacadee7f8bb9a2672a9\annotations-13.0.jar
Launcher Type: SUN_STANDARD

[Global flags]
     intx CICompilerCount                          = 4                                         {product} {ergonomic}
     uint ConcGCThreads                            = 3                                         {product} {ergonomic}
     uint G1ConcRefinementThreads                  = 10                                        {product} {ergonomic}
   size_t G1HeapRegionSize                         = 1048576                                   {product} {ergonomic}
    uintx GCDrainStackTargetSize                   = 64                                        {product} {ergonomic}
   size_t InitialHeapSize                          = 123731968                                 {product} {ergonomic}
   size_t MarkStackSize                            = 4194304                                   {product} {ergonomic}
   size_t MaxHeapSize                              = 1973420032                                {product} {ergonomic}
   size_t MaxNewSize                               = 1183842304                                {product} {ergonomic}
   size_t MinHeapDeltaBytes                        = 1048576                                   {product} {ergonomic}
   size_t MinHeapSize                              = 8388608                                   {product} {ergonomic}
    uintx NonNMethodCodeHeapSize                   = 5839372                                {pd product} {ergonomic}
    uintx NonProfiledCodeHeapSize                  = 122909434                              {pd product} {ergonomic}
    uintx ProfiledCodeHeapSize                     = 122909434                              {pd product} {ergonomic}
    uintx ReservedCodeCacheSize                    = 251658240                              {pd product} {ergonomic}
     bool SegmentedCodeCache                       = true                                      {product} {ergonomic}
   size_t SoftMaxHeapSize                          = 1973420032                             {manageable} {ergonomic}
     bool UseCompressedClassPointers               = true                           {product lp64_product} {ergonomic}
     bool UseCompressedOops                        = true                           {product lp64_product} {ergonomic}
     bool UseG1GC                                  = true                                      {product} {ergonomic}
     bool UseLargePagesIndividualAllocation        = false                                  {pd product} {ergonomic}

Logging:
Log output configuration:
 #0: stdout all=warning uptime,level,tags
 #1: stderr all=off uptime,level,tags

Environment Variables:
PATH=C:\Program Files\Common Files\Oracle\Java\javapath;C:\Program Files (x86)\Common Files\Oracle\Java\javapath;C:\windows\system32;C:\windows;C:\windows\System32\Wbem;C:\windows\System32\WindowsPowerShell\v1.0\;C:\windows\System32\OpenSSH\;C:\Program Files (x86)\NVIDIA Corporation\PhysX\Common;C:\Program Files\NVIDIA Corporation\NVIDIA NvDLISR;E:\Git\cmd;C:\Program Files\dotnet\;C:\WINDOWS\system32;C:\WINDOWS;C:\WINDOWS\System32\Wbem;C:\WINDOWS\System32\WindowsPowerShell\v1.0\;C:\WINDOWS\System32\OpenSSH\;C:\Program Files\nodejs\;C:\Program Files\CMake\bin;C:\Program Files\Common Files\Oracle\Java\javapath;C:\Program Files (x86)\Common Files\Oracle\Java\javapath;C:\windows\system32;C:\windows;C:\windows\System32\Wbem;C:\windows\System32\WindowsPowerShell\v1.0\;C:\windows\System32\OpenSSH\;C:\Program Files (x86)\NVIDIA Corporation\PhysX\Common;C:\Program Files\NVIDIA Corporation\NVIDIA NvDLISR;E:\Git\cmd;C:\Program Files\dotnet\;C:\WINDOWS\system32;C:\WINDOWS;C:\WINDOWS\System32\Wbem;C:\WINDOWS\System32\WindowsPowerShell\v1.0\;C:\WINDOWS\System32\OpenSSH\;C:\Program Files\nodejs\;C:\Program Files\CMake\bin;C:\Users\hp\AppData\Local\Programs\Python\Python311\Scripts;C:\Users\hp\AppData\Local\Programs\Python\Python311\Scripts;E:\Microsoft VS Code\bin;E:\New folder (9)\DataSpell 2023.1.1\bin;;E:\New folder (12)\Library\bin;E:\New folder (12)\Scripts;E:\New folder (12)\condabin;C:\Users\hp\Desktop\enscripten\emsdk;C:\Users\hp\Desktop\enscripten\emsdk\scripts;C:\Users\hp\Desktop\enscripten\emsdk\test;C:\Users\hp\AppData\Local\Programs\Python\Python311;C:\Users\hp\Desktop\enscripten\emsdk\upstream\emscripten;
USERNAME=hp
OS=Windows_NT
PROCESSOR_IDENTIFIER=AMD64 Family 25 Model 80 Stepping 0, AuthenticAMD
TMP=C:\Users\hp\AppData\Local\Temp
TEMP=C:\Users\hp\AppData\Local\Temp



---------------  S Y S T E M  ---------------

OS:
 Windows 11 , 64 bit Build 22621 (10.0.22621.1928)
OS uptime: 4 days 5:55 hours
Hyper-V role detected

CPU: total 12 (initial active 12) (12 cores per cpu, 2 threads per core) family 25 model 80 stepping 0 microcode 0x0, cx8, cmov, fxsr, ht, mmx, 3dnowpref, sse, sse2, sse3, ssse3, sse4a, sse4.1, sse4.2, popcnt, lzcnt, tsc, tscinvbit, avx, avx2, aes, erms, clmul, bmi1, bmi2, adx, sha, fma, vzeroupper, clflush, clflushopt, hv

Memory: 4k page, system-wide physical 7521M (466M free)
TotalPageFile size 27209M (AvailPageFile size 5M)
current process WorkingSet (physical memory assigned to process): 459M, peak: 462M
current process commit charge ("private bytes"): 506M, peak: 508M

vm_info: OpenJDK 64-Bit Server VM (17.0.6+0-b2043.56-9586694) for windows-amd64 JRE (17.0.6+0-b2043.56-9586694), built on Feb  9 2023 20:06:20 by "androidbuild" with MS VC++ 16.10 / 16.11 (VS2019)

END.
