#
# There is insufficient memory for the Java Runtime Environment to continue.
# Native memory allocation (malloc) failed to allocate 1877584 bytes for Chunk::new
# Possible reasons:
#   The system is out of physical RAM or swap space
#   The process is running with CompressedOops enabled, and the Java Heap may be blocking the growth of the native heap
# Possible solutions:
#   Reduce memory load on the system
#   Increase physical memory or swap space
#   Check if swap backing store is full
#   Decrease Java heap size (-Xmx/-Xms)
#   Decrease number of Java threads
#   Decrease Java thread stack sizes (-Xss)
#   Set larger code cache with -XX:ReservedCodeCacheSize=
#   JVM is running with Unscaled Compressed Oops mode in which the Java heap is
#     placed in the first 4GB address space. The Java Heap base address is the
#     maximum limit for the native heap growth. Please use -XX:HeapBaseMinAddress
#     to set the Java Heap base and to place the Java Heap above 4GB virtual address.
# This output file may be truncated or incomplete.
#
#  Out of Memory Error (arena.cpp:189), pid=1404, tid=15416
#
# JRE version: OpenJDK Runtime Environment (17.0.6) (build 17.0.6+0-b2043.56-9586694)
# Java VM: OpenJDK 64-Bit Server VM (17.0.6+0-b2043.56-9586694, mixed mode, tiered, compressed oops, compressed class ptrs, g1 gc, windows-amd64)
# No core dump will be written. Minidumps are not enabled by default on client versions of Windows
#

---------------  S U M M A R Y ------------

Command Line: org.jetbrains.kotlin.cli.jvm.K2JVMCompiler @D:\New folder (13)\Frontend-Android-Jetpack\app\build\20230807_16875562598722810308.compiler.options

Host: AMD Ryzen 5 5600H with Radeon Graphics         , 12 cores, 7G,  Windows 11 , 64 bit Build 22621 (10.0.22621.1928)
Time: Mon Aug  7 18:59:02 2023 GMT Daylight Time elapsed time: 3.873180 seconds (0d 0h 0m 3s)

---------------  T H R E A D  ---------------

Current thread (0x000001926c1064e0):  JavaThread "C2 CompilerThread1" daemon [_thread_in_native, id=15416, stack(0x0000004d0c300000,0x0000004d0c400000)]


Current CompileTask:
C2:   3873 6540       4       org.jetbrains.kotlin.cli.jvm.index.JvmDependenciesIndexImpl::search (379 bytes)

Stack: [0x0000004d0c300000,0x0000004d0c400000]
Native frames: (J=compiled Java code, j=interpreted, Vv=VM code, C=native code)
V  [jvm.dll+0x683b4a]
V  [jvm.dll+0x842654]
V  [jvm.dll+0x843dfe]
V  [jvm.dll+0x844463]
V  [jvm.dll+0x249b75]
V  [jvm.dll+0xabcac]
V  [jvm.dll+0xac27c]
V  [jvm.dll+0x368857]
V  [jvm.dll+0x332f31]
V  [jvm.dll+0x3323da]
V  [jvm.dll+0x21c201]
V  [jvm.dll+0x21b621]
V  [jvm.dll+0x1a4fdd]
V  [jvm.dll+0x22b098]
V  [jvm.dll+0x229159]
V  [jvm.dll+0x7f809c]
V  [jvm.dll+0x7f25fa]
V  [jvm.dll+0x682985]
C  [ucrtbase.dll+0x29363]
C  [KERNEL32.DLL+0x126ad]
C  [ntdll.dll+0x5aa68]


---------------  P R O C E S S  ---------------

Threads class SMR info:
_java_thread_list=0x000001926c0f5be0, length=13, elements={
0x00000192514dda90, 0x000001926b186260, 0x000001926b1873b0, 0x000001926b18dc70,
0x000001926b18e620, 0x000001926bc2e000, 0x000001926bc2f150, 0x000001926bc2fee0,
0x000001926bc31120, 0x000001926bc357b0, 0x000001926bd9b890, 0x000001926bda5da0,
0x000001926c1064e0
}

Java Threads: ( => current thread )
  0x00000192514dda90 JavaThread "main" [_thread_in_Java, id=15264, stack(0x0000004d0b000000,0x0000004d0b100000)]
  0x000001926b186260 JavaThread "Reference Handler" daemon [_thread_blocked, id=28444, stack(0x0000004d0b700000,0x0000004d0b800000)]
  0x000001926b1873b0 JavaThread "Finalizer" daemon [_thread_blocked, id=26072, stack(0x0000004d0b800000,0x0000004d0b900000)]
  0x000001926b18dc70 JavaThread "Signal Dispatcher" daemon [_thread_blocked, id=10172, stack(0x0000004d0b900000,0x0000004d0ba00000)]
  0x000001926b18e620 JavaThread "Attach Listener" daemon [_thread_blocked, id=24820, stack(0x0000004d0ba00000,0x0000004d0bb00000)]
  0x000001926bc2e000 JavaThread "Service Thread" daemon [_thread_blocked, id=24808, stack(0x0000004d0bb00000,0x0000004d0bc00000)]
  0x000001926bc2f150 JavaThread "Monitor Deflation Thread" daemon [_thread_blocked, id=25616, stack(0x0000004d0bc00000,0x0000004d0bd00000)]
  0x000001926bc2fee0 JavaThread "C2 CompilerThread0" daemon [_thread_in_native, id=3684, stack(0x0000004d0bd00000,0x0000004d0be00000)]
  0x000001926bc31120 JavaThread "C1 CompilerThread0" daemon [_thread_blocked, id=17092, stack(0x0000004d0be00000,0x0000004d0bf00000)]
  0x000001926bc357b0 JavaThread "Sweeper thread" daemon [_thread_blocked, id=23448, stack(0x0000004d0bf00000,0x0000004d0c000000)]
  0x000001926bd9b890 JavaThread "Notification Thread" daemon [_thread_blocked, id=26716, stack(0x0000004d0c000000,0x0000004d0c100000)]
  0x000001926bda5da0 JavaThread "Common-Cleaner" daemon [_thread_blocked, id=24524, stack(0x0000004d0c200000,0x0000004d0c300000)]
=>0x000001926c1064e0 JavaThread "C2 CompilerThread1" daemon [_thread_in_native, id=15416, stack(0x0000004d0c300000,0x0000004d0c400000)]

Other Threads:
  0x000001926b163400 VMThread "VM Thread" [stack: 0x0000004d0b600000,0x0000004d0b700000] [id=7884]
  0x0000019251550310 WatcherThread [stack: 0x0000004d0c100000,0x0000004d0c200000] [id=24792]
  0x0000019251538a70 GCTaskThread "GC Thread#0" [stack: 0x0000004d0b100000,0x0000004d0b200000] [id=27460]
  0x000001926c1ab810 GCTaskThread "GC Thread#1" [stack: 0x0000004d0c400000,0x0000004d0c500000] [id=23656]
  0x000001926c3d69f0 GCTaskThread "GC Thread#2" [stack: 0x0000004d0c500000,0x0000004d0c600000] [id=20776]
  0x000001926c40ac20 GCTaskThread "GC Thread#3" [stack: 0x0000004d0c600000,0x0000004d0c700000] [id=17556]
  0x000001926c40aed0 GCTaskThread "GC Thread#4" [stack: 0x0000004d0c700000,0x0000004d0c800000] [id=7596]
  0x000001926c73a450 GCTaskThread "GC Thread#5" [stack: 0x0000004d0c800000,0x0000004d0c900000] [id=3580]
  0x000001926d307a50 GCTaskThread "GC Thread#6" [stack: 0x0000004d0c900000,0x0000004d0ca00000] [id=22268]
  0x000001926d1090b0 GCTaskThread "GC Thread#7" [stack: 0x0000004d0ca00000,0x0000004d0cb00000] [id=28200]
  0x000001926d10a0d0 GCTaskThread "GC Thread#8" [stack: 0x0000004d0cb00000,0x0000004d0cc00000] [id=26656]
  0x000001926d10a380 GCTaskThread "GC Thread#9" [stack: 0x0000004d0cc00000,0x0000004d0cd00000] [id=20028]
  0x0000019251548650 ConcurrentGCThread "G1 Main Marker" [stack: 0x0000004d0b200000,0x0000004d0b300000] [id=25480]
  0x0000019251549f10 ConcurrentGCThread "G1 Conc#0" [stack: 0x0000004d0b300000,0x0000004d0b400000] [id=23052]
  0x000001926d109e20 ConcurrentGCThread "G1 Conc#1" [stack: 0x0000004d0cd00000,0x0000004d0ce00000] [id=3532]
  0x000001926d108e00 ConcurrentGCThread "G1 Conc#2" [stack: 0x0000004d0ce00000,0x0000004d0cf00000] [id=26816]
  0x0000019251598a10 ConcurrentGCThread "G1 Refine#0" [stack: 0x0000004d0b400000,0x0000004d0b500000] [id=19212]
  0x000001926fb79bc0 ConcurrentGCThread "G1 Refine#1" [stack: 0x0000004d0cf00000,0x0000004d0d000000] [id=8316]
  0x00000192515992d0 ConcurrentGCThread "G1 Service" [stack: 0x0000004d0b500000,0x0000004d0b600000] [id=24936]

Threads with active compile tasks:
C2 CompilerThread0     3882 6680       4       org.jetbrains.kotlin.util.slicedMap.OpenAddressLinearProbingHashTable::get (91 bytes)
C1 CompilerThread0     3882 6812       3       org.jetbrains.kotlin.resolve.ObservableBindingTrace::getBindingContext (18 bytes)
C2 CompilerThread1     3882 6540       4       org.jetbrains.kotlin.cli.jvm.index.JvmDependenciesIndexImpl::search (379 bytes)

VM state: not at safepoint (normal execution)

VM Mutex/Monitor currently owned by a thread:  ([mutex/lock_event])
[0x00000192514d9370] Compile_lock - owner thread: 0x0000000000000000

Heap address: 0x000000008a600000, size: 1882 MB, Compressed Oops mode: 32-bit

CDS archive(s) not mapped
Compressed class space mapped at: 0x0000000100000000-0x0000000140000000, reserved size: 1073741824
Narrow klass base: 0x0000000000000000, Narrow klass shift: 3, Narrow klass range: 0x140000000

GC Precious Log:
 CPUs: 12 total, 12 available
 Memory: 7521M
 Large Page Support: Disabled
 NUMA Support: Disabled
 Compressed Oops: Enabled (32-bit)
 Heap Region Size: 1M
 Heap Min Capacity: 8M
 Heap Initial Capacity: 118M
 Heap Max Capacity: 1882M
 Pre-touch: Disabled
 Parallel Workers: 10
 Concurrent Workers: 3
 Concurrent Refinement Workers: 10
 Periodic GC: Disabled

Heap:
 garbage-first heap   total 108544K, used 76248K [0x000000008a600000, 0x0000000100000000)
  region size 1024K, 30 young (30720K), 5 survivors (5120K)
 Metaspace       used 59058K, committed 59328K, reserved 1105920K
  class space    used 6973K, committed 7104K, reserved 1048576K

Heap Regions: E=young(eden), S=young(survivor), O=old, HS=humongous(starts), HC=humongous(continues), CS=collection set, F=free, OA=open archive, CA=closed archive, TAMS=top-at-mark-start (previous, next)
|   0|0x000000008a600000, 0x000000008a700000, 0x000000008a700000|100%|HS|  |TAMS 0x000000008a700000, 0x000000008a600000| Complete 
|   1|0x000000008a700000, 0x000000008a800000, 0x000000008a800000|100%|HC|  |TAMS 0x000000008a800000, 0x000000008a700000| Complete 
|   2|0x000000008a800000, 0x000000008a900000, 0x000000008a900000|100%|HC|  |TAMS 0x000000008a900000, 0x000000008a800000| Complete 
|   3|0x000000008a900000, 0x000000008aa00000, 0x000000008aa00000|100%|HC|  |TAMS 0x000000008aa00000, 0x000000008a900000| Complete 
|   4|0x000000008aa00000, 0x000000008ab00000, 0x000000008ab00000|100%| O|  |TAMS 0x000000008ab00000, 0x000000008aa00000| Untracked 
|   5|0x000000008ab00000, 0x000000008ac00000, 0x000000008ac00000|100%| O|  |TAMS 0x000000008ac00000, 0x000000008ab00000| Untracked 
|   6|0x000000008ac00000, 0x000000008ad00000, 0x000000008ad00000|100%| O|  |TAMS 0x000000008ad00000, 0x000000008ac00000| Untracked 
|   7|0x000000008ad00000, 0x000000008ae00000, 0x000000008ae00000|100%| O|  |TAMS 0x000000008ad00000, 0x000000008ad00000| Untracked 
|   8|0x000000008ae00000, 0x000000008af00000, 0x000000008af00000|100%|HS|  |TAMS 0x000000008af00000, 0x000000008ae00000| Complete 
|   9|0x000000008af00000, 0x000000008b000000, 0x000000008b000000|100%|HC|  |TAMS 0x000000008b000000, 0x000000008af00000| Complete 
|  10|0x000000008b000000, 0x000000008b100000, 0x000000008b100000|100%|HC|  |TAMS 0x000000008b100000, 0x000000008b000000| Complete 
|  11|0x000000008b100000, 0x000000008b200000, 0x000000008b200000|100%|HC|  |TAMS 0x000000008b200000, 0x000000008b100000| Complete 
|  12|0x000000008b200000, 0x000000008b300000, 0x000000008b300000|100%| O|  |TAMS 0x000000008b300000, 0x000000008b200000| Untracked 
|  13|0x000000008b300000, 0x000000008b400000, 0x000000008b400000|100%| O|  |TAMS 0x000000008b400000, 0x000000008b300000| Untracked 
|  14|0x000000008b400000, 0x000000008b500000, 0x000000008b500000|100%|HS|  |TAMS 0x000000008b400000, 0x000000008b400000| Complete 
|  15|0x000000008b500000, 0x000000008b600000, 0x000000008b600000|100%|HC|  |TAMS 0x000000008b500000, 0x000000008b500000| Complete 
|  16|0x000000008b600000, 0x000000008b700000, 0x000000008b700000|100%| O|  |TAMS 0x000000008b600000, 0x000000008b600000| Untracked 
|  17|0x000000008b700000, 0x000000008b800000, 0x000000008b800000|100%| O|  |TAMS 0x000000008b700000, 0x000000008b700000| Untracked 
|  18|0x000000008b800000, 0x000000008b900000, 0x000000008b900000|100%| O|  |TAMS 0x000000008b800000, 0x000000008b800000| Untracked 
|  19|0x000000008b900000, 0x000000008ba00000, 0x000000008ba00000|100%| O|  |TAMS 0x000000008b900000, 0x000000008b900000| Untracked 
|  20|0x000000008ba00000, 0x000000008bb00000, 0x000000008bb00000|100%| O|  |TAMS 0x000000008bb00000, 0x000000008ba00000| Untracked 
|  21|0x000000008bb00000, 0x000000008bc00000, 0x000000008bc00000|100%| O|  |TAMS 0x000000008bc00000, 0x000000008bb00000| Untracked 
|  22|0x000000008bc00000, 0x000000008bd00000, 0x000000008bd00000|100%| O|  |TAMS 0x000000008bd00000, 0x000000008bc00000| Untracked 
|  23|0x000000008bd00000, 0x000000008be00000, 0x000000008be00000|100%| O|  |TAMS 0x000000008bd6b200, 0x000000008bd00000| Untracked 
|  24|0x000000008be00000, 0x000000008bf00000, 0x000000008bf00000|100%| O|  |TAMS 0x000000008be00000, 0x000000008be00000| Untracked 
|  25|0x000000008bf00000, 0x000000008c000000, 0x000000008c000000|100%| O|  |TAMS 0x000000008bf00000, 0x000000008bf00000| Untracked 
|  26|0x000000008c000000, 0x000000008c100000, 0x000000008c100000|100%| O|  |TAMS 0x000000008c000000, 0x000000008c000000| Untracked 
|  27|0x000000008c100000, 0x000000008c200000, 0x000000008c200000|100%| O|  |TAMS 0x000000008c100000, 0x000000008c100000| Untracked 
|  28|0x000000008c200000, 0x000000008c300000, 0x000000008c300000|100%| O|  |TAMS 0x000000008c200000, 0x000000008c200000| Untracked 
|  29|0x000000008c300000, 0x000000008c400000, 0x000000008c400000|100%| O|  |TAMS 0x000000008c300000, 0x000000008c300000| Untracked 
|  30|0x000000008c400000, 0x000000008c500000, 0x000000008c500000|100%| O|  |TAMS 0x000000008c400000, 0x000000008c400000| Untracked 
|  31|0x000000008c500000, 0x000000008c600000, 0x000000008c600000|100%| O|  |TAMS 0x000000008c500000, 0x000000008c500000| Untracked 
|  32|0x000000008c600000, 0x000000008c700000, 0x000000008c700000|100%| O|  |TAMS 0x000000008c600000, 0x000000008c600000| Untracked 
|  33|0x000000008c700000, 0x000000008c800000, 0x000000008c800000|100%| O|  |TAMS 0x000000008c700000, 0x000000008c700000| Untracked 
|  34|0x000000008c800000, 0x000000008c900000, 0x000000008c900000|100%| O|  |TAMS 0x000000008c800000, 0x000000008c800000| Untracked 
|  35|0x000000008c900000, 0x000000008ca00000, 0x000000008ca00000|100%| O|  |TAMS 0x000000008c900000, 0x000000008c900000| Untracked 
|  36|0x000000008ca00000, 0x000000008cb00000, 0x000000008cb00000|100%| O|  |TAMS 0x000000008ca00000, 0x000000008ca00000| Untracked 
|  37|0x000000008cb00000, 0x000000008cc00000, 0x000000008cc00000|100%| O|  |TAMS 0x000000008cb00000, 0x000000008cb00000| Untracked 
|  38|0x000000008cc00000, 0x000000008cd00000, 0x000000008cd00000|100%| O|  |TAMS 0x000000008cc00000, 0x000000008cc00000| Untracked 
|  39|0x000000008cd00000, 0x000000008ce00000, 0x000000008ce00000|100%| O|  |TAMS 0x000000008cd00000, 0x000000008cd00000| Untracked 
|  40|0x000000008ce00000, 0x000000008cf00000, 0x000000008cf00000|100%| O|  |TAMS 0x000000008ce00000, 0x000000008ce00000| Untracked 
|  41|0x000000008cf00000, 0x000000008d000000, 0x000000008d000000|100%| O|  |TAMS 0x000000008cf00000, 0x000000008cf00000| Untracked 
|  42|0x000000008d000000, 0x000000008d100000, 0x000000008d100000|100%| O|  |TAMS 0x000000008d000000, 0x000000008d000000| Untracked 
|  43|0x000000008d100000, 0x000000008d200000, 0x000000008d200000|100%| O|  |TAMS 0x000000008d100000, 0x000000008d100000| Untracked 
|  44|0x000000008d200000, 0x000000008d300000, 0x000000008d300000|100%| O|  |TAMS 0x000000008d200000, 0x000000008d200000| Untracked 
|  45|0x000000008d300000, 0x000000008d376200, 0x000000008d400000| 46%| O|  |TAMS 0x000000008d300000, 0x000000008d300000| Untracked 
|  46|0x000000008d400000, 0x000000008d400000, 0x000000008d500000|  0%| F|  |TAMS 0x000000008d400000, 0x000000008d400000| Untracked 
|  47|0x000000008d500000, 0x000000008d500000, 0x000000008d600000|  0%| F|  |TAMS 0x000000008d500000, 0x000000008d500000| Untracked 
|  48|0x000000008d600000, 0x000000008d600000, 0x000000008d700000|  0%| F|  |TAMS 0x000000008d600000, 0x000000008d600000| Untracked 
|  49|0x000000008d700000, 0x000000008d700000, 0x000000008d800000|  0%| F|  |TAMS 0x000000008d700000, 0x000000008d700000| Untracked 
|  50|0x000000008d800000, 0x000000008d800000, 0x000000008d900000|  0%| F|  |TAMS 0x000000008d800000, 0x000000008d800000| Untracked 
|  51|0x000000008d900000, 0x000000008d900000, 0x000000008da00000|  0%| F|  |TAMS 0x000000008d900000, 0x000000008d900000| Untracked 
|  52|0x000000008da00000, 0x000000008da00000, 0x000000008db00000|  0%| F|  |TAMS 0x000000008da00000, 0x000000008da00000| Untracked 
|  53|0x000000008db00000, 0x000000008db00000, 0x000000008dc00000|  0%| F|  |TAMS 0x000000008db00000, 0x000000008db00000| Untracked 
|  54|0x000000008dc00000, 0x000000008dc00000, 0x000000008dd00000|  0%| F|  |TAMS 0x000000008dc00000, 0x000000008dc00000| Untracked 
|  55|0x000000008dd00000, 0x000000008dd00000, 0x000000008de00000|  0%| F|  |TAMS 0x000000008dd00000, 0x000000008dd00000| Untracked 
|  56|0x000000008de00000, 0x000000008de00000, 0x000000008df00000|  0%| F|  |TAMS 0x000000008de00000, 0x000000008de00000| Untracked 
|  57|0x000000008df00000, 0x000000008df00000, 0x000000008e000000|  0%| F|  |TAMS 0x000000008df00000, 0x000000008df00000| Untracked 
|  58|0x000000008e000000, 0x000000008e000000, 0x000000008e100000|  0%| F|  |TAMS 0x000000008e000000, 0x000000008e000000| Untracked 
|  59|0x000000008e100000, 0x000000008e100000, 0x000000008e200000|  0%| F|  |TAMS 0x000000008e100000, 0x000000008e100000| Untracked 
|  60|0x000000008e200000, 0x000000008e200000, 0x000000008e300000|  0%| F|  |TAMS 0x000000008e200000, 0x000000008e200000| Untracked 
|  61|0x000000008e300000, 0x000000008e300000, 0x000000008e400000|  0%| F|  |TAMS 0x000000008e300000, 0x000000008e300000| Untracked 
|  62|0x000000008e400000, 0x000000008e500000, 0x000000008e500000|100%| S|CS|TAMS 0x000000008e400000, 0x000000008e400000| Complete 
|  63|0x000000008e500000, 0x000000008e600000, 0x000000008e600000|100%| S|CS|TAMS 0x000000008e500000, 0x000000008e500000| Complete 
|  64|0x000000008e600000, 0x000000008e700000, 0x000000008e700000|100%| S|CS|TAMS 0x000000008e600000, 0x000000008e600000| Complete 
|  65|0x000000008e700000, 0x000000008e800000, 0x000000008e800000|100%| S|CS|TAMS 0x000000008e700000, 0x000000008e700000| Complete 
|  66|0x000000008e800000, 0x000000008e900000, 0x000000008e900000|100%| S|CS|TAMS 0x000000008e800000, 0x000000008e800000| Complete 
|  67|0x000000008e900000, 0x000000008e900000, 0x000000008ea00000|  0%| F|  |TAMS 0x000000008e900000, 0x000000008e900000| Untracked 
|  68|0x000000008ea00000, 0x000000008ea00000, 0x000000008eb00000|  0%| F|  |TAMS 0x000000008ea00000, 0x000000008ea00000| Untracked 
|  69|0x000000008eb00000, 0x000000008eb00000, 0x000000008ec00000|  0%| F|  |TAMS 0x000000008eb00000, 0x000000008eb00000| Untracked 
|  70|0x000000008ec00000, 0x000000008ec00000, 0x000000008ed00000|  0%| F|  |TAMS 0x000000008ec00000, 0x000000008ec00000| Untracked 
|  71|0x000000008ed00000, 0x000000008ed00000, 0x000000008ee00000|  0%| F|  |TAMS 0x000000008ed00000, 0x000000008ed00000| Untracked 
|  72|0x000000008ee00000, 0x000000008ee00000, 0x000000008ef00000|  0%| F|  |TAMS 0x000000008ee00000, 0x000000008ee00000| Untracked 
|  73|0x000000008ef00000, 0x000000008ef00000, 0x000000008f000000|  0%| F|  |TAMS 0x000000008ef00000, 0x000000008ef00000| Untracked 
|  74|0x000000008f000000, 0x000000008f000000, 0x000000008f100000|  0%| F|  |TAMS 0x000000008f000000, 0x000000008f000000| Untracked 
|  75|0x000000008f100000, 0x000000008f100000, 0x000000008f200000|  0%| F|  |TAMS 0x000000008f100000, 0x000000008f100000| Untracked 
|  76|0x000000008f200000, 0x000000008f200000, 0x000000008f300000|  0%| F|  |TAMS 0x000000008f200000, 0x000000008f200000| Untracked 
|  77|0x000000008f300000, 0x000000008f300000, 0x000000008f400000|  0%| F|  |TAMS 0x000000008f300000, 0x000000008f300000| Untracked 
|  78|0x000000008f400000, 0x000000008f400000, 0x000000008f500000|  0%| F|  |TAMS 0x000000008f400000, 0x000000008f400000| Untracked 
|  79|0x000000008f500000, 0x000000008f500000, 0x000000008f600000|  0%| F|  |TAMS 0x000000008f500000, 0x000000008f500000| Untracked 
|  80|0x000000008f600000, 0x000000008f600000, 0x000000008f700000|  0%| F|  |TAMS 0x000000008f600000, 0x000000008f600000| Untracked 
|  81|0x000000008f700000, 0x000000008f800000, 0x000000008f800000|100%| E|  |TAMS 0x000000008f700000, 0x000000008f700000| Complete 
|  82|0x000000008f800000, 0x000000008f900000, 0x000000008f900000|100%| E|CS|TAMS 0x000000008f800000, 0x000000008f800000| Complete 
|  83|0x000000008f900000, 0x000000008fa00000, 0x000000008fa00000|100%| E|CS|TAMS 0x000000008f900000, 0x000000008f900000| Complete 
|  84|0x000000008fa00000, 0x000000008fb00000, 0x000000008fb00000|100%| E|CS|TAMS 0x000000008fa00000, 0x000000008fa00000| Complete 
|  85|0x000000008fb00000, 0x000000008fc00000, 0x000000008fc00000|100%| E|CS|TAMS 0x000000008fb00000, 0x000000008fb00000| Complete 
|  86|0x000000008fc00000, 0x000000008fd00000, 0x000000008fd00000|100%| E|CS|TAMS 0x000000008fc00000, 0x000000008fc00000| Complete 
|  87|0x000000008fd00000, 0x000000008fe00000, 0x000000008fe00000|100%| E|CS|TAMS 0x000000008fd00000, 0x000000008fd00000| Complete 
|  88|0x000000008fe00000, 0x000000008ff00000, 0x000000008ff00000|100%| E|CS|TAMS 0x000000008fe00000, 0x000000008fe00000| Complete 
|  89|0x000000008ff00000, 0x0000000090000000, 0x0000000090000000|100%| E|CS|TAMS 0x000000008ff00000, 0x000000008ff00000| Complete 
|  90|0x0000000090000000, 0x0000000090100000, 0x0000000090100000|100%| E|CS|TAMS 0x0000000090000000, 0x0000000090000000| Complete 
|  91|0x0000000090100000, 0x0000000090200000, 0x0000000090200000|100%| E|CS|TAMS 0x0000000090100000, 0x0000000090100000| Complete 
|  92|0x0000000090200000, 0x0000000090300000, 0x0000000090300000|100%| E|CS|TAMS 0x0000000090200000, 0x0000000090200000| Complete 
|  93|0x0000000090300000, 0x0000000090400000, 0x0000000090400000|100%| E|CS|TAMS 0x0000000090300000, 0x0000000090300000| Complete 
|  94|0x0000000090400000, 0x0000000090500000, 0x0000000090500000|100%| E|CS|TAMS 0x0000000090400000, 0x0000000090400000| Complete 
|  95|0x0000000090500000, 0x0000000090600000, 0x0000000090600000|100%| E|CS|TAMS 0x0000000090500000, 0x0000000090500000| Complete 
|  96|0x0000000090600000, 0x0000000090700000, 0x0000000090700000|100%| E|CS|TAMS 0x0000000090600000, 0x0000000090600000| Complete 
|  97|0x0000000090700000, 0x0000000090800000, 0x0000000090800000|100%| E|CS|TAMS 0x0000000090700000, 0x0000000090700000| Complete 
|  98|0x0000000090800000, 0x0000000090900000, 0x0000000090900000|100%| E|CS|TAMS 0x0000000090800000, 0x0000000090800000| Complete 
|  99|0x0000000090900000, 0x0000000090a00000, 0x0000000090a00000|100%| E|CS|TAMS 0x0000000090900000, 0x0000000090900000| Complete 
| 100|0x0000000090a00000, 0x0000000090b00000, 0x0000000090b00000|100%| E|CS|TAMS 0x0000000090a00000, 0x0000000090a00000| Complete 
| 112|0x0000000091600000, 0x0000000091700000, 0x0000000091700000|100%| E|CS|TAMS 0x0000000091600000, 0x0000000091600000| Complete 
| 113|0x0000000091700000, 0x0000000091800000, 0x0000000091800000|100%| E|CS|TAMS 0x0000000091700000, 0x0000000091700000| Complete 
| 114|0x0000000091800000, 0x0000000091900000, 0x0000000091900000|100%| E|CS|TAMS 0x0000000091800000, 0x0000000091800000| Complete 
| 115|0x0000000091900000, 0x0000000091a00000, 0x0000000091a00000|100%| E|CS|TAMS 0x0000000091900000, 0x0000000091900000| Complete 
| 117|0x0000000091b00000, 0x0000000091c00000, 0x0000000091c00000|100%| E|CS|TAMS 0x0000000091b00000, 0x0000000091b00000| Complete 

Card table byte_map: [0x00000192642a0000,0x0000019264650000] _byte_map_base: 0x0000019263e4d000

Marking Bits (Prev, Next): (CMBitMap*) 0x0000019251539080, (CMBitMap*) 0x00000192515390c0
 Prev Bits: [0x0000019264a00000, 0x0000019266768000)
 Next Bits: [0x0000019266770000, 0x00000192684d8000)

Polling page: 0x000001924f4a0000

Metaspace:

Usage:
  Non-class:     50.87 MB used.
      Class:      6.81 MB used.
       Both:     57.68 MB used.

Virtual space:
  Non-class space:       56.00 MB reserved,      51.00 MB ( 91%) committed,  7 nodes.
      Class space:        1.00 GB reserved,       6.94 MB ( <1%) committed,  1 nodes.
             Both:        1.05 GB reserved,      57.94 MB (  5%) committed. 

Chunk freelists:
   Non-Class:  802.00 KB
       Class:  1.01 MB
        Both:  1.80 MB

MaxMetaspaceSize: unlimited
CompressedClassSpaceSize: 1.00 GB
Initial GC threshold: 21.00 MB
Current GC threshold: 58.88 MB
CDS: off
MetaspaceReclaimPolicy: balanced
 - commit_granule_bytes: 65536.
 - commit_granule_words: 8192.
 - virtual_space_node_default_size: 1048576.
 - enlarge_chunks_in_place: 1.
 - new_chunks_are_fully_committed: 0.
 - uncommit_free_chunks: 1.
 - use_allocation_guard: 0.
 - handle_deallocations: 1.


Internal statistics:

num_allocs_failed_limit: 6.
num_arena_births: 278.
num_arena_deaths: 0.
num_vsnodes_births: 8.
num_vsnodes_deaths: 0.
num_space_committed: 925.
num_space_uncommitted: 0.
num_chunks_returned_to_freelist: 6.
num_chunks_taken_from_freelist: 2057.
num_chunk_merges: 6.
num_chunk_splits: 1639.
num_chunks_enlarged: 1436.
num_purges: 0.
num_inconsistent_stats: 0.

CodeHeap 'non-profiled nmethods': size=120000Kb used=2639Kb max_used=2947Kb free=117360Kb
 bounds [0x000001925c470000, 0x000001925c760000, 0x00000192639a0000]
CodeHeap 'profiled nmethods': size=120000Kb used=12519Kb max_used=13713Kb free=107480Kb
 bounds [0x00000192549a0000, 0x0000019255720000, 0x000001925bed0000]
CodeHeap 'non-nmethods': size=5760Kb used=1300Kb max_used=1354Kb free=4459Kb
 bounds [0x000001925bed0000, 0x000001925c140000, 0x000001925c470000]
 total_blobs=6454 nmethods=5838 adapters=527
 compilation: enabled
              stopped_count=0, restarted_count=0
 full_count=0

Compilation events (20 events):
Event: 3.867 Thread 0x000001926bc31120 6777       3       org.jetbrains.kotlin.builtins.KotlinBuiltIns::isNotNullConstructedFromGivenClass (39 bytes)
Event: 3.867 Thread 0x000001926bc31120 nmethod 6777 0x0000019254b79990 code [0x0000019254b79ba0, 0x0000019254b7a0e8]
Event: 3.867 Thread 0x000001926bc31120 6781       3       org.jetbrains.kotlin.resolve.lazy.descriptors.LazyClassDescriptor$LazyClassTypeConstructor::getDeclarationDescriptor (5 bytes)
Event: 3.868 Thread 0x000001926bc31120 nmethod 6781 0x00000192551fd390 code [0x00000192551fd540, 0x00000192551fd728]
Event: 3.868 Thread 0x000001926bc31120 6784       3       org.jetbrains.kotlin.resolve.calls.tower.CandidateApplicabilityKt::isSuccess (25 bytes)
Event: 3.868 Thread 0x000001926bc31120 nmethod 6784 0x0000019254dfe110 code [0x0000019254dfe320, 0x0000019254dfe928]
Event: 3.868 Thread 0x000001926bc31120 6778       1       org.jetbrains.kotlin.resolve.calls.tasks.OldResolutionCandidate::getDispatchReceiver (5 bytes)
Event: 3.868 Thread 0x000001926bc31120 nmethod 6778 0x000001925c561e90 code [0x000001925c562020, 0x000001925c5620f8]
Event: 3.868 Thread 0x000001926bc31120 6779       1       org.jetbrains.kotlin.resolve.calls.model.GivenCandidate::getDispatchReceiver (5 bytes)
Event: 3.868 Thread 0x000001926bc31120 nmethod 6779 0x000001925c561a10 code [0x000001925c561ba0, 0x000001925c561c78]
Event: 3.868 Thread 0x000001926bc31120 6782       1       org.jetbrains.kotlin.resolve.constants.TypedCompileTimeConstant::getParameters (5 bytes)
Event: 3.868 Thread 0x000001926bc31120 nmethod 6782 0x000001925c6ec610 code [0x000001925c6ec7a0, 0x000001925c6ec878]
Event: 3.868 Thread 0x000001926bc31120 6783       1       org.jetbrains.kotlin.resolve.scopes.receivers.ReceiverValueWithSmartCastInfo::getReceiverValue (5 bytes)
Event: 3.868 Thread 0x000001926bc31120 nmethod 6783 0x000001925c6ec310 code [0x000001925c6ec4a0, 0x000001925c6ec578]
Event: 3.868 Thread 0x000001926bc31120 6786       1       org.jetbrains.kotlin.resolve.calls.results.SingleOverloadResolutionResult::getResultingCall (5 bytes)
Event: 3.868 Thread 0x000001926bc31120 nmethod 6786 0x000001925c6ec010 code [0x000001925c6ec1a0, 0x000001925c6ec278]
Event: 3.869 Thread 0x000001926bc31120 6788       3       org.jetbrains.kotlin.resolve.jvm.multiplatform.OptionalAnnotationPackageFragmentProvider::getPackages (17 bytes)
Event: 3.869 Thread 0x000001926bc31120 nmethod 6788 0x000001925518b890 code [0x000001925518bb40, 0x000001925518c7a8]
Event: 3.870 Thread 0x000001926bc31120 6789       3       org.jetbrains.kotlin.com.intellij.util.io.FileAccessorCache$Handle::allocate (9 bytes)
Event: 3.870 Thread 0x000001926bc31120 nmethod 6789 0x0000019255198390 code [0x0000019255198540, 0x0000019255198688]

GC Heap History (20 events):
Event: 1.121 GC heap before
{Heap before GC invocations=2 (full 0):
 garbage-first heap   total 120832K, used 12140K [0x000000008a600000, 0x0000000100000000)
  region size 1024K, 6 young (6144K), 4 survivors (4096K)
 Metaspace       used 21311K, committed 21504K, reserved 1073152K
  class space    used 2325K, committed 2432K, reserved 1048576K
}
Event: 1.126 GC heap after
{Heap after GC invocations=3 (full 0):
 garbage-first heap   total 120832K, used 11369K [0x000000008a600000, 0x0000000100000000)
  region size 1024K, 4 young (4096K), 4 survivors (4096K)
 Metaspace       used 21311K, committed 21504K, reserved 1073152K
  class space    used 2325K, committed 2432K, reserved 1048576K
}
Event: 1.385 GC heap before
{Heap before GC invocations=4 (full 0):
 garbage-first heap   total 45056K, used 34921K [0x000000008a600000, 0x0000000100000000)
  region size 1024K, 24 young (24576K), 4 survivors (4096K)
 Metaspace       used 27483K, committed 27712K, reserved 1073152K
  class space    used 3025K, committed 3136K, reserved 1048576K
}
Event: 1.391 GC heap after
{Heap after GC invocations=5 (full 0):
 garbage-first heap   total 45056K, used 17238K [0x000000008a600000, 0x0000000100000000)
  region size 1024K, 6 young (6144K), 6 survivors (6144K)
 Metaspace       used 27483K, committed 27712K, reserved 1073152K
  class space    used 3025K, committed 3136K, reserved 1048576K
}
Event: 1.398 GC heap before
{Heap before GC invocations=5 (full 0):
 garbage-first heap   total 45056K, used 18262K [0x000000008a600000, 0x0000000100000000)
  region size 1024K, 7 young (7168K), 6 survivors (6144K)
 Metaspace       used 27768K, committed 27968K, reserved 1081344K
  class space    used 3054K, committed 3136K, reserved 1048576K
}
Event: 1.403 GC heap after
{Heap after GC invocations=6 (full 0):
 garbage-first heap   total 45056K, used 17791K [0x000000008a600000, 0x0000000100000000)
  region size 1024K, 1 young (1024K), 1 survivors (1024K)
 Metaspace       used 27768K, committed 27968K, reserved 1081344K
  class space    used 3054K, committed 3136K, reserved 1048576K
}
Event: 1.581 GC heap before
{Heap before GC invocations=6 (full 0):
 garbage-first heap   total 45056K, used 33151K [0x000000008a600000, 0x0000000100000000)
  region size 1024K, 17 young (17408K), 1 survivors (1024K)
 Metaspace       used 31851K, committed 32064K, reserved 1081344K
  class space    used 3865K, committed 3968K, reserved 1048576K
}
Event: 1.584 GC heap after
{Heap after GC invocations=7 (full 0):
 garbage-first heap   total 90112K, used 18984K [0x000000008a600000, 0x0000000100000000)
  region size 1024K, 3 young (3072K), 3 survivors (3072K)
 Metaspace       used 31851K, committed 32064K, reserved 1081344K
  class space    used 3865K, committed 3968K, reserved 1048576K
}
Event: 1.824 GC heap before
{Heap before GC invocations=7 (full 0):
 garbage-first heap   total 90112K, used 47656K [0x000000008a600000, 0x0000000100000000)
  region size 1024K, 30 young (30720K), 3 survivors (3072K)
 Metaspace       used 35804K, committed 35968K, reserved 1081344K
  class space    used 4493K, committed 4544K, reserved 1048576K
}
Event: 1.832 GC heap after
{Heap after GC invocations=8 (full 0):
 garbage-first heap   total 90112K, used 26321K [0x000000008a600000, 0x0000000100000000)
  region size 1024K, 7 young (7168K), 7 survivors (7168K)
 Metaspace       used 35804K, committed 35968K, reserved 1081344K
  class space    used 4493K, committed 4544K, reserved 1048576K
}
Event: 2.184 GC heap before
{Heap before GC invocations=9 (full 0):
 garbage-first heap   total 90112K, used 64209K [0x000000008a600000, 0x0000000100000000)
  region size 1024K, 44 young (45056K), 7 survivors (7168K)
 Metaspace       used 42497K, committed 42752K, reserved 1089536K
  class space    used 5181K, committed 5312K, reserved 1048576K
}
Event: 2.193 GC heap after
{Heap after GC invocations=10 (full 0):
 garbage-first heap   total 90112K, used 29131K [0x000000008a600000, 0x0000000100000000)
  region size 1024K, 5 young (5120K), 5 survivors (5120K)
 Metaspace       used 42497K, committed 42752K, reserved 1089536K
  class space    used 5181K, committed 5312K, reserved 1048576K
}
Event: 2.631 GC heap before
{Heap before GC invocations=10 (full 0):
 garbage-first heap   total 90112K, used 65995K [0x000000008a600000, 0x0000000100000000)
  region size 1024K, 39 young (39936K), 5 survivors (5120K)
 Metaspace       used 49737K, committed 49984K, reserved 1097728K
  class space    used 6015K, committed 6144K, reserved 1048576K
}
Event: 2.639 GC heap after
{Heap after GC invocations=11 (full 0):
 garbage-first heap   total 90112K, used 35785K [0x000000008a600000, 0x0000000100000000)
  region size 1024K, 5 young (5120K), 5 survivors (5120K)
 Metaspace       used 49737K, committed 49984K, reserved 1097728K
  class space    used 6015K, committed 6144K, reserved 1048576K
}
Event: 2.908 GC heap before
{Heap before GC invocations=11 (full 0):
 garbage-first heap   total 90112K, used 68553K [0x000000008a600000, 0x0000000100000000)
  region size 1024K, 36 young (36864K), 5 survivors (5120K)
 Metaspace       used 53146K, committed 53440K, reserved 1097728K
  class space    used 6365K, committed 6528K, reserved 1048576K
}
Event: 2.919 GC heap after
{Heap after GC invocations=12 (full 0):
 garbage-first heap   total 108544K, used 41822K [0x000000008a600000, 0x0000000100000000)
  region size 1024K, 5 young (5120K), 5 survivors (5120K)
 Metaspace       used 53146K, committed 53440K, reserved 1097728K
  class space    used 6365K, committed 6528K, reserved 1048576K
}
Event: 3.180 GC heap before
{Heap before GC invocations=12 (full 0):
 garbage-first heap   total 108544K, used 78686K [0x000000008a600000, 0x0000000100000000)
  region size 1024K, 41 young (41984K), 5 survivors (5120K)
 Metaspace       used 56481K, committed 56768K, reserved 1105920K
  class space    used 6813K, committed 6976K, reserved 1048576K
}
Event: 3.189 GC heap after
{Heap after GC invocations=13 (full 0):
 garbage-first heap   total 108544K, used 45004K [0x000000008a600000, 0x0000000100000000)
  region size 1024K, 3 young (3072K), 3 survivors (3072K)
 Metaspace       used 56481K, committed 56768K, reserved 1105920K
  class space    used 6813K, committed 6976K, reserved 1048576K
}
Event: 3.627 GC heap before
{Heap before GC invocations=13 (full 0):
 garbage-first heap   total 108544K, used 81868K [0x000000008a600000, 0x0000000100000000)
  region size 1024K, 39 young (39936K), 3 survivors (3072K)
 Metaspace       used 58041K, committed 58368K, reserved 1105920K
  class space    used 6888K, committed 7040K, reserved 1048576K
}
Event: 3.638 GC heap after
{Heap after GC invocations=14 (full 0):
 garbage-first heap   total 108544K, used 51672K [0x000000008a600000, 0x0000000100000000)
  region size 1024K, 5 young (5120K), 5 survivors (5120K)
 Metaspace       used 58041K, committed 58368K, reserved 1105920K
  class space    used 6888K, committed 7040K, reserved 1048576K
}

Dll operation events (2 events):
Event: 0.004 Loaded shared library E:\Android Studio\jbr\bin\java.dll
Event: 0.719 Loaded shared library E:\Android Studio\jbr\bin\verify.dll

Deoptimization events (20 events):
Event: 3.861 Thread 0x00000192514dda90 Uncommon trap: trap_request=0xffffffc6 fr.pc=0x000001925c4d3348 relative=0x00000000000003e8
Event: 3.861 Thread 0x00000192514dda90 Uncommon trap: reason=bimorphic_or_optimized_type_check action=maybe_recompile pc=0x000001925c4d3348 method=org.jetbrains.kotlin.builtins.KotlinBuiltIns.isUnderKotlinPackage(Lorg/jetbrains/kotlin/descriptors/DeclarationDescriptor;)Z @ 39 c2
Event: 3.861 Thread 0x00000192514dda90 DEOPT PACKING pc=0x000001925c4d3348 sp=0x0000004d0b0fe100
Event: 3.861 Thread 0x00000192514dda90 DEOPT UNPACKING pc=0x000001925bf269a3 sp=0x0000004d0b0fe0a0 mode 2
Event: 3.861 Thread 0x00000192514dda90 Uncommon trap: trap_request=0xffffffc6 fr.pc=0x000001925c4d3348 relative=0x00000000000003e8
Event: 3.861 Thread 0x00000192514dda90 Uncommon trap: reason=bimorphic_or_optimized_type_check action=maybe_recompile pc=0x000001925c4d3348 method=org.jetbrains.kotlin.builtins.KotlinBuiltIns.isUnderKotlinPackage(Lorg/jetbrains/kotlin/descriptors/DeclarationDescriptor;)Z @ 39 c2
Event: 3.861 Thread 0x00000192514dda90 DEOPT PACKING pc=0x000001925c4d3348 sp=0x0000004d0b0fe0c0
Event: 3.861 Thread 0x00000192514dda90 DEOPT UNPACKING pc=0x000001925bf269a3 sp=0x0000004d0b0fe060 mode 2
Event: 3.862 Thread 0x00000192514dda90 Uncommon trap: trap_request=0xffffffc6 fr.pc=0x000001925c74f10c relative=0x000000000000056c
Event: 3.862 Thread 0x00000192514dda90 Uncommon trap: reason=bimorphic_or_optimized_type_check action=maybe_recompile pc=0x000001925c74f10c method=org.jetbrains.kotlin.types.model.TypeSystemContext$DefaultImpls.typeConstructor(Lorg/jetbrains/kotlin/types/model/TypeSystemContext;Lorg/jetbrains/
Event: 3.862 Thread 0x00000192514dda90 DEOPT PACKING pc=0x000001925c74f10c sp=0x0000004d0b0fd110
Event: 3.862 Thread 0x00000192514dda90 DEOPT UNPACKING pc=0x000001925bf269a3 sp=0x0000004d0b0fd0c0 mode 2
Event: 3.862 Thread 0x00000192514dda90 Uncommon trap: trap_request=0xffffffc6 fr.pc=0x000001925c4d3348 relative=0x00000000000003e8
Event: 3.862 Thread 0x00000192514dda90 Uncommon trap: reason=bimorphic_or_optimized_type_check action=maybe_recompile pc=0x000001925c4d3348 method=org.jetbrains.kotlin.builtins.KotlinBuiltIns.isUnderKotlinPackage(Lorg/jetbrains/kotlin/descriptors/DeclarationDescriptor;)Z @ 39 c2
Event: 3.862 Thread 0x00000192514dda90 DEOPT PACKING pc=0x000001925c4d3348 sp=0x0000004d0b0fe060
Event: 3.862 Thread 0x00000192514dda90 DEOPT UNPACKING pc=0x000001925bf269a3 sp=0x0000004d0b0fe000 mode 2
Event: 3.863 Thread 0x00000192514dda90 Uncommon trap: trap_request=0xffffffc6 fr.pc=0x000001925c74f10c relative=0x000000000000056c
Event: 3.863 Thread 0x00000192514dda90 Uncommon trap: reason=bimorphic_or_optimized_type_check action=maybe_recompile pc=0x000001925c74f10c method=org.jetbrains.kotlin.types.model.TypeSystemContext$DefaultImpls.typeConstructor(Lorg/jetbrains/kotlin/types/model/TypeSystemContext;Lorg/jetbrains/
Event: 3.863 Thread 0x00000192514dda90 DEOPT PACKING pc=0x000001925c74f10c sp=0x0000004d0b0fd110
Event: 3.863 Thread 0x00000192514dda90 DEOPT UNPACKING pc=0x000001925bf269a3 sp=0x0000004d0b0fd0c0 mode 2

Classes unloaded (0 events):
No events

Classes redefined (0 events):
No events

Internal exceptions (20 events):
Event: 1.461 Thread 0x00000192514dda90 Exception <a 'java/lang/NoSuchMethodError'{0x000000008cb92df8}: 'int java.lang.invoke.DirectMethodHandle$Holder.invokeVirtual(java.lang.Object, java.lang.Object)'> (0x000000008cb92df8) 
thrown [s\src\hotspot\share\interpreter\linkResolver.cpp, line 771]
Event: 1.472 Thread 0x00000192514dda90 Exception <a 'java/lang/NoSuchMethodError'{0x000000008ca37a00}: 'java.lang.Object java.lang.invoke.Invokers$Holder.invokeExact_MT(java.lang.Object, java.lang.Object, java.lang.Object, java.lang.Object, java.lang.Object, java.lang.Object)'> (0x000000008ca37a00) 
thrown [s\src\hotspot\share\interpreter\linkResolver.cpp, line 771]
Event: 1.873 Thread 0x00000192514dda90 Exception <a 'java/lang/NoSuchMethodError'{0x00000000916e96b8}: 'java.lang.Object java.lang.invoke.DirectMethodHandle$Holder.invokeVirtual(java.lang.Object, java.lang.Object, java.lang.Object)'> (0x00000000916e96b8) 
thrown [s\src\hotspot\share\interpreter\linkResolver.cpp, line 771]
Event: 2.279 Thread 0x00000192514dda90 Exception <a 'java/lang/NoSuchMethodError'{0x000000008f577648}: 'java.lang.Object java.lang.invoke.DirectMethodHandle$Holder.newInvokeSpecial(java.lang.Object, java.lang.Object, int)'> (0x000000008f577648) 
thrown [s\src\hotspot\share\interpreter\linkResolver.cpp, line 771]
Event: 2.320 Thread 0x00000192514dda90 Implicit null exception at 0x000001925c5b924c to 0x000001925c5b9328
Event: 2.398 Thread 0x00000192514dda90 Exception <a 'java/lang/NoSuchMethodError'{0x000000008efe34d0}: 'java.lang.Object java.lang.invoke.DirectMethodHandle$Holder.newInvokeSpecial(java.lang.Object, java.lang.Object, java.lang.Object, int)'> (0x000000008efe34d0) 
thrown [s\src\hotspot\share\interpreter\linkResolver.cpp, line 771]
Event: 2.398 Thread 0x00000192514dda90 Exception <a 'java/lang/NoSuchMethodError'{0x000000008efe7b58}: 'java.lang.Object java.lang.invoke.DirectMethodHandle$Holder.invokeSpecial(java.lang.Object, java.lang.Object, java.lang.Object, java.lang.Object, int)'> (0x000000008efe7b58) 
thrown [s\src\hotspot\share\interpreter\linkResolver.cpp, line 771]
Event: 2.399 Thread 0x00000192514dda90 Exception <a 'java/lang/NoSuchMethodError'{0x000000008efeb9c8}: 'java.lang.Object java.lang.invoke.Invokers$Holder.linkToTargetMethod(java.lang.Object, java.lang.Object, int, java.lang.Object)'> (0x000000008efeb9c8) 
thrown [s\src\hotspot\share\interpreter\linkResolver.cpp, line 771]
Event: 2.403 Thread 0x00000192514dda90 Exception <a 'java/lang/NoSuchMethodError'{0x000000008ee24b60}: 'java.lang.Object java.lang.invoke.DirectMethodHandle$Holder.invokeInterface(java.lang.Object, java.lang.Object)'> (0x000000008ee24b60) 
thrown [s\src\hotspot\share\interpreter\linkResolver.cpp, line 771]
Event: 2.977 Thread 0x00000192514dda90 Exception <a 'java/lang/NoSuchMethodError'{0x000000008f92b930}: 'java.lang.Object java.lang.invoke.DirectMethodHandle$Holder.newInvokeSpecial(java.lang.Object, java.lang.Object, java.lang.Object, java.lang.Object, java.lang.Object, java.lang.Object)'> (0x000000008f92b930) 
thrown [s\src\hotspot\share\interpreter\linkResolver.cpp, line 771]
Event: 3.031 Thread 0x00000192514dda90 Implicit null exception at 0x000001925c56fd8a to 0x000001925c56ffb4
Event: 3.034 Thread 0x00000192514dda90 Implicit null exception at 0x000001925c4b950c to 0x000001925c4b9754
Event: 3.036 Thread 0x00000192514dda90 Implicit null exception at 0x000001925c4ceb8f to 0x000001925c4cec05
Event: 3.113 Thread 0x00000192514dda90 Exception <a 'java/lang/NoSuchMethodError'{0x000000008f0d5040}: 'java.lang.Object java.lang.invoke.DirectMethodHandle$Holder.invokeStatic(java.lang.Object, java.lang.Object, java.lang.Object, java.lang.Object, int)'> (0x000000008f0d5040) 
thrown [s\src\hotspot\share\interpreter\linkResolver.cpp, line 771]
Event: 3.114 Thread 0x00000192514dda90 Exception <a 'java/lang/NoSuchMethodError'{0x000000008f0ded28}: 'java.lang.Object java.lang.invoke.DirectMethodHandle$Holder.newInvokeSpecial(java.lang.Object, java.lang.Object, java.lang.Object, java.lang.Object, int)'> (0x000000008f0ded28) 
thrown [s\src\hotspot\share\interpreter\linkResolver.cpp, line 771]
Event: 3.114 Thread 0x00000192514dda90 Exception <a 'java/lang/NoSuchMethodError'{0x000000008f0e3b00}: 'java.lang.Object java.lang.invoke.DirectMethodHandle$Holder.invokeSpecial(java.lang.Object, java.lang.Object, java.lang.Object, java.lang.Object, java.lang.Object, int)'> (0x000000008f0e3b00) 
thrown [s\src\hotspot\share\interpreter\linkResolver.cpp, line 771]
Event: 3.114 Thread 0x00000192514dda90 Exception <a 'java/lang/NoSuchMethodError'{0x000000008f0e8288}: 'java.lang.Object java.lang.invoke.Invokers$Holder.linkToTargetMethod(java.lang.Object, java.lang.Object, java.lang.Object, int, java.lang.Object)'> (0x000000008f0e8288) 
thrown [s\src\hotspot\share\interpreter\linkResolver.cpp, line 771]
Event: 3.463 Thread 0x00000192514dda90 Exception <a 'java/lang/NoSuchMethodError'{0x000000008f8a66a8}: 'java.lang.Object java.lang.invoke.DirectMethodHandle$Holder.invokeStaticInit(java.lang.Object, java.lang.Object, java.lang.Object)'> (0x000000008f8a66a8) 
thrown [s\src\hotspot\share\interpreter\linkResolver.cpp, line 771]
Event: 3.752 Thread 0x00000192514dda90 Exception <a 'java/lang/NoSuchMethodError'{0x00000000904f7690}: 'java.lang.Object java.lang.invoke.DirectMethodHandle$Holder.newInvokeSpecial(java.lang.Object, int, java.lang.Object)'> (0x00000000904f7690) 
thrown [s\src\hotspot\share\interpreter\linkResolver.cpp, line 771]
Event: 3.753 Thread 0x00000192514dda90 Exception <a 'java/lang/NoSuchMethodError'{0x00000000904fda48}: 'int java.lang.invoke.DirectMethodHandle$Holder.invokeInterface(java.lang.Object, java.lang.Object)'> (0x00000000904fda48) 
thrown [s\src\hotspot\share\interpreter\linkResolver.cpp, line 771]

VM Operations (20 events):
Event: 3.627 Executing VM operation: G1CollectForAllocation
Event: 3.638 Executing VM operation: G1CollectForAllocation done
Event: 3.699 Executing VM operation: ICBufferFull
Event: 3.699 Executing VM operation: ICBufferFull done
Event: 3.719 Executing VM operation: HandshakeAllThreads
Event: 3.719 Executing VM operation: HandshakeAllThreads done
Event: 3.729 Executing VM operation: HandshakeAllThreads
Event: 3.729 Executing VM operation: HandshakeAllThreads done
Event: 3.730 Executing VM operation: ICBufferFull
Event: 3.730 Executing VM operation: ICBufferFull done
Event: 3.744 Executing VM operation: HandshakeAllThreads
Event: 3.744 Executing VM operation: HandshakeAllThreads done
Event: 3.744 Executing VM operation: HandshakeAllThreads
Event: 3.744 Executing VM operation: HandshakeAllThreads done
Event: 3.765 Executing VM operation: ICBufferFull
Event: 3.765 Executing VM operation: ICBufferFull done
Event: 3.803 Executing VM operation: ICBufferFull
Event: 3.803 Executing VM operation: ICBufferFull done
Event: 3.823 Executing VM operation: HandshakeAllThreads
Event: 3.823 Executing VM operation: HandshakeAllThreads done

Events (20 events):
Event: 3.750 Thread 0x000001926bc357b0 flushing nmethod 0x0000019255442090
Event: 3.750 Thread 0x000001926bc357b0 flushing nmethod 0x0000019255442610
Event: 3.750 Thread 0x000001926bc357b0 flushing nmethod 0x0000019255442a90
Event: 3.750 Thread 0x000001926bc357b0 flushing nmethod 0x0000019255442f10
Event: 3.750 Thread 0x000001926bc357b0 flushing nmethod 0x0000019255445610
Event: 3.750 Thread 0x000001926bc357b0 flushing nmethod 0x0000019255446810
Event: 3.750 Thread 0x000001926bc357b0 flushing nmethod 0x0000019255449c10
Event: 3.750 Thread 0x000001926bc357b0 flushing nmethod 0x0000019255451b90
Event: 3.750 Thread 0x000001926bc357b0 flushing nmethod 0x0000019255453510
Event: 3.750 Thread 0x000001926bc357b0 flushing nmethod 0x0000019255455110
Event: 3.750 Thread 0x000001926bc357b0 flushing nmethod 0x0000019255459710
Event: 3.750 Thread 0x000001926bc357b0 flushing nmethod 0x0000019255473c10
Event: 3.750 Thread 0x000001926bc357b0 flushing nmethod 0x0000019255495c90
Event: 3.750 Thread 0x000001926bc357b0 flushing nmethod 0x00000192554bb690
Event: 3.750 Thread 0x000001926bc357b0 flushing nmethod 0x00000192554d2a90
Event: 3.750 Thread 0x000001926bc357b0 flushing nmethod 0x00000192554ead90
Event: 3.750 Thread 0x000001926bc357b0 flushing nmethod 0x0000019255507490
Event: 3.750 Thread 0x000001926bc357b0 flushing nmethod 0x0000019255507a10
Event: 3.750 Thread 0x000001926bc357b0 flushing nmethod 0x0000019255588490
Event: 3.750 Thread 0x000001926bc357b0 flushing nmethod 0x00000192555cbb10


Dynamic libraries:
0x00007ff710db0000 - 0x00007ff710dba000 	E:\Android Studio\jbr\bin\java.exe
0x00007ffd6c9f0000 - 0x00007ffd6cc04000 	C:\WINDOWS\SYSTEM32\ntdll.dll
0x00007ffd6b820000 - 0x00007ffd6b8e2000 	C:\WINDOWS\System32\KERNEL32.DLL
0x00007ffd69f90000 - 0x00007ffd6a333000 	C:\WINDOWS\System32\KERNELBASE.dll
0x00007ffd6a6b0000 - 0x00007ffd6a7c1000 	C:\WINDOWS\System32\ucrtbase.dll
0x00007ffd49aa0000 - 0x00007ffd49ab7000 	E:\Android Studio\jbr\bin\jli.dll
0x00007ffd53fb0000 - 0x00007ffd53fcb000 	E:\Android Studio\jbr\bin\VCRUNTIME140.dll
0x00007ffd6c420000 - 0x00007ffd6c5ca000 	C:\WINDOWS\System32\USER32.dll
0x00007ffd69df0000 - 0x00007ffd69e16000 	C:\WINDOWS\System32\win32u.dll
0x00007ffd56c90000 - 0x00007ffd56f1e000 	C:\WINDOWS\WinSxS\amd64_microsoft.windows.common-controls_6595b64144ccf1df_6.0.22621.1635_none_270f70857386168e\COMCTL32.dll
0x00007ffd6c930000 - 0x00007ffd6c959000 	C:\WINDOWS\System32\GDI32.dll
0x00007ffd6c5d0000 - 0x00007ffd6c677000 	C:\WINDOWS\System32\msvcrt.dll
0x00007ffd6a450000 - 0x00007ffd6a569000 	C:\WINDOWS\System32\gdi32full.dll
0x00007ffd6a3b0000 - 0x00007ffd6a44a000 	C:\WINDOWS\System32\msvcp_win.dll
0x00007ffd6b8f0000 - 0x00007ffd6b921000 	C:\WINDOWS\System32\IMM32.DLL
0x00007ffd63a00000 - 0x00007ffd63a0c000 	E:\Android Studio\jbr\bin\vcruntime140_1.dll
0x00007ffd484b0000 - 0x00007ffd4853d000 	E:\Android Studio\jbr\bin\msvcp140.dll
0x00007ffcd0920000 - 0x00007ffcd158d000 	E:\Android Studio\jbr\bin\server\jvm.dll
0x00007ffd6b470000 - 0x00007ffd6b51e000 	C:\WINDOWS\System32\ADVAPI32.dll
0x00007ffd6c1c0000 - 0x00007ffd6c264000 	C:\WINDOWS\System32\sechost.dll
0x00007ffd6b590000 - 0x00007ffd6b6a7000 	C:\WINDOWS\System32\RPCRT4.dll
0x00007ffd62070000 - 0x00007ffd620a4000 	C:\WINDOWS\SYSTEM32\WINMM.dll
0x00007ffd65560000 - 0x00007ffd65569000 	C:\WINDOWS\SYSTEM32\WSOCK32.dll
0x00007ffd60f30000 - 0x00007ffd60f3a000 	C:\WINDOWS\SYSTEM32\VERSION.dll
0x00007ffd6a850000 - 0x00007ffd6a8c1000 	C:\WINDOWS\System32\WS2_32.dll
0x00007ffd68df0000 - 0x00007ffd68e08000 	C:\WINDOWS\SYSTEM32\kernel.appcore.dll
0x00007ffd3bbe0000 - 0x00007ffd3bbea000 	E:\Android Studio\jbr\bin\jimage.dll
0x00007ffd55e50000 - 0x00007ffd5607e000 	C:\WINDOWS\SYSTEM32\DBGHELP.DLL
0x00007ffd6aab0000 - 0x00007ffd6ae39000 	C:\WINDOWS\System32\combase.dll
0x00007ffd6b740000 - 0x00007ffd6b817000 	C:\WINDOWS\System32\OLEAUT32.dll
0x00007ffd48f00000 - 0x00007ffd48f32000 	C:\WINDOWS\SYSTEM32\dbgcore.DLL
0x00007ffd6a570000 - 0x00007ffd6a5ea000 	C:\WINDOWS\System32\bcryptPrimitives.dll
0x00007ffd28900000 - 0x00007ffd28925000 	E:\Android Studio\jbr\bin\java.dll
0x00007ffd28d30000 - 0x00007ffd28d48000 	E:\Android Studio\jbr\bin\zip.dll
0x00007ffd6b9c0000 - 0x00007ffd6c1b9000 	C:\WINDOWS\System32\SHELL32.dll
0x00007ffd67d90000 - 0x00007ffd6865e000 	C:\WINDOWS\SYSTEM32\windows.storage.dll
0x00007ffd67c50000 - 0x00007ffd67d8e000 	C:\WINDOWS\SYSTEM32\wintypes.dll
0x00007ffd6b370000 - 0x00007ffd6b461000 	C:\WINDOWS\System32\SHCORE.dll
0x00007ffd6b520000 - 0x00007ffd6b57e000 	C:\WINDOWS\System32\shlwapi.dll
0x00007ffd69d20000 - 0x00007ffd69d46000 	C:\WINDOWS\SYSTEM32\profapi.dll
0x00007ffd28a10000 - 0x00007ffd28a29000 	E:\Android Studio\jbr\bin\net.dll
0x00007ffd61f30000 - 0x00007ffd62067000 	C:\WINDOWS\SYSTEM32\WINHTTP.dll
0x00007ffd69260000 - 0x00007ffd692c9000 	C:\WINDOWS\system32\mswsock.dll
0x00007ffd28210000 - 0x00007ffd28226000 	E:\Android Studio\jbr\bin\nio.dll
0x00007ffd36450000 - 0x00007ffd36460000 	E:\Android Studio\jbr\bin\verify.dll

dbghelp: loaded successfully - version: 4.0.5 - missing functions: none
symbol engine: initialized successfully - sym options: 0x614 - pdb path: .;E:\Android Studio\jbr\bin;C:\WINDOWS\SYSTEM32;C:\WINDOWS\WinSxS\amd64_microsoft.windows.common-controls_6595b64144ccf1df_6.0.22621.1635_none_270f70857386168e;E:\Android Studio\jbr\bin\server

VM Arguments:
java_command: org.jetbrains.kotlin.cli.jvm.K2JVMCompiler @D:\New folder (13)\Frontend-Android-Jetpack\app\build\20230807_16875562598722810308.compiler.options
java_class_path (initial): C:\Users\hp\.gradle\caches\modules-2\files-2.1\org.jetbrains.kotlin\kotlin-compiler-embeddable\1.7.20\8db18559a581dd2c36ddfd5046af145650f5b126\kotlin-compiler-embeddable-1.7.20.jar;C:\Users\hp\.gradle\caches\modules-2\files-2.1\org.jetbrains.kotlin\kotlin-reflect\1.7.20\12b2501e33bb6373e8e347c86d85481863629381\kotlin-reflect-1.7.20.jar;C:\Users\hp\.gradle\caches\modules-2\files-2.1\org.jetbrains.kotlin\kotlin-stdlib\1.7.20\726594ea9ba2beb2ee113647fefa9a10f9fabe52\kotlin-stdlib-1.7.20.jar;C:\Users\hp\.gradle\caches\modules-2\files-2.1\org.jetbrains.kotlin\kotlin-script-runtime\1.7.20\bcd1cc6f865e632550357fcc59f5ffd532615a8\kotlin-script-runtime-1.7.20.jar;C:\Users\hp\.gradle\caches\modules-2\files-2.1\org.jetbrains.kotlin\kotlin-daemon-embeddable\1.7.20\1e24355adad8d529d75d5b19eab55484057431ba\kotlin-daemon-embeddable-1.7.20.jar;C:\Users\hp\.gradle\caches\modules-2\files-2.1\org.jetbrains.intellij.deps\trove4j\1.0.20200330\3afb14d5f9ceb459d724e907a21145e8ff394f02\trove4j-1.0.20200330.jar;C:\Users\hp\.gradle\caches\modules-2\files-2.1\net.java.dev.jna\jna\5.6.0\330f2244e9030119ab3030fc3fededc86713d9cc\jna-5.6.0.jar;C:\Users\hp\.gradle\caches\modules-2\files-2.1\org.jetbrains.kotlin\kotlin-stdlib-common\1.7.20\e15351bdaf9fa06f009be5da7a202e4184f00ae3\kotlin-stdlib-common-1.7.20.jar;C:\Users\hp\.gradle\caches\modules-2\files-2.1\org.jetbrains\annotations\13.0\919f0dfe192fb4e063e7dacadee7f8bb9a2672a9\annotations-13.0.jar
Launcher Type: SUN_STANDARD

[Global flags]
     intx CICompilerCount                          = 4                                         {product} {ergonomic}
     uint ConcGCThreads                            = 3                                         {product} {ergonomic}
     uint G1ConcRefinementThreads                  = 10                                        {product} {ergonomic}
   size_t G1HeapRegionSize                         = 1048576                                   {product} {ergonomic}
    uintx GCDrainStackTargetSize                   = 64                                        {product} {ergonomic}
   size_t InitialHeapSize                          = 123731968                                 {product} {ergonomic}
   size_t MarkStackSize                            = 4194304                                   {product} {ergonomic}
   size_t MaxHeapSize                              = 1973420032                                {product} {ergonomic}
   size_t MaxNewSize                               = 1183842304                                {product} {ergonomic}
   size_t MinHeapDeltaBytes                        = 1048576                                   {product} {ergonomic}
   size_t MinHeapSize                              = 8388608                                   {product} {ergonomic}
    uintx NonNMethodCodeHeapSize                   = 5839372                                {pd product} {ergonomic}
    uintx NonProfiledCodeHeapSize                  = 122909434                              {pd product} {ergonomic}
    uintx ProfiledCodeHeapSize                     = 122909434                              {pd product} {ergonomic}
    uintx ReservedCodeCacheSize                    = 251658240                              {pd product} {ergonomic}
     bool SegmentedCodeCache                       = true                                      {product} {ergonomic}
   size_t SoftMaxHeapSize                          = 1973420032                             {manageable} {ergonomic}
     bool UseCompressedClassPointers               = true                           {product lp64_product} {ergonomic}
     bool UseCompressedOops                        = true                           {product lp64_product} {ergonomic}
     bool UseG1GC                                  = true                                      {product} {ergonomic}
     bool UseLargePagesIndividualAllocation        = false                                  {pd product} {ergonomic}

Logging:
Log output configuration:
 #0: stdout all=warning uptime,level,tags
 #1: stderr all=off uptime,level,tags

Environment Variables:
PATH=C:\Program Files\Common Files\Oracle\Java\javapath;C:\Program Files (x86)\Common Files\Oracle\Java\javapath;C:\windows\system32;C:\windows;C:\windows\System32\Wbem;C:\windows\System32\WindowsPowerShell\v1.0\;C:\windows\System32\OpenSSH\;C:\Program Files (x86)\NVIDIA Corporation\PhysX\Common;C:\Program Files\NVIDIA Corporation\NVIDIA NvDLISR;E:\Git\cmd;C:\Program Files\dotnet\;C:\WINDOWS\system32;C:\WINDOWS;C:\WINDOWS\System32\Wbem;C:\WINDOWS\System32\WindowsPowerShell\v1.0\;C:\WINDOWS\System32\OpenSSH\;C:\Program Files\nodejs\;C:\Program Files\CMake\bin;C:\Program Files\Common Files\Oracle\Java\javapath;C:\Program Files (x86)\Common Files\Oracle\Java\javapath;C:\windows\system32;C:\windows;C:\windows\System32\Wbem;C:\windows\System32\WindowsPowerShell\v1.0\;C:\windows\System32\OpenSSH\;C:\Program Files (x86)\NVIDIA Corporation\PhysX\Common;C:\Program Files\NVIDIA Corporation\NVIDIA NvDLISR;E:\Git\cmd;C:\Program Files\dotnet\;C:\WINDOWS\system32;C:\WINDOWS;C:\WINDOWS\System32\Wbem;C:\WINDOWS\System32\WindowsPowerShell\v1.0\;C:\WINDOWS\System32\OpenSSH\;C:\Program Files\nodejs\;C:\Program Files\CMake\bin;C:\Users\hp\AppData\Local\Programs\Python\Python311\Scripts;C:\Users\hp\AppData\Local\Programs\Python\Python311\Scripts;E:\Microsoft VS Code\bin;E:\New folder (9)\DataSpell 2023.1.1\bin;;E:\New folder (12)\Library\bin;E:\New folder (12)\Scripts;E:\New folder (12)\condabin;C:\Users\hp\Desktop\enscripten\emsdk;C:\Users\hp\Desktop\enscripten\emsdk\scripts;C:\Users\hp\Desktop\enscripten\emsdk\test;C:\Users\hp\AppData\Local\Programs\Python\Python311;C:\Users\hp\Desktop\enscripten\emsdk\upstream\emscripten;
USERNAME=hp
OS=Windows_NT
PROCESSOR_IDENTIFIER=AMD64 Family 25 Model 80 Stepping 0, AuthenticAMD
TMP=C:\Users\hp\AppData\Local\Temp
TEMP=C:\Users\hp\AppData\Local\Temp



---------------  S Y S T E M  ---------------

OS:
 Windows 11 , 64 bit Build 22621 (10.0.22621.1928)
OS uptime: 4 days 5:27 hours
Hyper-V role detected

CPU: total 12 (initial active 12) (12 cores per cpu, 2 threads per core) family 25 model 80 stepping 0 microcode 0x0, cx8, cmov, fxsr, ht, mmx, 3dnowpref, sse, sse2, sse3, ssse3, sse4a, sse4.1, sse4.2, popcnt, lzcnt, tsc, tscinvbit, avx, avx2, aes, erms, clmul, bmi1, bmi2, adx, sha, fma, vzeroupper, clflush, clflushopt, hv

Memory: 4k page, system-wide physical 7521M (450M free)
TotalPageFile size 27209M (AvailPageFile size 6M)
current process WorkingSet (physical memory assigned to process): 265M, peak: 265M
current process commit charge ("private bytes"): 307M, peak: 309M

vm_info: OpenJDK 64-Bit Server VM (17.0.6+0-b2043.56-9586694) for windows-amd64 JRE (17.0.6+0-b2043.56-9586694), built on Feb  9 2023 20:06:20 by "androidbuild" with MS VC++ 16.10 / 16.11 (VS2019)

END.
