#
# There is insufficient memory for the Java Runtime Environment to continue.
# Native memory allocation (malloc) failed to allocate 1824816 bytes for Chunk::new
# Possible reasons:
#   The system is out of physical RAM or swap space
#   The process is running with CompressedOops enabled, and the Java Heap may be blocking the growth of the native heap
# Possible solutions:
#   Reduce memory load on the system
#   Increase physical memory or swap space
#   Check if swap backing store is full
#   Decrease Java heap size (-Xmx/-Xms)
#   Decrease number of Java threads
#   Decrease Java thread stack sizes (-Xss)
#   Set larger code cache with -XX:ReservedCodeCacheSize=
#   JVM is running with Unscaled Compressed Oops mode in which the Java heap is
#     placed in the first 4GB address space. The Java Heap base address is the
#     maximum limit for the native heap growth. Please use -XX:HeapBaseMinAddress
#     to set the Java Heap base and to place the Java Heap above 4GB virtual address.
# This output file may be truncated or incomplete.
#
#  Out of Memory Error (arena.cpp:189), pid=24212, tid=16176
#
# JRE version: OpenJDK Runtime Environment (17.0.6) (build 17.0.6+0-b2043.56-9586694)
# Java VM: OpenJDK 64-Bit Server VM (17.0.6+0-b2043.56-9586694, mixed mode, tiered, compressed oops, compressed class ptrs, g1 gc, windows-amd64)
# No core dump will be written. Minidumps are not enabled by default on client versions of Windows
#

---------------  S U M M A R Y ------------

Command Line: org.jetbrains.kotlin.cli.jvm.K2JVMCompiler @D:\New folder (13)\Frontend-Android-Jetpack\app\build\20230807_3788559155125479235.compiler.options

Host: AMD Ryzen 5 5600H with Radeon Graphics         , 12 cores, 7G,  Windows 11 , 64 bit Build 22621 (10.0.22621.1928)
Time: Mon Aug  7 21:11:47 2023 GMT Daylight Time elapsed time: 11.836576 seconds (0d 0h 0m 11s)

---------------  T H R E A D  ---------------

Current thread (0x000001eff203ff70):  JavaThread "C2 CompilerThread0" daemon [_thread_in_native, id=16176, stack(0x00000005e1600000,0x00000005e1700000)]


Current CompileTask:
C2:  11836 19473       4       org.jetbrains.kotlin.backend.jvm.lower.JvmPropertiesLowering::visitCall (234 bytes)

Stack: [0x00000005e1600000,0x00000005e1700000]
Native frames: (J=compiled Java code, j=interpreted, Vv=VM code, C=native code)
V  [jvm.dll+0x683b4a]
V  [jvm.dll+0x842654]
V  [jvm.dll+0x843dfe]
V  [jvm.dll+0x844463]
V  [jvm.dll+0x249b75]
V  [jvm.dll+0xabcac]
V  [jvm.dll+0xac27c]
V  [jvm.dll+0x368802]
V  [jvm.dll+0x332f31]
V  [jvm.dll+0x3323da]
V  [jvm.dll+0x21c201]
V  [jvm.dll+0x21b621]
V  [jvm.dll+0x1a4fdd]
V  [jvm.dll+0x22b098]
V  [jvm.dll+0x229159]
V  [jvm.dll+0x7f809c]
V  [jvm.dll+0x7f25fa]
V  [jvm.dll+0x682985]
C  [ucrtbase.dll+0x29363]
C  [KERNEL32.DLL+0x126ad]
C  [ntdll.dll+0x5aa68]


---------------  P R O C E S S  ---------------

Threads class SMR info:
_java_thread_list=0x000001eff2bfe870, length=13, elements={
0x000001efd786c4b0, 0x000001eff153d270, 0x000001eff153dc20, 0x000001eff1529120,
0x000001eff203e020, 0x000001eff203e8e0, 0x000001eff203f290, 0x000001eff203ff70,
0x000001eff2040a10, 0x000001eff204c1e0, 0x000001eff21b6d80, 0x000001eff21c96c0,
0x000001eff4f35ea0
}

Java Threads: ( => current thread )
  0x000001efd786c4b0 JavaThread "main" [_thread_in_Java, id=19636, stack(0x00000005e0900000,0x00000005e0a00000)]
  0x000001eff153d270 JavaThread "Reference Handler" daemon [_thread_blocked, id=14736, stack(0x00000005e1000000,0x00000005e1100000)]
  0x000001eff153dc20 JavaThread "Finalizer" daemon [_thread_blocked, id=2932, stack(0x00000005e1100000,0x00000005e1200000)]
  0x000001eff1529120 JavaThread "Signal Dispatcher" daemon [_thread_blocked, id=14444, stack(0x00000005e1200000,0x00000005e1300000)]
  0x000001eff203e020 JavaThread "Attach Listener" daemon [_thread_blocked, id=26144, stack(0x00000005e1300000,0x00000005e1400000)]
  0x000001eff203e8e0 JavaThread "Service Thread" daemon [_thread_blocked, id=26992, stack(0x00000005e1400000,0x00000005e1500000)]
  0x000001eff203f290 JavaThread "Monitor Deflation Thread" daemon [_thread_blocked, id=10904, stack(0x00000005e1500000,0x00000005e1600000)]
=>0x000001eff203ff70 JavaThread "C2 CompilerThread0" daemon [_thread_in_native, id=16176, stack(0x00000005e1600000,0x00000005e1700000)]
  0x000001eff2040a10 JavaThread "C1 CompilerThread0" daemon [_thread_in_native, id=8760, stack(0x00000005e1700000,0x00000005e1800000)]
  0x000001eff204c1e0 JavaThread "Sweeper thread" daemon [_thread_blocked, id=16416, stack(0x00000005e1800000,0x00000005e1900000)]
  0x000001eff21b6d80 JavaThread "Notification Thread" daemon [_thread_blocked, id=19152, stack(0x00000005e1900000,0x00000005e1a00000)]
  0x000001eff21c96c0 JavaThread "Common-Cleaner" daemon [_thread_blocked, id=15036, stack(0x00000005e1b00000,0x00000005e1c00000)]
  0x000001eff4f35ea0 JavaThread "C2 CompilerThread1" daemon [_thread_in_native, id=27544, stack(0x00000005e1c00000,0x00000005e1d00000)]

Other Threads:
  0x000001eff1500f80 VMThread "VM Thread" [stack: 0x00000005e0f00000,0x00000005e1000000] [id=14972]
  0x000001efd78dc1b0 WatcherThread [stack: 0x00000005e1a00000,0x00000005e1b00000] [id=23544]
  0x000001efd78c5630 GCTaskThread "GC Thread#0" [stack: 0x00000005e0a00000,0x00000005e0b00000] [id=10264]
  0x000001eff27e4df0 GCTaskThread "GC Thread#1" [stack: 0x00000005e1d00000,0x00000005e1e00000] [id=21360]
  0x000001eff27dff00 GCTaskThread "GC Thread#2" [stack: 0x00000005e1e00000,0x00000005e1f00000] [id=20396]
  0x000001eff27d5590 GCTaskThread "GC Thread#3" [stack: 0x00000005e1f00000,0x00000005e2000000] [id=18884]
  0x000001eff2821070 GCTaskThread "GC Thread#4" [stack: 0x00000005e2000000,0x00000005e2100000] [id=26392]
  0x000001eff35d6f80 GCTaskThread "GC Thread#5" [stack: 0x00000005e2100000,0x00000005e2200000] [id=15752]
  0x000001eff36c54b0 GCTaskThread "GC Thread#6" [stack: 0x00000005e2200000,0x00000005e2300000] [id=15816]
  0x000001eff36504f0 GCTaskThread "GC Thread#7" [stack: 0x00000005e2300000,0x00000005e2400000] [id=11956]
  0x000001eff3650d00 GCTaskThread "GC Thread#8" [stack: 0x00000005e2400000,0x00000005e2500000] [id=10104]
  0x000001eff364f780 GCTaskThread "GC Thread#9" [stack: 0x00000005e2500000,0x00000005e2600000] [id=4528]
  0x000001efd78d5210 ConcurrentGCThread "G1 Main Marker" [stack: 0x00000005e0b00000,0x00000005e0c00000] [id=13552]
  0x000001efd78d63c0 ConcurrentGCThread "G1 Conc#0" [stack: 0x00000005e0c00000,0x00000005e0d00000] [id=9096]
  0x000001eff3650fb0 ConcurrentGCThread "G1 Conc#1" [stack: 0x00000005e2600000,0x00000005e2700000] [id=22144]
  0x000001eff3650240 ConcurrentGCThread "G1 Conc#2" [stack: 0x00000005e2700000,0x00000005e2800000] [id=10820]
  0x000001eff13684e0 ConcurrentGCThread "G1 Refine#0" [stack: 0x00000005e0d00000,0x00000005e0e00000] [id=8544]
  0x000001eff8282130 ConcurrentGCThread "G1 Refine#1" [stack: 0x00000005e2800000,0x00000005e2900000] [id=24604]
  0x000001eff766f8a0 ConcurrentGCThread "G1 Refine#2" [stack: 0x00000005e2900000,0x00000005e2a00000] [id=8696]
  0x000001eff7671b20 ConcurrentGCThread "G1 Refine#3" [stack: 0x00000005e2a00000,0x00000005e2b00000] [id=21256]
  0x000001eff766fb80 ConcurrentGCThread "G1 Refine#4" [stack: 0x00000005e2b00000,0x00000005e2c00000] [id=22140]
  0x000001eff766fe60 ConcurrentGCThread "G1 Refine#5" [stack: 0x00000005e2c00000,0x00000005e2d00000] [id=6608]
  0x000001eff76709e0 ConcurrentGCThread "G1 Refine#6" [stack: 0x00000005e2d00000,0x00000005e2e00000] [id=16192]
  0x000001eff7670cc0 ConcurrentGCThread "G1 Refine#7" [stack: 0x00000005e2e00000,0x00000005e2f00000] [id=19820]
  0x000001eff7670fa0 ConcurrentGCThread "G1 Refine#8" [stack: 0x00000005e2f00000,0x00000005e3000000] [id=23780]
  0x000001eff827f050 ConcurrentGCThread "G1 Refine#9" [stack: 0x00000005e3000000,0x00000005e3100000] [id=14612]
  0x000001efd792eb20 ConcurrentGCThread "G1 Service" [stack: 0x00000005e0e00000,0x00000005e0f00000] [id=15252]

Threads with active compile tasks:
C2 CompilerThread0    11859 19473       4       org.jetbrains.kotlin.backend.jvm.lower.JvmPropertiesLowering::visitCall (234 bytes)
C1 CompilerThread0    11860 19719       3       org.jetbrains.kotlin.ir.util.IrUtilsKt::coerceToUnit (32 bytes)
C2 CompilerThread1    11860 19533       4       org.jetbrains.kotlin.ir.util.IrUtilsKt::copyAnnotations (255 bytes)

VM state: not at safepoint (normal execution)

VM Mutex/Monitor currently owned by a thread:  ([mutex/lock_event])
[0x000001efd56fab70] CodeCache_lock - owner thread: 0x000001eff2040a10
[0x000001efd7867050] Compile_lock - owner thread: 0x0000000000000000

Heap address: 0x000000008a600000, size: 1882 MB, Compressed Oops mode: 32-bit

CDS archive(s) not mapped
Compressed class space mapped at: 0x0000000100000000-0x0000000140000000, reserved size: 1073741824
Narrow klass base: 0x0000000000000000, Narrow klass shift: 3, Narrow klass range: 0x140000000

GC Precious Log:
 CPUs: 12 total, 12 available
 Memory: 7521M
 Large Page Support: Disabled
 NUMA Support: Disabled
 Compressed Oops: Enabled (32-bit)
 Heap Region Size: 1M
 Heap Min Capacity: 8M
 Heap Initial Capacity: 118M
 Heap Max Capacity: 1882M
 Pre-touch: Disabled
 Parallel Workers: 10
 Concurrent Workers: 3
 Concurrent Refinement Workers: 10
 Periodic GC: Disabled

Heap:
 garbage-first heap   total 242688K, used 156576K [0x000000008a600000, 0x0000000100000000)
  region size 1024K, 13 young (13312K), 4 survivors (4096K)
 Metaspace       used 89057K, committed 89408K, reserved 1130496K
  class space    used 9632K, committed 9792K, reserved 1048576K

Heap Regions: E=young(eden), S=young(survivor), O=old, HS=humongous(starts), HC=humongous(continues), CS=collection set, F=free, OA=open archive, CA=closed archive, TAMS=top-at-mark-start (previous, next)
|   0|0x000000008a600000, 0x000000008a700000, 0x000000008a700000|100%|HS|  |TAMS 0x000000008a700000, 0x000000008a600000| Complete 
|   1|0x000000008a700000, 0x000000008a800000, 0x000000008a800000|100%|HC|  |TAMS 0x000000008a800000, 0x000000008a700000| Complete 
|   2|0x000000008a800000, 0x000000008a900000, 0x000000008a900000|100%|HC|  |TAMS 0x000000008a900000, 0x000000008a800000| Complete 
|   3|0x000000008a900000, 0x000000008aa00000, 0x000000008aa00000|100%|HC|  |TAMS 0x000000008aa00000, 0x000000008a900000| Complete 
|   4|0x000000008aa00000, 0x000000008ab00000, 0x000000008ab00000|100%| O|  |TAMS 0x000000008ab00000, 0x000000008aa00000| Untracked 
|   5|0x000000008ab00000, 0x000000008ac00000, 0x000000008ac00000|100%| O|  |TAMS 0x000000008ac00000, 0x000000008ab00000| Untracked 
|   6|0x000000008ac00000, 0x000000008ad00000, 0x000000008ad00000|100%| O|  |TAMS 0x000000008ad00000, 0x000000008ac00000| Untracked 
|   7|0x000000008ad00000, 0x000000008ae00000, 0x000000008ae00000|100%| O|  |TAMS 0x000000008ae00000, 0x000000008ad00000| Untracked 
|   8|0x000000008ae00000, 0x000000008af00000, 0x000000008af00000|100%|HS|  |TAMS 0x000000008af00000, 0x000000008ae00000| Complete 
|   9|0x000000008af00000, 0x000000008b000000, 0x000000008b000000|100%|HC|  |TAMS 0x000000008b000000, 0x000000008af00000| Complete 
|  10|0x000000008b000000, 0x000000008b100000, 0x000000008b100000|100%|HC|  |TAMS 0x000000008b100000, 0x000000008b000000| Complete 
|  11|0x000000008b100000, 0x000000008b200000, 0x000000008b200000|100%|HC|  |TAMS 0x000000008b200000, 0x000000008b100000| Complete 
|  12|0x000000008b200000, 0x000000008b300000, 0x000000008b300000|100%| O|  |TAMS 0x000000008b300000, 0x000000008b200000| Untracked 
|  13|0x000000008b300000, 0x000000008b400000, 0x000000008b400000|100%| O|  |TAMS 0x000000008b400000, 0x000000008b300000| Untracked 
|  14|0x000000008b400000, 0x000000008b500000, 0x000000008b500000|100%| O|  |TAMS 0x000000008b500000, 0x000000008b400000| Untracked 
|  15|0x000000008b500000, 0x000000008b600000, 0x000000008b600000|100%| O|  |TAMS 0x000000008b600000, 0x000000008b500000| Untracked 
|  16|0x000000008b600000, 0x000000008b700000, 0x000000008b700000|100%| O|  |TAMS 0x000000008b700000, 0x000000008b600000| Untracked 
|  17|0x000000008b700000, 0x000000008b800000, 0x000000008b800000|100%| O|  |TAMS 0x000000008b800000, 0x000000008b700000| Untracked 
|  18|0x000000008b800000, 0x000000008b900000, 0x000000008b900000|100%| O|  |TAMS 0x000000008b900000, 0x000000008b800000| Untracked 
|  19|0x000000008b900000, 0x000000008ba00000, 0x000000008ba00000|100%| O|  |TAMS 0x000000008ba00000, 0x000000008b900000| Untracked 
|  20|0x000000008ba00000, 0x000000008bb00000, 0x000000008bb00000|100%| O|  |TAMS 0x000000008bb00000, 0x000000008ba00000| Untracked 
|  21|0x000000008bb00000, 0x000000008bc00000, 0x000000008bc00000|100%| O|  |TAMS 0x000000008bc00000, 0x000000008bb00000| Untracked 
|  22|0x000000008bc00000, 0x000000008bd00000, 0x000000008bd00000|100%| O|  |TAMS 0x000000008bd00000, 0x000000008bc00000| Untracked 
|  23|0x000000008bd00000, 0x000000008be00000, 0x000000008be00000|100%| O|  |TAMS 0x000000008be00000, 0x000000008bd00000| Untracked 
|  24|0x000000008be00000, 0x000000008bf00000, 0x000000008bf00000|100%| O|  |TAMS 0x000000008bf00000, 0x000000008be00000| Untracked 
|  25|0x000000008bf00000, 0x000000008c000000, 0x000000008c000000|100%| O|  |TAMS 0x000000008c000000, 0x000000008bf00000| Untracked 
|  26|0x000000008c000000, 0x000000008c100000, 0x000000008c100000|100%| O|  |TAMS 0x000000008c100000, 0x000000008c000000| Untracked 
|  27|0x000000008c100000, 0x000000008c200000, 0x000000008c200000|100%| O|  |TAMS 0x000000008c200000, 0x000000008c100000| Untracked 
|  28|0x000000008c200000, 0x000000008c300000, 0x000000008c300000|100%|HS|  |TAMS 0x000000008c300000, 0x000000008c200000| Complete 
|  29|0x000000008c300000, 0x000000008c400000, 0x000000008c400000|100%|HC|  |TAMS 0x000000008c400000, 0x000000008c300000| Complete 
|  30|0x000000008c400000, 0x000000008c500000, 0x000000008c500000|100%| O|  |TAMS 0x000000008c500000, 0x000000008c400000| Untracked 
|  31|0x000000008c500000, 0x000000008c600000, 0x000000008c600000|100%| O|  |TAMS 0x000000008c600000, 0x000000008c500000| Untracked 
|  32|0x000000008c600000, 0x000000008c700000, 0x000000008c700000|100%| O|  |TAMS 0x000000008c700000, 0x000000008c600000| Untracked 
|  33|0x000000008c700000, 0x000000008c800000, 0x000000008c800000|100%| O|  |TAMS 0x000000008c800000, 0x000000008c700000| Untracked 
|  34|0x000000008c800000, 0x000000008c900000, 0x000000008c900000|100%| O|  |TAMS 0x000000008c900000, 0x000000008c800000| Untracked 
|  35|0x000000008c900000, 0x000000008ca00000, 0x000000008ca00000|100%| O|  |TAMS 0x000000008ca00000, 0x000000008c900000| Untracked 
|  36|0x000000008ca00000, 0x000000008cb00000, 0x000000008cb00000|100%| O|  |TAMS 0x000000008cb00000, 0x000000008ca00000| Untracked 
|  37|0x000000008cb00000, 0x000000008cc00000, 0x000000008cc00000|100%| O|  |TAMS 0x000000008cc00000, 0x000000008cb00000| Untracked 
|  38|0x000000008cc00000, 0x000000008cd00000, 0x000000008cd00000|100%| O|  |TAMS 0x000000008cd00000, 0x000000008cc00000| Untracked 
|  39|0x000000008cd00000, 0x000000008ce00000, 0x000000008ce00000|100%| O|  |TAMS 0x000000008cd00000, 0x000000008cd00000| Untracked 
|  40|0x000000008ce00000, 0x000000008cf00000, 0x000000008cf00000|100%| O|  |TAMS 0x000000008cf00000, 0x000000008ce00000| Untracked 
|  41|0x000000008cf00000, 0x000000008d000000, 0x000000008d000000|100%| O|  |TAMS 0x000000008d000000, 0x000000008cf00000| Untracked 
|  42|0x000000008d000000, 0x000000008d100000, 0x000000008d100000|100%| O|  |TAMS 0x000000008d100000, 0x000000008d000000| Untracked 
|  43|0x000000008d100000, 0x000000008d200000, 0x000000008d200000|100%| O|  |TAMS 0x000000008d200000, 0x000000008d100000| Untracked 
|  44|0x000000008d200000, 0x000000008d300000, 0x000000008d300000|100%| O|  |TAMS 0x000000008d300000, 0x000000008d200000| Untracked 
|  45|0x000000008d300000, 0x000000008d400000, 0x000000008d400000|100%| O|  |TAMS 0x000000008d400000, 0x000000008d300000| Untracked 
|  46|0x000000008d400000, 0x000000008d500000, 0x000000008d500000|100%| O|  |TAMS 0x000000008d500000, 0x000000008d400000| Untracked 
|  47|0x000000008d500000, 0x000000008d600000, 0x000000008d600000|100%| O|  |TAMS 0x000000008d600000, 0x000000008d500000| Untracked 
|  48|0x000000008d600000, 0x000000008d700000, 0x000000008d700000|100%| O|  |TAMS 0x000000008d700000, 0x000000008d600000| Untracked 
|  49|0x000000008d700000, 0x000000008d800000, 0x000000008d800000|100%| O|  |TAMS 0x000000008d800000, 0x000000008d700000| Untracked 
|  50|0x000000008d800000, 0x000000008d900000, 0x000000008d900000|100%| O|  |TAMS 0x000000008d900000, 0x000000008d800000| Untracked 
|  51|0x000000008d900000, 0x000000008da00000, 0x000000008da00000|100%| O|  |TAMS 0x000000008da00000, 0x000000008d900000| Untracked 
|  52|0x000000008da00000, 0x000000008db00000, 0x000000008db00000|100%| O|  |TAMS 0x000000008db00000, 0x000000008da00000| Untracked 
|  53|0x000000008db00000, 0x000000008dbd4c00, 0x000000008dc00000| 83%| O|  |TAMS 0x000000008db00000, 0x000000008db00000| Untracked 
|  54|0x000000008dc00000, 0x000000008dd00000, 0x000000008dd00000|100%| O|  |TAMS 0x000000008dd00000, 0x000000008dc00000| Untracked 
|  55|0x000000008dd00000, 0x000000008de00000, 0x000000008de00000|100%| O|  |TAMS 0x000000008de00000, 0x000000008dd00000| Untracked 
|  56|0x000000008de00000, 0x000000008df00000, 0x000000008df00000|100%| O|  |TAMS 0x000000008df00000, 0x000000008de00000| Untracked 
|  57|0x000000008df00000, 0x000000008e000000, 0x000000008e000000|100%| O|  |TAMS 0x000000008e000000, 0x000000008df00000| Untracked 
|  58|0x000000008e000000, 0x000000008e100000, 0x000000008e100000|100%| O|  |TAMS 0x000000008e100000, 0x000000008e000000| Untracked 
|  59|0x000000008e100000, 0x000000008e200000, 0x000000008e200000|100%| O|  |TAMS 0x000000008e200000, 0x000000008e100000| Untracked 
|  60|0x000000008e200000, 0x000000008e300000, 0x000000008e300000|100%| O|  |TAMS 0x000000008e300000, 0x000000008e200000| Untracked 
|  61|0x000000008e300000, 0x000000008e400000, 0x000000008e400000|100%| O|  |TAMS 0x000000008e400000, 0x000000008e300000| Untracked 
|  62|0x000000008e400000, 0x000000008e500000, 0x000000008e500000|100%| O|  |TAMS 0x000000008e500000, 0x000000008e400000| Untracked 
|  63|0x000000008e500000, 0x000000008e600000, 0x000000008e600000|100%| O|  |TAMS 0x000000008e600000, 0x000000008e500000| Untracked 
|  64|0x000000008e600000, 0x000000008e700000, 0x000000008e700000|100%| O|  |TAMS 0x000000008e63e600, 0x000000008e600000| Untracked 
|  65|0x000000008e700000, 0x000000008e800000, 0x000000008e800000|100%|HS|  |TAMS 0x000000008e700000, 0x000000008e700000| Complete 
|  66|0x000000008e800000, 0x000000008e900000, 0x000000008e900000|100%|HC|  |TAMS 0x000000008e800000, 0x000000008e800000| Complete 
|  67|0x000000008e900000, 0x000000008ea00000, 0x000000008ea00000|100%| O|  |TAMS 0x000000008e900000, 0x000000008e900000| Untracked 
|  68|0x000000008ea00000, 0x000000008eb00000, 0x000000008eb00000|100%| O|  |TAMS 0x000000008ea00000, 0x000000008ea00000| Untracked 
|  69|0x000000008eb00000, 0x000000008ec00000, 0x000000008ec00000|100%| O|  |TAMS 0x000000008eb00000, 0x000000008eb00000| Untracked 
|  70|0x000000008ec00000, 0x000000008ed00000, 0x000000008ed00000|100%| O|  |TAMS 0x000000008ec00000, 0x000000008ec00000| Untracked 
|  71|0x000000008ed00000, 0x000000008ee00000, 0x000000008ee00000|100%| O|  |TAMS 0x000000008ed00000, 0x000000008ed00000| Untracked 
|  72|0x000000008ee00000, 0x000000008ef00000, 0x000000008ef00000|100%| O|  |TAMS 0x000000008ee00000, 0x000000008ee00000| Untracked 
|  73|0x000000008ef00000, 0x000000008f000000, 0x000000008f000000|100%| O|  |TAMS 0x000000008ef00000, 0x000000008ef00000| Untracked 
|  74|0x000000008f000000, 0x000000008f100000, 0x000000008f100000|100%| O|  |TAMS 0x000000008f000000, 0x000000008f000000| Untracked 
|  75|0x000000008f100000, 0x000000008f200000, 0x000000008f200000|100%| O|  |TAMS 0x000000008f100000, 0x000000008f100000| Untracked 
|  76|0x000000008f200000, 0x000000008f300000, 0x000000008f300000|100%| O|  |TAMS 0x000000008f200000, 0x000000008f200000| Untracked 
|  77|0x000000008f300000, 0x000000008f400000, 0x000000008f400000|100%| O|  |TAMS 0x000000008f300000, 0x000000008f300000| Untracked 
|  78|0x000000008f400000, 0x000000008f500000, 0x000000008f500000|100%| O|  |TAMS 0x000000008f400000, 0x000000008f400000| Untracked 
|  79|0x000000008f500000, 0x000000008f600000, 0x000000008f600000|100%| O|  |TAMS 0x000000008f500000, 0x000000008f500000| Untracked 
|  80|0x000000008f600000, 0x000000008f700000, 0x000000008f700000|100%| O|  |TAMS 0x000000008f600000, 0x000000008f600000| Untracked 
|  81|0x000000008f700000, 0x000000008f800000, 0x000000008f800000|100%| O|  |TAMS 0x000000008f700000, 0x000000008f700000| Untracked 
|  82|0x000000008f800000, 0x000000008f900000, 0x000000008f900000|100%| O|  |TAMS 0x000000008f800000, 0x000000008f800000| Untracked 
|  83|0x000000008f900000, 0x000000008fa00000, 0x000000008fa00000|100%| O|  |TAMS 0x000000008f900000, 0x000000008f900000| Untracked 
|  84|0x000000008fa00000, 0x000000008fb00000, 0x000000008fb00000|100%| O|  |TAMS 0x000000008fa00000, 0x000000008fa00000| Untracked 
|  85|0x000000008fb00000, 0x000000008fc00000, 0x000000008fc00000|100%| O|  |TAMS 0x000000008fb00000, 0x000000008fb00000| Untracked 
|  86|0x000000008fc00000, 0x000000008fd00000, 0x000000008fd00000|100%| O|  |TAMS 0x000000008fc00000, 0x000000008fc00000| Untracked 
|  87|0x000000008fd00000, 0x000000008fe00000, 0x000000008fe00000|100%| O|  |TAMS 0x000000008fd00000, 0x000000008fd00000| Untracked 
|  88|0x000000008fe00000, 0x000000008ff00000, 0x000000008ff00000|100%| O|  |TAMS 0x000000008fe00000, 0x000000008fe00000| Untracked 
|  89|0x000000008ff00000, 0x0000000090000000, 0x0000000090000000|100%| O|  |TAMS 0x000000008ff00000, 0x000000008ff00000| Untracked 
|  90|0x0000000090000000, 0x0000000090100000, 0x0000000090100000|100%| O|  |TAMS 0x0000000090000000, 0x0000000090000000| Untracked 
|  91|0x0000000090100000, 0x0000000090200000, 0x0000000090200000|100%| O|  |TAMS 0x0000000090100000, 0x0000000090100000| Untracked 
|  92|0x0000000090200000, 0x0000000090300000, 0x0000000090300000|100%| O|  |TAMS 0x0000000090200000, 0x0000000090200000| Untracked 
|  93|0x0000000090300000, 0x0000000090400000, 0x0000000090400000|100%| O|  |TAMS 0x0000000090300000, 0x0000000090300000| Untracked 
|  94|0x0000000090400000, 0x0000000090500000, 0x0000000090500000|100%| O|  |TAMS 0x0000000090400000, 0x0000000090400000| Untracked 
|  95|0x0000000090500000, 0x0000000090600000, 0x0000000090600000|100%| O|  |TAMS 0x0000000090500000, 0x0000000090500000| Untracked 
|  96|0x0000000090600000, 0x0000000090700000, 0x0000000090700000|100%| O|  |TAMS 0x0000000090600000, 0x0000000090600000| Untracked 
|  97|0x0000000090700000, 0x0000000090800000, 0x0000000090800000|100%| O|  |TAMS 0x0000000090700000, 0x0000000090700000| Untracked 
|  98|0x0000000090800000, 0x0000000090900000, 0x0000000090900000|100%| O|  |TAMS 0x0000000090800000, 0x0000000090800000| Untracked 
|  99|0x0000000090900000, 0x0000000090a00000, 0x0000000090a00000|100%| O|  |TAMS 0x0000000090900000, 0x0000000090900000| Untracked 
| 100|0x0000000090a00000, 0x0000000090b00000, 0x0000000090b00000|100%| O|  |TAMS 0x0000000090a00000, 0x0000000090a00000| Untracked 
| 101|0x0000000090b00000, 0x0000000090c00000, 0x0000000090c00000|100%| O|  |TAMS 0x0000000090b00000, 0x0000000090b00000| Untracked 
| 102|0x0000000090c00000, 0x0000000090d00000, 0x0000000090d00000|100%| O|  |TAMS 0x0000000090c00000, 0x0000000090c00000| Untracked 
| 103|0x0000000090d00000, 0x0000000090e00000, 0x0000000090e00000|100%| O|  |TAMS 0x0000000090d00000, 0x0000000090d00000| Untracked 
| 104|0x0000000090e00000, 0x0000000090f00000, 0x0000000090f00000|100%| O|  |TAMS 0x0000000090e00000, 0x0000000090e00000| Untracked 
| 105|0x0000000090f00000, 0x0000000091000000, 0x0000000091000000|100%| O|  |TAMS 0x0000000090f00000, 0x0000000090f00000| Untracked 
| 106|0x0000000091000000, 0x0000000091100000, 0x0000000091100000|100%| O|  |TAMS 0x0000000091000000, 0x0000000091000000| Untracked 
| 107|0x0000000091100000, 0x0000000091200000, 0x0000000091200000|100%| O|  |TAMS 0x0000000091100000, 0x0000000091100000| Untracked 
| 108|0x0000000091200000, 0x0000000091300000, 0x0000000091300000|100%| O|  |TAMS 0x0000000091200000, 0x0000000091200000| Untracked 
| 109|0x0000000091300000, 0x0000000091400000, 0x0000000091400000|100%| O|  |TAMS 0x0000000091300000, 0x0000000091300000| Untracked 
| 110|0x0000000091400000, 0x0000000091500000, 0x0000000091500000|100%| O|  |TAMS 0x0000000091400000, 0x0000000091400000| Untracked 
| 111|0x0000000091500000, 0x0000000091600000, 0x0000000091600000|100%| O|  |TAMS 0x0000000091500000, 0x0000000091500000| Untracked 
| 112|0x0000000091600000, 0x0000000091700000, 0x0000000091700000|100%| O|  |TAMS 0x0000000091600000, 0x0000000091600000| Untracked 
| 113|0x0000000091700000, 0x0000000091800000, 0x0000000091800000|100%| O|  |TAMS 0x0000000091700000, 0x0000000091700000| Untracked 
| 114|0x0000000091800000, 0x0000000091900000, 0x0000000091900000|100%| O|  |TAMS 0x0000000091800000, 0x0000000091800000| Untracked 
| 115|0x0000000091900000, 0x0000000091a00000, 0x0000000091a00000|100%| O|  |TAMS 0x0000000091900000, 0x0000000091900000| Untracked 
| 116|0x0000000091a00000, 0x0000000091b00000, 0x0000000091b00000|100%| O|  |TAMS 0x0000000091a00000, 0x0000000091a00000| Untracked 
| 117|0x0000000091b00000, 0x0000000091c00000, 0x0000000091c00000|100%| O|  |TAMS 0x0000000091b00000, 0x0000000091b00000| Untracked 
| 118|0x0000000091c00000, 0x0000000091d00000, 0x0000000091d00000|100%| O|  |TAMS 0x0000000091c00000, 0x0000000091c00000| Untracked 
| 119|0x0000000091d00000, 0x0000000091e00000, 0x0000000091e00000|100%| O|  |TAMS 0x0000000091d00000, 0x0000000091d00000| Untracked 
| 120|0x0000000091e00000, 0x0000000091f00000, 0x0000000091f00000|100%| O|  |TAMS 0x0000000091e00000, 0x0000000091e00000| Untracked 
| 121|0x0000000091f00000, 0x0000000092000000, 0x0000000092000000|100%| O|  |TAMS 0x0000000091f00000, 0x0000000091f00000| Untracked 
| 122|0x0000000092000000, 0x0000000092100000, 0x0000000092100000|100%| O|  |TAMS 0x0000000092000000, 0x0000000092000000| Untracked 
| 123|0x0000000092100000, 0x0000000092200000, 0x0000000092200000|100%| O|  |TAMS 0x0000000092100000, 0x0000000092100000| Untracked 
| 124|0x0000000092200000, 0x0000000092300000, 0x0000000092300000|100%| O|  |TAMS 0x0000000092200000, 0x0000000092200000| Untracked 
| 125|0x0000000092300000, 0x0000000092400000, 0x0000000092400000|100%| O|  |TAMS 0x0000000092300000, 0x0000000092300000| Untracked 
| 126|0x0000000092400000, 0x0000000092500000, 0x0000000092500000|100%| O|  |TAMS 0x0000000092400000, 0x0000000092400000| Untracked 
| 127|0x0000000092500000, 0x0000000092600000, 0x0000000092600000|100%| O|  |TAMS 0x0000000092500000, 0x0000000092500000| Untracked 
| 128|0x0000000092600000, 0x0000000092700000, 0x0000000092700000|100%| O|  |TAMS 0x0000000092600000, 0x0000000092600000| Untracked 
| 129|0x0000000092700000, 0x0000000092800000, 0x0000000092800000|100%| O|  |TAMS 0x0000000092700000, 0x0000000092700000| Untracked 
| 130|0x0000000092800000, 0x0000000092900000, 0x0000000092900000|100%| O|  |TAMS 0x0000000092800000, 0x0000000092800000| Untracked 
| 131|0x0000000092900000, 0x0000000092a00000, 0x0000000092a00000|100%| O|  |TAMS 0x0000000092900000, 0x0000000092900000| Untracked 
| 132|0x0000000092a00000, 0x0000000092b00000, 0x0000000092b00000|100%| O|  |TAMS 0x0000000092a00000, 0x0000000092a00000| Untracked 
| 133|0x0000000092b00000, 0x0000000092c00000, 0x0000000092c00000|100%| O|  |TAMS 0x0000000092b00000, 0x0000000092b00000| Untracked 
| 134|0x0000000092c00000, 0x0000000092d00000, 0x0000000092d00000|100%| O|  |TAMS 0x0000000092c00000, 0x0000000092c00000| Untracked 
| 135|0x0000000092d00000, 0x0000000092e00000, 0x0000000092e00000|100%| O|  |TAMS 0x0000000092d00000, 0x0000000092d00000| Untracked 
| 136|0x0000000092e00000, 0x0000000092f00000, 0x0000000092f00000|100%| O|  |TAMS 0x0000000092e00000, 0x0000000092e00000| Untracked 
| 137|0x0000000092f00000, 0x0000000093000000, 0x0000000093000000|100%| O|  |TAMS 0x0000000092f00000, 0x0000000092f00000| Untracked 
| 138|0x0000000093000000, 0x0000000093100000, 0x0000000093100000|100%| O|  |TAMS 0x0000000093000000, 0x0000000093000000| Untracked 
| 139|0x0000000093100000, 0x0000000093200000, 0x0000000093200000|100%| O|  |TAMS 0x0000000093100000, 0x0000000093100000| Untracked 
| 140|0x0000000093200000, 0x0000000093300000, 0x0000000093300000|100%| O|  |TAMS 0x0000000093200000, 0x0000000093200000| Untracked 
| 141|0x0000000093300000, 0x0000000093313600, 0x0000000093400000|  7%| O|  |TAMS 0x0000000093300000, 0x0000000093300000| Untracked 
| 142|0x0000000093400000, 0x0000000093400000, 0x0000000093500000|  0%| F|  |TAMS 0x0000000093400000, 0x0000000093400000| Untracked 
| 143|0x0000000093500000, 0x0000000093500000, 0x0000000093600000|  0%| F|  |TAMS 0x0000000093500000, 0x0000000093500000| Untracked 
| 144|0x0000000093600000, 0x0000000093600000, 0x0000000093700000|  0%| F|  |TAMS 0x0000000093600000, 0x0000000093600000| Untracked 
| 145|0x0000000093700000, 0x0000000093700000, 0x0000000093800000|  0%| F|  |TAMS 0x0000000093700000, 0x0000000093700000| Untracked 
| 146|0x0000000093800000, 0x0000000093800000, 0x0000000093900000|  0%| F|  |TAMS 0x0000000093800000, 0x0000000093800000| Untracked 
| 147|0x0000000093900000, 0x0000000093900000, 0x0000000093a00000|  0%| F|  |TAMS 0x0000000093900000, 0x0000000093900000| Untracked 
| 148|0x0000000093a00000, 0x0000000093a00000, 0x0000000093b00000|  0%| F|  |TAMS 0x0000000093a00000, 0x0000000093a00000| Untracked 
| 149|0x0000000093b00000, 0x0000000093b00000, 0x0000000093c00000|  0%| F|  |TAMS 0x0000000093b00000, 0x0000000093b00000| Untracked 
| 150|0x0000000093c00000, 0x0000000093c00000, 0x0000000093d00000|  0%| F|  |TAMS 0x0000000093c00000, 0x0000000093c00000| Untracked 
| 151|0x0000000093d00000, 0x0000000093d00000, 0x0000000093e00000|  0%| F|  |TAMS 0x0000000093d00000, 0x0000000093d00000| Untracked 
| 152|0x0000000093e00000, 0x0000000093e00000, 0x0000000093f00000|  0%| F|  |TAMS 0x0000000093e00000, 0x0000000093e00000| Untracked 
| 153|0x0000000093f00000, 0x0000000093f00000, 0x0000000094000000|  0%| F|  |TAMS 0x0000000093f00000, 0x0000000093f00000| Untracked 
| 154|0x0000000094000000, 0x0000000094000000, 0x0000000094100000|  0%| F|  |TAMS 0x0000000094000000, 0x0000000094000000| Untracked 
| 155|0x0000000094100000, 0x0000000094100000, 0x0000000094200000|  0%| F|  |TAMS 0x0000000094100000, 0x0000000094100000| Untracked 
| 156|0x0000000094200000, 0x0000000094200000, 0x0000000094300000|  0%| F|  |TAMS 0x0000000094200000, 0x0000000094200000| Untracked 
| 157|0x0000000094300000, 0x0000000094300000, 0x0000000094400000|  0%| F|  |TAMS 0x0000000094300000, 0x0000000094300000| Untracked 
| 158|0x0000000094400000, 0x0000000094400000, 0x0000000094500000|  0%| F|  |TAMS 0x0000000094400000, 0x0000000094400000| Untracked 
| 159|0x0000000094500000, 0x0000000094500000, 0x0000000094600000|  0%| F|  |TAMS 0x0000000094500000, 0x0000000094500000| Untracked 
| 160|0x0000000094600000, 0x0000000094600000, 0x0000000094700000|  0%| F|  |TAMS 0x0000000094600000, 0x0000000094600000| Untracked 
| 161|0x0000000094700000, 0x0000000094700000, 0x0000000094800000|  0%| F|  |TAMS 0x0000000094700000, 0x0000000094700000| Untracked 
| 162|0x0000000094800000, 0x0000000094800000, 0x0000000094900000|  0%| F|  |TAMS 0x0000000094800000, 0x0000000094800000| Untracked 
| 163|0x0000000094900000, 0x0000000094900000, 0x0000000094a00000|  0%| F|  |TAMS 0x0000000094900000, 0x0000000094900000| Untracked 
| 164|0x0000000094a00000, 0x0000000094a00000, 0x0000000094b00000|  0%| F|  |TAMS 0x0000000094a00000, 0x0000000094a00000| Untracked 
| 165|0x0000000094b00000, 0x0000000094b00000, 0x0000000094c00000|  0%| F|  |TAMS 0x0000000094b00000, 0x0000000094b00000| Untracked 
| 166|0x0000000094c00000, 0x0000000094c00000, 0x0000000094d00000|  0%| F|  |TAMS 0x0000000094c00000, 0x0000000094c00000| Untracked 
| 167|0x0000000094d00000, 0x0000000094d00000, 0x0000000094e00000|  0%| F|  |TAMS 0x0000000094d00000, 0x0000000094d00000| Untracked 
| 168|0x0000000094e00000, 0x0000000094e00000, 0x0000000094f00000|  0%| F|  |TAMS 0x0000000094e00000, 0x0000000094e00000| Untracked 
| 169|0x0000000094f00000, 0x0000000094f00000, 0x0000000095000000|  0%| F|  |TAMS 0x0000000094f00000, 0x0000000094f00000| Untracked 
| 170|0x0000000095000000, 0x0000000095000000, 0x0000000095100000|  0%| F|  |TAMS 0x0000000095000000, 0x0000000095000000| Untracked 
| 171|0x0000000095100000, 0x0000000095100000, 0x0000000095200000|  0%| F|  |TAMS 0x0000000095100000, 0x0000000095100000| Untracked 
| 172|0x0000000095200000, 0x0000000095200000, 0x0000000095300000|  0%| F|  |TAMS 0x0000000095200000, 0x0000000095200000| Untracked 
| 173|0x0000000095300000, 0x0000000095300000, 0x0000000095400000|  0%| F|  |TAMS 0x0000000095300000, 0x0000000095300000| Untracked 
| 174|0x0000000095400000, 0x0000000095400000, 0x0000000095500000|  0%| F|  |TAMS 0x0000000095400000, 0x0000000095400000| Untracked 
| 175|0x0000000095500000, 0x0000000095500000, 0x0000000095600000|  0%| F|  |TAMS 0x0000000095500000, 0x0000000095500000| Untracked 
| 176|0x0000000095600000, 0x0000000095600000, 0x0000000095700000|  0%| F|  |TAMS 0x0000000095600000, 0x0000000095600000| Untracked 
| 177|0x0000000095700000, 0x0000000095700000, 0x0000000095800000|  0%| F|  |TAMS 0x0000000095700000, 0x0000000095700000| Untracked 
| 178|0x0000000095800000, 0x0000000095800000, 0x0000000095900000|  0%| F|  |TAMS 0x0000000095800000, 0x0000000095800000| Untracked 
| 179|0x0000000095900000, 0x0000000095a00000, 0x0000000095a00000|100%| S|CS|TAMS 0x0000000095900000, 0x0000000095900000| Complete 
| 180|0x0000000095a00000, 0x0000000095b00000, 0x0000000095b00000|100%| S|CS|TAMS 0x0000000095a00000, 0x0000000095a00000| Complete 
| 181|0x0000000095b00000, 0x0000000095c00000, 0x0000000095c00000|100%| S|CS|TAMS 0x0000000095b00000, 0x0000000095b00000| Complete 
| 182|0x0000000095c00000, 0x0000000095d00000, 0x0000000095d00000|100%| S|CS|TAMS 0x0000000095c00000, 0x0000000095c00000| Complete 
| 183|0x0000000095d00000, 0x0000000095d00000, 0x0000000095e00000|  0%| F|  |TAMS 0x0000000095d00000, 0x0000000095d00000| Untracked 
| 184|0x0000000095e00000, 0x0000000095e00000, 0x0000000095f00000|  0%| F|  |TAMS 0x0000000095e00000, 0x0000000095e00000| Untracked 
| 185|0x0000000095f00000, 0x0000000095f00000, 0x0000000096000000|  0%| F|  |TAMS 0x0000000095f00000, 0x0000000095f00000| Untracked 
| 186|0x0000000096000000, 0x0000000096000000, 0x0000000096100000|  0%| F|  |TAMS 0x0000000096000000, 0x0000000096000000| Untracked 
| 187|0x0000000096100000, 0x0000000096100000, 0x0000000096200000|  0%| F|  |TAMS 0x0000000096100000, 0x0000000096100000| Untracked 
| 188|0x0000000096200000, 0x0000000096200000, 0x0000000096300000|  0%| F|  |TAMS 0x0000000096200000, 0x0000000096200000| Untracked 
| 189|0x0000000096300000, 0x0000000096300000, 0x0000000096400000|  0%| F|  |TAMS 0x0000000096300000, 0x0000000096300000| Untracked 
| 190|0x0000000096400000, 0x0000000096400000, 0x0000000096500000|  0%| F|  |TAMS 0x0000000096400000, 0x0000000096400000| Untracked 
| 191|0x0000000096500000, 0x0000000096500000, 0x0000000096600000|  0%| F|  |TAMS 0x0000000096500000, 0x0000000096500000| Untracked 
| 192|0x0000000096600000, 0x0000000096600000, 0x0000000096700000|  0%| F|  |TAMS 0x0000000096600000, 0x0000000096600000| Untracked 
| 193|0x0000000096700000, 0x0000000096700000, 0x0000000096800000|  0%| F|  |TAMS 0x0000000096700000, 0x0000000096700000| Untracked 
| 194|0x0000000096800000, 0x0000000096800000, 0x0000000096900000|  0%| F|  |TAMS 0x0000000096800000, 0x0000000096800000| Untracked 
| 195|0x0000000096900000, 0x0000000096900000, 0x0000000096a00000|  0%| F|  |TAMS 0x0000000096900000, 0x0000000096900000| Untracked 
| 196|0x0000000096a00000, 0x0000000096a00000, 0x0000000096b00000|  0%| F|  |TAMS 0x0000000096a00000, 0x0000000096a00000| Untracked 
| 197|0x0000000096b00000, 0x0000000096b00000, 0x0000000096c00000|  0%| F|  |TAMS 0x0000000096b00000, 0x0000000096b00000| Untracked 
| 198|0x0000000096c00000, 0x0000000096c00000, 0x0000000096d00000|  0%| F|  |TAMS 0x0000000096c00000, 0x0000000096c00000| Untracked 
| 199|0x0000000096d00000, 0x0000000096d00000, 0x0000000096e00000|  0%| F|  |TAMS 0x0000000096d00000, 0x0000000096d00000| Untracked 
| 200|0x0000000096e00000, 0x0000000096e00000, 0x0000000096f00000|  0%| F|  |TAMS 0x0000000096e00000, 0x0000000096e00000| Untracked 
| 201|0x0000000096f00000, 0x0000000096f00000, 0x0000000097000000|  0%| F|  |TAMS 0x0000000096f00000, 0x0000000096f00000| Untracked 
| 202|0x0000000097000000, 0x0000000097000000, 0x0000000097100000|  0%| F|  |TAMS 0x0000000097000000, 0x0000000097000000| Untracked 
| 203|0x0000000097100000, 0x0000000097100000, 0x0000000097200000|  0%| F|  |TAMS 0x0000000097100000, 0x0000000097100000| Untracked 
| 204|0x0000000097200000, 0x0000000097200000, 0x0000000097300000|  0%| F|  |TAMS 0x0000000097200000, 0x0000000097200000| Untracked 
| 205|0x0000000097300000, 0x0000000097300000, 0x0000000097400000|  0%| F|  |TAMS 0x0000000097300000, 0x0000000097300000| Untracked 
| 206|0x0000000097400000, 0x0000000097400000, 0x0000000097500000|  0%| F|  |TAMS 0x0000000097400000, 0x0000000097400000| Untracked 
| 207|0x0000000097500000, 0x0000000097500000, 0x0000000097600000|  0%| F|  |TAMS 0x0000000097500000, 0x0000000097500000| Untracked 
| 208|0x0000000097600000, 0x0000000097600000, 0x0000000097700000|  0%| F|  |TAMS 0x0000000097600000, 0x0000000097600000| Untracked 
| 209|0x0000000097700000, 0x0000000097700000, 0x0000000097800000|  0%| F|  |TAMS 0x0000000097700000, 0x0000000097700000| Untracked 
| 210|0x0000000097800000, 0x0000000097800000, 0x0000000097900000|  0%| F|  |TAMS 0x0000000097800000, 0x0000000097800000| Untracked 
| 211|0x0000000097900000, 0x0000000097900000, 0x0000000097a00000|  0%| F|  |TAMS 0x0000000097900000, 0x0000000097900000| Untracked 
| 212|0x0000000097a00000, 0x0000000097a00000, 0x0000000097b00000|  0%| F|  |TAMS 0x0000000097a00000, 0x0000000097a00000| Untracked 
| 213|0x0000000097b00000, 0x0000000097b00000, 0x0000000097c00000|  0%| F|  |TAMS 0x0000000097b00000, 0x0000000097b00000| Untracked 
| 214|0x0000000097c00000, 0x0000000097c00000, 0x0000000097d00000|  0%| F|  |TAMS 0x0000000097c00000, 0x0000000097c00000| Untracked 
| 215|0x0000000097d00000, 0x0000000097d00000, 0x0000000097e00000|  0%| F|  |TAMS 0x0000000097d00000, 0x0000000097d00000| Untracked 
| 216|0x0000000097e00000, 0x0000000097e00000, 0x0000000097f00000|  0%| F|  |TAMS 0x0000000097e00000, 0x0000000097e00000| Untracked 
| 217|0x0000000097f00000, 0x0000000097f00000, 0x0000000098000000|  0%| F|  |TAMS 0x0000000097f00000, 0x0000000097f00000| Untracked 
| 218|0x0000000098000000, 0x0000000098000000, 0x0000000098100000|  0%| F|  |TAMS 0x0000000098000000, 0x0000000098000000| Untracked 
| 219|0x0000000098100000, 0x0000000098100000, 0x0000000098200000|  0%| F|  |TAMS 0x0000000098100000, 0x0000000098100000| Untracked 
| 220|0x0000000098200000, 0x0000000098200000, 0x0000000098300000|  0%| F|  |TAMS 0x0000000098200000, 0x0000000098200000| Untracked 
| 221|0x0000000098300000, 0x0000000098300000, 0x0000000098400000|  0%| F|  |TAMS 0x0000000098300000, 0x0000000098300000| Untracked 
| 222|0x0000000098400000, 0x0000000098400000, 0x0000000098500000|  0%| F|  |TAMS 0x0000000098400000, 0x0000000098400000| Untracked 
| 223|0x0000000098500000, 0x0000000098500000, 0x0000000098600000|  0%| F|  |TAMS 0x0000000098500000, 0x0000000098500000| Untracked 
| 224|0x0000000098600000, 0x0000000098600000, 0x0000000098700000|  0%| F|  |TAMS 0x0000000098600000, 0x0000000098600000| Untracked 
| 225|0x0000000098700000, 0x0000000098700000, 0x0000000098800000|  0%| F|  |TAMS 0x0000000098700000, 0x0000000098700000| Untracked 
| 226|0x0000000098800000, 0x0000000098800000, 0x0000000098900000|  0%| F|  |TAMS 0x0000000098800000, 0x0000000098800000| Untracked 
| 227|0x0000000098900000, 0x0000000098980800, 0x0000000098a00000| 50%| E|  |TAMS 0x0000000098900000, 0x0000000098900000| Complete 
| 228|0x0000000098a00000, 0x0000000098b00000, 0x0000000098b00000|100%| E|CS|TAMS 0x0000000098a00000, 0x0000000098a00000| Complete 
| 229|0x0000000098b00000, 0x0000000098c00000, 0x0000000098c00000|100%| E|CS|TAMS 0x0000000098b00000, 0x0000000098b00000| Complete 
| 230|0x0000000098c00000, 0x0000000098d00000, 0x0000000098d00000|100%| E|CS|TAMS 0x0000000098c00000, 0x0000000098c00000| Complete 
| 231|0x0000000098d00000, 0x0000000098e00000, 0x0000000098e00000|100%| E|CS|TAMS 0x0000000098d00000, 0x0000000098d00000| Complete 
| 232|0x0000000098e00000, 0x0000000098f00000, 0x0000000098f00000|100%| E|CS|TAMS 0x0000000098e00000, 0x0000000098e00000| Complete 
| 233|0x0000000098f00000, 0x0000000099000000, 0x0000000099000000|100%| E|CS|TAMS 0x0000000098f00000, 0x0000000098f00000| Complete 
| 234|0x0000000099000000, 0x0000000099100000, 0x0000000099100000|100%| E|CS|TAMS 0x0000000099000000, 0x0000000099000000| Complete 
| 277|0x000000009bb00000, 0x000000009bc00000, 0x000000009bc00000|100%| E|CS|TAMS 0x000000009bb00000, 0x000000009bb00000| Complete 
| 278|0x000000009bc00000, 0x000000009bd00000, 0x000000009bd00000|100%| E|CS|TAMS 0x000000009bc00000, 0x000000009bc00000| Complete 

Card table byte_map: [0x000001efea630000,0x000001efea9e0000] _byte_map_base: 0x000001efea1dd000

Marking Bits (Prev, Next): (CMBitMap*) 0x000001efd78c5c80, (CMBitMap*) 0x000001efd78c5c40
 Prev Bits: [0x000001efecb00000, 0x000001efee868000)
 Next Bits: [0x000001efead90000, 0x000001efecaf8000)

Polling page: 0x000001efd7030000

Metaspace:

Usage:
  Non-class:     77.57 MB used.
      Class:      9.41 MB used.
       Both:     86.97 MB used.

Virtual space:
  Non-class space:       80.00 MB reserved,      77.81 MB ( 97%) committed,  10 nodes.
      Class space:        1.00 GB reserved,       9.56 MB ( <1%) committed,  1 nodes.
             Both:        1.08 GB reserved,      87.38 MB (  8%) committed. 

Chunk freelists:
   Non-Class:  1.73 MB
       Class:  2.45 MB
        Both:  4.19 MB

MaxMetaspaceSize: unlimited
CompressedClassSpaceSize: 1.00 GB
Initial GC threshold: 21.00 MB
Current GC threshold: 107.62 MB
CDS: off
MetaspaceReclaimPolicy: balanced
 - commit_granule_bytes: 65536.
 - commit_granule_words: 8192.
 - virtual_space_node_default_size: 1048576.
 - enlarge_chunks_in_place: 1.
 - new_chunks_are_fully_committed: 0.
 - uncommit_free_chunks: 1.
 - use_allocation_guard: 0.
 - handle_deallocations: 1.


Internal statistics:

num_allocs_failed_limit: 6.
num_arena_births: 486.
num_arena_deaths: 0.
num_vsnodes_births: 11.
num_vsnodes_deaths: 0.
num_space_committed: 1396.
num_space_uncommitted: 0.
num_chunks_returned_to_freelist: 6.
num_chunks_taken_from_freelist: 3441.
num_chunk_merges: 6.
num_chunk_splits: 2701.
num_chunks_enlarged: 2289.
num_purges: 0.
num_inconsistent_stats: 0.

CodeHeap 'non-profiled nmethods': size=120000Kb used=8426Kb max_used=8426Kb free=111573Kb
 bounds [0x000001efe2800000, 0x000001efe3040000, 0x000001efe9d30000]
CodeHeap 'profiled nmethods': size=120000Kb used=47632Kb max_used=47632Kb free=72367Kb
 bounds [0x000001efdad30000, 0x000001efddbc0000, 0x000001efe2260000]
CodeHeap 'non-nmethods': size=5760Kb used=1407Kb max_used=1450Kb free=4352Kb
 bounds [0x000001efe2260000, 0x000001efe24d0000, 0x000001efe2800000]
 total_blobs=16865 nmethods=16127 adapters=646
 compilation: enabled
              stopped_count=0, restarted_count=0
 full_count=0

Compilation events (20 events):
Event: 11.829 Thread 0x000001eff2040a10 nmethod 19684 0x000001efddb6f990 code [0x000001efddb6fc00, 0x000001efddb70558]
Event: 11.830 Thread 0x000001eff2040a10 19679       3       org.jetbrains.kotlin.backend.common.lower.LocalDeclarationsLowering$LocalDeclarationsTransformer$collectLocalDeclarations$1$inInlineFunctionScope$1::invoke (29 bytes)
Event: 11.830 Thread 0x000001eff4f35ea0 nmethod 19525 0x000001efe3034b90 code [0x000001efe3034fa0, 0x000001efe3037fb0]
Event: 11.830 Thread 0x000001eff4f35ea0 19533       4       org.jetbrains.kotlin.ir.util.IrUtilsKt::copyAnnotations (255 bytes)
Event: 11.830 Thread 0x000001eff2040a10 nmethod 19679 0x000001efddb70890 code [0x000001efddb70ae0, 0x000001efddb713c8]
Event: 11.830 Thread 0x000001eff2040a10 19683       3       kotlin.text.Regex::replace (33 bytes)
Event: 11.830 Thread 0x000001eff2040a10 nmethod 19683 0x000001efddb71690 code [0x000001efddb71940, 0x000001efddb72428]
Event: 11.830 Thread 0x000001eff2040a10 19685       3       org.jetbrains.kotlin.ir.util.SetDeclarationsParentVisitor::visitFieldAccess (13 bytes)
Event: 11.831 Thread 0x000001eff2040a10 nmethod 19685 0x000001efddb72890 code [0x000001efddb72b20, 0x000001efddb73798]
Event: 11.831 Thread 0x000001eff2040a10 19686       3       org.jetbrains.kotlin.ir.util.SetDeclarationsParentVisitor::visitFieldAccess (8 bytes)
Event: 11.832 Thread 0x000001eff2040a10 nmethod 19686 0x000001efddb73b90 code [0x000001efddb73e60, 0x000001efddb74c48]
Event: 11.832 Thread 0x000001eff2040a10 19689       3       org.jetbrains.kotlin.ir.util.SetDeclarationsParentVisitor::visitComposite (13 bytes)
Event: 11.832 Thread 0x000001eff2040a10 nmethod 19689 0x000001efddb75110 code [0x000001efddb753a0, 0x000001efddb76018]
Event: 11.832 Thread 0x000001eff2040a10 19690       3       org.jetbrains.kotlin.ir.util.SetDeclarationsParentVisitor::visitComposite (8 bytes)
Event: 11.833 Thread 0x000001eff2040a10 nmethod 19690 0x000001efddb76410 code [0x000001efddb766e0, 0x000001efddb774c8]
Event: 11.833 Thread 0x000001eff2040a10 19691       3       org.jetbrains.kotlin.backend.common.lower.ClosureAnnotator$ClosureCollectorVisitor::visitGetField (13 bytes)
Event: 11.833 Thread 0x000001eff2040a10 nmethod 19691 0x000001efddb77990 code [0x000001efddb77c00, 0x000001efddb78658]
Event: 11.833 Thread 0x000001eff2040a10 19692       3       org.jetbrains.kotlin.backend.common.lower.ClosureAnnotator$ClosureCollectorVisitor::visitGetField (8 bytes)
Event: 11.834 Thread 0x000001eff2040a10 nmethod 19692 0x000001efddb78a10 code [0x000001efddb78cc0, 0x000001efddb798a8]
Event: 11.834 Thread 0x000001eff2040a10 19693       3       org.jetbrains.kotlin.backend.common.lower.LocalDeclarationsLowering$LocalDeclarationsTransformer::suggestNameForCapturedValue (621 bytes)

GC Heap History (20 events):
Event: 5.737 GC heap before
{Heap before GC invocations=24 (full 0):
 garbage-first heap   total 121856K, used 96250K [0x000000008a600000, 0x0000000100000000)
  region size 1024K, 31 young (31744K), 1 survivors (1024K)
 Metaspace       used 65720K, committed 65984K, reserved 1114112K
  class space    used 7573K, committed 7680K, reserved 1048576K
}
Event: 5.746 GC heap after
{Heap after GC invocations=25 (full 0):
 garbage-first heap   total 285696K, used 70483K [0x000000008a600000, 0x0000000100000000)
  region size 1024K, 4 young (4096K), 4 survivors (4096K)
 Metaspace       used 65720K, committed 65984K, reserved 1114112K
  class space    used 7573K, committed 7680K, reserved 1048576K
}
Event: 7.414 GC heap before
{Heap before GC invocations=26 (full 0):
 garbage-first heap   total 242688K, used 206675K [0x000000008a600000, 0x0000000100000000)
  region size 1024K, 135 young (138240K), 4 survivors (4096K)
 Metaspace       used 67446K, committed 67776K, reserved 1114112K
  class space    used 7610K, committed 7744K, reserved 1048576K
}
Event: 7.426 GC heap after
{Heap after GC invocations=27 (full 0):
 garbage-first heap   total 242688K, used 84466K [0x000000008a600000, 0x0000000100000000)
  region size 1024K, 16 young (16384K), 16 survivors (16384K)
 Metaspace       used 67446K, committed 67776K, reserved 1114112K
  class space    used 7610K, committed 7744K, reserved 1048576K
}
Event: 7.438 GC heap before
{Heap before GC invocations=27 (full 0):
 garbage-first heap   total 242688K, used 85490K [0x000000008a600000, 0x0000000100000000)
  region size 1024K, 17 young (17408K), 16 survivors (16384K)
 Metaspace       used 67451K, committed 67776K, reserved 1114112K
  class space    used 7610K, committed 7744K, reserved 1048576K
}
Event: 7.447 GC heap after
{Heap after GC invocations=28 (full 0):
 garbage-first heap   total 242688K, used 84089K [0x000000008a600000, 0x0000000100000000)
  region size 1024K, 1 young (1024K), 1 survivors (1024K)
 Metaspace       used 67451K, committed 67776K, reserved 1114112K
  class space    used 7610K, committed 7744K, reserved 1048576K
}
Event: 8.432 GC heap before
{Heap before GC invocations=28 (full 0):
 garbage-first heap   total 242688K, used 183417K [0x000000008a600000, 0x0000000100000000)
  region size 1024K, 98 young (100352K), 1 survivors (1024K)
 Metaspace       used 69860K, committed 70144K, reserved 1114112K
  class space    used 7815K, committed 7936K, reserved 1048576K
}
Event: 8.437 GC heap after
{Heap after GC invocations=29 (full 0):
 garbage-first heap   total 242688K, used 89593K [0x000000008a600000, 0x0000000100000000)
  region size 1024K, 6 young (6144K), 6 survivors (6144K)
 Metaspace       used 69860K, committed 70144K, reserved 1114112K
  class space    used 7815K, committed 7936K, reserved 1048576K
}
Event: 9.494 GC heap before
{Heap before GC invocations=29 (full 0):
 garbage-first heap   total 242688K, used 188921K [0x000000008a600000, 0x0000000100000000)
  region size 1024K, 103 young (105472K), 6 survivors (6144K)
 Metaspace       used 77161K, committed 77504K, reserved 1122304K
  class space    used 8550K, committed 8704K, reserved 1048576K
}
Event: 9.507 GC heap after
{Heap after GC invocations=30 (full 0):
 garbage-first heap   total 242688K, used 104855K [0x000000008a600000, 0x0000000100000000)
  region size 1024K, 13 young (13312K), 13 survivors (13312K)
 Metaspace       used 77161K, committed 77504K, reserved 1122304K
  class space    used 8550K, committed 8704K, reserved 1048576K
}
Event: 10.046 GC heap before
{Heap before GC invocations=30 (full 0):
 garbage-first heap   total 242688K, used 188823K [0x000000008a600000, 0x0000000100000000)
  region size 1024K, 95 young (97280K), 13 survivors (13312K)
 Metaspace       used 77754K, committed 78080K, reserved 1122304K
  class space    used 8579K, committed 8704K, reserved 1048576K
}
Event: 10.071 GC heap after
{Heap after GC invocations=31 (full 0):
 garbage-first heap   total 242688K, used 132436K [0x000000008a600000, 0x0000000100000000)
  region size 1024K, 12 young (12288K), 12 survivors (12288K)
 Metaspace       used 77754K, committed 78080K, reserved 1122304K
  class space    used 8579K, committed 8704K, reserved 1048576K
}
Event: 10.459 GC heap before
{Heap before GC invocations=31 (full 0):
 garbage-first heap   total 242688K, used 182612K [0x000000008a600000, 0x0000000100000000)
  region size 1024K, 61 young (62464K), 12 survivors (12288K)
 Metaspace       used 80130K, committed 80512K, reserved 1122304K
  class space    used 8842K, committed 9024K, reserved 1048576K
}
Event: 10.469 GC heap after
{Heap after GC invocations=32 (full 0):
 garbage-first heap   total 242688K, used 140115K [0x000000008a600000, 0x0000000100000000)
  region size 1024K, 6 young (6144K), 6 survivors (6144K)
 Metaspace       used 80130K, committed 80512K, reserved 1122304K
  class space    used 8842K, committed 9024K, reserved 1048576K
}
Event: 10.953 GC heap before
{Heap before GC invocations=32 (full 0):
 garbage-first heap   total 242688K, used 189267K [0x000000008a600000, 0x0000000100000000)
  region size 1024K, 54 young (55296K), 6 survivors (6144K)
 Metaspace       used 86527K, committed 86912K, reserved 1130496K
  class space    used 9506K, committed 9664K, reserved 1048576K
}
Event: 10.959 GC heap after
{Heap after GC invocations=33 (full 0):
 garbage-first heap   total 242688K, used 145007K [0x000000008a600000, 0x0000000100000000)
  region size 1024K, 5 young (5120K), 5 survivors (5120K)
 Metaspace       used 86527K, committed 86912K, reserved 1130496K
  class space    used 9506K, committed 9664K, reserved 1048576K
}
Event: 11.389 GC heap before
{Heap before GC invocations=33 (full 0):
 garbage-first heap   total 242688K, used 192111K [0x000000008a600000, 0x0000000100000000)
  region size 1024K, 51 young (52224K), 5 survivors (5120K)
 Metaspace       used 88410K, committed 88768K, reserved 1130496K
  class space    used 9630K, committed 9792K, reserved 1048576K
}
Event: 11.394 GC heap after
{Heap after GC invocations=34 (full 0):
 garbage-first heap   total 242688K, used 146279K [0x000000008a600000, 0x0000000100000000)
  region size 1024K, 6 young (6144K), 6 survivors (6144K)
 Metaspace       used 88410K, committed 88768K, reserved 1130496K
  class space    used 9630K, committed 9792K, reserved 1048576K
}
Event: 11.763 GC heap before
{Heap before GC invocations=34 (full 0):
 garbage-first heap   total 242688K, used 195431K [0x000000008a600000, 0x0000000100000000)
  region size 1024K, 54 young (55296K), 6 survivors (6144K)
 Metaspace       used 88966K, committed 89344K, reserved 1130496K
  class space    used 9632K, committed 9792K, reserved 1048576K
}
Event: 11.771 GC heap after
{Heap after GC invocations=35 (full 0):
 garbage-first heap   total 242688K, used 148384K [0x000000008a600000, 0x0000000100000000)
  region size 1024K, 4 young (4096K), 4 survivors (4096K)
 Metaspace       used 88966K, committed 89344K, reserved 1130496K
  class space    used 9632K, committed 9792K, reserved 1048576K
}

Dll operation events (2 events):
Event: 0.005 Loaded shared library E:\Android Studio\jbr\bin\java.dll
Event: 0.748 Loaded shared library E:\Android Studio\jbr\bin\verify.dll

Deoptimization events (20 events):
Event: 11.545 Thread 0x000001efd786c4b0 Uncommon trap: trap_request=0xffffffde fr.pc=0x000001efe2cc8554 relative=0x0000000000002234
Event: 11.545 Thread 0x000001efd786c4b0 Uncommon trap: reason=class_check action=maybe_recompile pc=0x000001efe2cc8554 method=org.jetbrains.kotlin.ir.util.IrUtilsKt.remapTypeParameters(Lorg/jetbrains/kotlin/ir/types/IrType;Lorg/jetbrains/kotlin/ir/declarations/IrTypeParametersContainer;Lorg/jet
Event: 11.545 Thread 0x000001efd786c4b0 DEOPT PACKING pc=0x000001efe2cc8554 sp=0x00000005e09fccf0
Event: 11.545 Thread 0x000001efd786c4b0 DEOPT UNPACKING pc=0x000001efe22b69a3 sp=0x00000005e09fcca0 mode 2
Event: 11.618 Thread 0x000001efd786c4b0 Uncommon trap: trap_request=0xffffff45 fr.pc=0x000001efe2fc9edc relative=0x000000000000037c
Event: 11.618 Thread 0x000001efd786c4b0 Uncommon trap: reason=unstable_if action=reinterpret pc=0x000001efe2fc9edc method=org.jetbrains.kotlin.backend.jvm.lower.JvmOptimizationLowering$Transformer.getInlineableValueForTemporaryVal(Lorg/jetbrains/kotlin/ir/IrStatement;)Lorg/jetbrains/kotlin/ir/e
Event: 11.618 Thread 0x000001efd786c4b0 DEOPT PACKING pc=0x000001efe2fc9edc sp=0x00000005e09fc190
Event: 11.618 Thread 0x000001efd786c4b0 DEOPT UNPACKING pc=0x000001efe22b69a3 sp=0x00000005e09fc118 mode 2
Event: 11.835 Thread 0x000001efd786c4b0 Uncommon trap: trap_request=0xffffff66 fr.pc=0x000001efe3037288 relative=0x00000000000022e8
Event: 11.835 Thread 0x000001efd786c4b0 Uncommon trap: reason=speculate_class_check action=maybe_recompile pc=0x000001efe3037288 method=org.jetbrains.kotlin.ir.expressions.IrMemberAccessExpression.getTypeArgumentsCount()I @ 1 c2
Event: 11.835 Thread 0x000001efd786c4b0 DEOPT PACKING pc=0x000001efe3037288 sp=0x00000005e09fd5a0
Event: 11.835 Thread 0x000001efd786c4b0 DEOPT UNPACKING pc=0x000001efe22b69a3 sp=0x00000005e09fd3d0 mode 2
Event: 11.835 Thread 0x000001efd786c4b0 Uncommon trap: trap_request=0xffffff66 fr.pc=0x000001efe3037288 relative=0x00000000000022e8
Event: 11.835 Thread 0x000001efd786c4b0 Uncommon trap: reason=speculate_class_check action=maybe_recompile pc=0x000001efe3037288 method=org.jetbrains.kotlin.ir.expressions.IrMemberAccessExpression.getTypeArgumentsCount()I @ 1 c2
Event: 11.835 Thread 0x000001efd786c4b0 DEOPT PACKING pc=0x000001efe3037288 sp=0x00000005e09fd3e0
Event: 11.835 Thread 0x000001efd786c4b0 DEOPT UNPACKING pc=0x000001efe22b69a3 sp=0x00000005e09fd210 mode 2
Event: 11.835 Thread 0x000001efd786c4b0 Uncommon trap: trap_request=0xffffff66 fr.pc=0x000001efe3037288 relative=0x00000000000022e8
Event: 11.835 Thread 0x000001efd786c4b0 Uncommon trap: reason=speculate_class_check action=maybe_recompile pc=0x000001efe3037288 method=org.jetbrains.kotlin.ir.expressions.IrMemberAccessExpression.getTypeArgumentsCount()I @ 1 c2
Event: 11.835 Thread 0x000001efd786c4b0 DEOPT PACKING pc=0x000001efe3037288 sp=0x00000005e09fd5a0
Event: 11.835 Thread 0x000001efd786c4b0 DEOPT UNPACKING pc=0x000001efe22b69a3 sp=0x00000005e09fd3d0 mode 2

Classes unloaded (0 events):
No events

Classes redefined (0 events):
No events

Internal exceptions (20 events):
Event: 4.905 Thread 0x000001efd786c4b0 Exception <a 'java/lang/NoSuchMethodError'{0x0000000090a312e8}: 'java.lang.Object java.lang.invoke.Invokers$Holder.linkToTargetMethod(java.lang.Object, java.lang.Object, java.lang.Object, java.lang.Object, java.lang.Object, java.lang.Object, java.lang.Object)'> (0x0000000090a312e8) 
thrown [s\src\hotspot\share\interpreter\linkResolver.cpp, line 771]
Event: 5.278 Thread 0x000001efd786c4b0 Exception <a 'java/lang/NoSuchMethodError'{0x0000000091adb360}: 'void java.lang.invoke.DirectMethodHandle$Holder.invokeInterface(java.lang.Object, java.lang.Object)'> (0x0000000091adb360) 
thrown [s\src\hotspot\share\interpreter\linkResolver.cpp, line 771]
Event: 5.405 Thread 0x000001efd786c4b0 Exception <a 'java/lang/NoSuchMethodError'{0x00000000911278a0}: 'void java.lang.invoke.DirectMethodHandle$Holder.invokeStatic(java.lang.Object, java.lang.Object, java.lang.Object)'> (0x00000000911278a0) 
thrown [s\src\hotspot\share\interpreter\linkResolver.cpp, line 771]
Event: 5.614 Thread 0x000001efd786c4b0 Implicit null exception at 0x000001efe299ccbf to 0x000001efe299d468
Event: 6.030 Thread 0x000001efd786c4b0 Implicit null exception at 0x000001efe2b888ac to 0x000001efe2b88968
Event: 8.268 Thread 0x000001efd786c4b0 Implicit null exception at 0x000001efe2d9445c to 0x000001efe2d9474c
Event: 8.273 Thread 0x000001efd786c4b0 Implicit null exception at 0x000001efe2d15e5a to 0x000001efe2d16134
Event: 8.389 Thread 0x000001efd786c4b0 Exception <a 'java/lang/NoSuchMethodError'{0x000000009330aee0}: 'java.lang.Object java.lang.invoke.DirectMethodHandle$Holder.invokeStaticInit(java.lang.Object, java.lang.Object, java.lang.Object, java.lang.Object)'> (0x000000009330aee0) 
thrown [s\src\hotspot\share\interpreter\linkResolver.cpp, line 771]
Event: 8.526 Thread 0x000001efd786c4b0 Exception <a 'java/lang/NoSuchMethodError'{0x0000000098ce0280}: 'int java.lang.invoke.DirectMethodHandle$Holder.invokeStaticInit(java.lang.Object, java.lang.Object, java.lang.Object, java.lang.Object)'> (0x0000000098ce0280) 
thrown [s\src\hotspot\share\interpreter\linkResolver.cpp, line 771]
Event: 8.556 Thread 0x000001efd786c4b0 Exception <a 'java/lang/NoSuchMethodError'{0x000000009895fdd8}: 'java.lang.Object java.lang.invoke.DirectMethodHandle$Holder.newInvokeSpecial(java.lang.Object, java.lang.Object, java.lang.Object, int, int)'> (0x000000009895fdd8) 
thrown [s\src\hotspot\share\interpreter\linkResolver.cpp, line 771]
Event: 8.556 Thread 0x000001efd786c4b0 Exception <a 'java/lang/NoSuchMethodError'{0x0000000098963c18}: 'java.lang.Object java.lang.invoke.DirectMethodHandle$Holder.invokeSpecial(java.lang.Object, java.lang.Object, java.lang.Object, java.lang.Object, int, int)'> (0x0000000098963c18) 
thrown [s\src\hotspot\share\interpreter\linkResolver.cpp, line 771]
Event: 8.738 Thread 0x000001efd786c4b0 Exception <a 'java/lang/NoSuchMethodError'{0x0000000097c139c0}: 'java.lang.Object java.lang.invoke.DirectMethodHandle$Holder.invokeSpecial(java.lang.Object, java.lang.Object, int, int, java.lang.Object, java.lang.Object, java.lang.Object, java.lang.Object, java.lang.Object)'> (0x0000000097c139c0) 
thrown [s\src\hotspot\share\interpreter\linkResolver.cpp, line 771]
Event: 8.782 Thread 0x000001efd786c4b0 Exception <a 'java/lang/NoSuchMethodError'{0x0000000097a575e0}: 'java.lang.Object java.lang.invoke.DirectMethodHandle$Holder.newInvokeSpecial(java.lang.Object, java.lang.Object, int, int, java.lang.Object, java.lang.Object, java.lang.Object)'> (0x0000000097a575e0) 
thrown [s\src\hotspot\share\interpreter\linkResolver.cpp, line 771]
Event: 8.782 Thread 0x000001efd786c4b0 Exception <a 'java/lang/NoSuchMethodError'{0x0000000097a5be88}: 'java.lang.Object java.lang.invoke.DirectMethodHandle$Holder.invokeSpecial(java.lang.Object, java.lang.Object, java.lang.Object, int, int, java.lang.Object, java.lang.Object, java.lang.Object)'> (0x0000000097a5be88) 
thrown [s\src\hotspot\share\interpreter\linkResolver.cpp, line 771]
Event: 10.710 Thread 0x000001efd786c4b0 Implicit null exception at 0x000001efe2f51a62 to 0x000001efe2f51d94
Event: 10.962 Thread 0x000001efd786c4b0 Implicit null exception at 0x000001efe2fc52d2 to 0x000001efe2fc5375
Event: 11.128 Thread 0x000001efd786c4b0 Implicit null exception at 0x000001efe2d11d52 to 0x000001efe2d11dd9
Event: 11.239 Thread 0x000001efd786c4b0 Implicit null exception at 0x000001efe2d5e524 to 0x000001efe2d5fac0
Event: 11.298 Thread 0x000001efd786c4b0 Implicit null exception at 0x000001efe2e2afa4 to 0x000001efe2e2be88
Event: 11.544 Thread 0x000001efd786c4b0 Implicit null exception at 0x000001efe2e2fadb to 0x000001efe2e2fe58

VM Operations (20 events):
Event: 11.149 Executing VM operation: HandshakeAllThreads
Event: 11.149 Executing VM operation: HandshakeAllThreads done
Event: 11.149 Executing VM operation: HandshakeAllThreads
Event: 11.149 Executing VM operation: HandshakeAllThreads done
Event: 11.217 Executing VM operation: HandshakeAllThreads
Event: 11.217 Executing VM operation: HandshakeAllThreads done
Event: 11.225 Executing VM operation: ICBufferFull
Event: 11.225 Executing VM operation: ICBufferFull done
Event: 11.280 Executing VM operation: ICBufferFull
Event: 11.280 Executing VM operation: ICBufferFull done
Event: 11.389 Executing VM operation: G1CollectForAllocation
Event: 11.395 Executing VM operation: G1CollectForAllocation done
Event: 11.413 Executing VM operation: HandshakeAllThreads
Event: 11.413 Executing VM operation: HandshakeAllThreads done
Event: 11.500 Executing VM operation: ICBufferFull
Event: 11.500 Executing VM operation: ICBufferFull done
Event: 11.734 Executing VM operation: ICBufferFull
Event: 11.734 Executing VM operation: ICBufferFull done
Event: 11.763 Executing VM operation: G1CollectForAllocation
Event: 11.771 Executing VM operation: G1CollectForAllocation done

Events (20 events):
Event: 11.440 Thread 0x000001eff204c1e0 flushing nmethod 0x000001efdd478310
Event: 11.440 Thread 0x000001eff204c1e0 flushing nmethod 0x000001efdd47cb90
Event: 11.440 Thread 0x000001eff204c1e0 flushing nmethod 0x000001efdd47cf10
Event: 11.440 Thread 0x000001eff204c1e0 flushing nmethod 0x000001efdd47d310
Event: 11.440 Thread 0x000001eff204c1e0 flushing nmethod 0x000001efdd47e510
Event: 11.440 Thread 0x000001eff204c1e0 flushing nmethod 0x000001efdd47ec10
Event: 11.440 Thread 0x000001eff204c1e0 flushing nmethod 0x000001efdd47f010
Event: 11.440 Thread 0x000001eff204c1e0 flushing nmethod 0x000001efdd480a90
Event: 11.440 Thread 0x000001eff204c1e0 flushing nmethod 0x000001efdd483d90
Event: 11.440 Thread 0x000001eff204c1e0 flushing nmethod 0x000001efdd484d10
Event: 11.440 Thread 0x000001eff204c1e0 flushing nmethod 0x000001efdd490290
Event: 11.440 Thread 0x000001eff204c1e0 flushing nmethod 0x000001efdd493490
Event: 11.440 Thread 0x000001eff204c1e0 flushing nmethod 0x000001efdd4a9210
Event: 11.440 Thread 0x000001eff204c1e0 flushing nmethod 0x000001efdd4b4810
Event: 11.440 Thread 0x000001eff204c1e0 flushing nmethod 0x000001efdd4b5310
Event: 11.440 Thread 0x000001eff204c1e0 flushing nmethod 0x000001efdd4b8590
Event: 11.440 Thread 0x000001eff204c1e0 flushing nmethod 0x000001efdd4be910
Event: 11.440 Thread 0x000001eff204c1e0 flushing nmethod 0x000001efdd4c4510
Event: 11.440 Thread 0x000001eff204c1e0 flushing nmethod 0x000001efdd4ce210
Event: 11.440 Thread 0x000001eff204c1e0 flushing nmethod 0x000001efdd4de390


Dynamic libraries:
0x00007ff710db0000 - 0x00007ff710dba000 	E:\Android Studio\jbr\bin\java.exe
0x00007ffd6c9f0000 - 0x00007ffd6cc04000 	C:\WINDOWS\SYSTEM32\ntdll.dll
0x00007ffd6b820000 - 0x00007ffd6b8e2000 	C:\WINDOWS\System32\KERNEL32.DLL
0x00007ffd69f90000 - 0x00007ffd6a333000 	C:\WINDOWS\System32\KERNELBASE.dll
0x00007ffd6a6b0000 - 0x00007ffd6a7c1000 	C:\WINDOWS\System32\ucrtbase.dll
0x00007ffd497a0000 - 0x00007ffd497b7000 	E:\Android Studio\jbr\bin\jli.dll
0x00007ffd3ddd0000 - 0x00007ffd3ddeb000 	E:\Android Studio\jbr\bin\VCRUNTIME140.dll
0x00007ffd6c420000 - 0x00007ffd6c5ca000 	C:\WINDOWS\System32\USER32.dll
0x00007ffd69df0000 - 0x00007ffd69e16000 	C:\WINDOWS\System32\win32u.dll
0x00007ffd56c90000 - 0x00007ffd56f1e000 	C:\WINDOWS\WinSxS\amd64_microsoft.windows.common-controls_6595b64144ccf1df_6.0.22621.1635_none_270f70857386168e\COMCTL32.dll
0x00007ffd6c930000 - 0x00007ffd6c959000 	C:\WINDOWS\System32\GDI32.dll
0x00007ffd6c5d0000 - 0x00007ffd6c677000 	C:\WINDOWS\System32\msvcrt.dll
0x00007ffd6a450000 - 0x00007ffd6a569000 	C:\WINDOWS\System32\gdi32full.dll
0x00007ffd6a3b0000 - 0x00007ffd6a44a000 	C:\WINDOWS\System32\msvcp_win.dll
0x00007ffd6b8f0000 - 0x00007ffd6b921000 	C:\WINDOWS\System32\IMM32.DLL
0x00007ffd53ff0000 - 0x00007ffd53ffc000 	E:\Android Studio\jbr\bin\vcruntime140_1.dll
0x00007ffd28530000 - 0x00007ffd285bd000 	E:\Android Studio\jbr\bin\msvcp140.dll
0x00007ffd1f9a0000 - 0x00007ffd2060d000 	E:\Android Studio\jbr\bin\server\jvm.dll
0x00007ffd6b470000 - 0x00007ffd6b51e000 	C:\WINDOWS\System32\ADVAPI32.dll
0x00007ffd6c1c0000 - 0x00007ffd6c264000 	C:\WINDOWS\System32\sechost.dll
0x00007ffd6b590000 - 0x00007ffd6b6a7000 	C:\WINDOWS\System32\RPCRT4.dll
0x00007ffd65560000 - 0x00007ffd65569000 	C:\WINDOWS\SYSTEM32\WSOCK32.dll
0x00007ffd60f30000 - 0x00007ffd60f3a000 	C:\WINDOWS\SYSTEM32\VERSION.dll
0x00007ffd6a850000 - 0x00007ffd6a8c1000 	C:\WINDOWS\System32\WS2_32.dll
0x00007ffd62070000 - 0x00007ffd620a4000 	C:\WINDOWS\SYSTEM32\WINMM.dll
0x00007ffd68df0000 - 0x00007ffd68e08000 	C:\WINDOWS\SYSTEM32\kernel.appcore.dll
0x00007ffd670c0000 - 0x00007ffd670ca000 	E:\Android Studio\jbr\bin\jimage.dll
0x00007ffd55e50000 - 0x00007ffd5607e000 	C:\WINDOWS\SYSTEM32\DBGHELP.DLL
0x00007ffd6aab0000 - 0x00007ffd6ae39000 	C:\WINDOWS\System32\combase.dll
0x00007ffd6b740000 - 0x00007ffd6b817000 	C:\WINDOWS\System32\OLEAUT32.dll
0x00007ffd48f00000 - 0x00007ffd48f32000 	C:\WINDOWS\SYSTEM32\dbgcore.DLL
0x00007ffd6a570000 - 0x00007ffd6a5ea000 	C:\WINDOWS\System32\bcryptPrimitives.dll
0x00007ffd54000000 - 0x00007ffd54025000 	E:\Android Studio\jbr\bin\java.dll
0x00007ffd652e0000 - 0x00007ffd652f8000 	E:\Android Studio\jbr\bin\zip.dll
0x00007ffd6b9c0000 - 0x00007ffd6c1b9000 	C:\WINDOWS\System32\SHELL32.dll
0x00007ffd67d90000 - 0x00007ffd6865e000 	C:\WINDOWS\SYSTEM32\windows.storage.dll
0x00007ffd67c50000 - 0x00007ffd67d8e000 	C:\WINDOWS\SYSTEM32\wintypes.dll
0x00007ffd6b370000 - 0x00007ffd6b461000 	C:\WINDOWS\System32\SHCORE.dll
0x00007ffd6b520000 - 0x00007ffd6b57e000 	C:\WINDOWS\System32\shlwapi.dll
0x00007ffd69d20000 - 0x00007ffd69d46000 	C:\WINDOWS\SYSTEM32\profapi.dll
0x00007ffd54150000 - 0x00007ffd54169000 	E:\Android Studio\jbr\bin\net.dll
0x00007ffd61f30000 - 0x00007ffd62067000 	C:\WINDOWS\SYSTEM32\WINHTTP.dll
0x00007ffd69260000 - 0x00007ffd692c9000 	C:\WINDOWS\system32\mswsock.dll
0x00007ffd53fb0000 - 0x00007ffd53fc6000 	E:\Android Studio\jbr\bin\nio.dll
0x00007ffd57890000 - 0x00007ffd578a0000 	E:\Android Studio\jbr\bin\verify.dll

dbghelp: loaded successfully - version: 4.0.5 - missing functions: none
symbol engine: initialized successfully - sym options: 0x614 - pdb path: .;E:\Android Studio\jbr\bin;C:\WINDOWS\SYSTEM32;C:\WINDOWS\WinSxS\amd64_microsoft.windows.common-controls_6595b64144ccf1df_6.0.22621.1635_none_270f70857386168e;E:\Android Studio\jbr\bin\server

VM Arguments:
java_command: org.jetbrains.kotlin.cli.jvm.K2JVMCompiler @D:\New folder (13)\Frontend-Android-Jetpack\app\build\20230807_3788559155125479235.compiler.options
java_class_path (initial): C:\Users\hp\.gradle\caches\modules-2\files-2.1\org.jetbrains.kotlin\kotlin-compiler-embeddable\1.7.20\8db18559a581dd2c36ddfd5046af145650f5b126\kotlin-compiler-embeddable-1.7.20.jar;C:\Users\hp\.gradle\caches\modules-2\files-2.1\org.jetbrains.kotlin\kotlin-reflect\1.7.20\12b2501e33bb6373e8e347c86d85481863629381\kotlin-reflect-1.7.20.jar;C:\Users\hp\.gradle\caches\modules-2\files-2.1\org.jetbrains.kotlin\kotlin-stdlib\1.7.20\726594ea9ba2beb2ee113647fefa9a10f9fabe52\kotlin-stdlib-1.7.20.jar;C:\Users\hp\.gradle\caches\modules-2\files-2.1\org.jetbrains.kotlin\kotlin-script-runtime\1.7.20\bcd1cc6f865e632550357fcc59f5ffd532615a8\kotlin-script-runtime-1.7.20.jar;C:\Users\hp\.gradle\caches\modules-2\files-2.1\org.jetbrains.kotlin\kotlin-daemon-embeddable\1.7.20\1e24355adad8d529d75d5b19eab55484057431ba\kotlin-daemon-embeddable-1.7.20.jar;C:\Users\hp\.gradle\caches\modules-2\files-2.1\org.jetbrains.intellij.deps\trove4j\1.0.20200330\3afb14d5f9ceb459d724e907a21145e8ff394f02\trove4j-1.0.20200330.jar;C:\Users\hp\.gradle\caches\modules-2\files-2.1\net.java.dev.jna\jna\5.6.0\330f2244e9030119ab3030fc3fededc86713d9cc\jna-5.6.0.jar;C:\Users\hp\.gradle\caches\modules-2\files-2.1\org.jetbrains.kotlin\kotlin-stdlib-common\1.7.20\e15351bdaf9fa06f009be5da7a202e4184f00ae3\kotlin-stdlib-common-1.7.20.jar;C:\Users\hp\.gradle\caches\modules-2\files-2.1\org.jetbrains\annotations\13.0\919f0dfe192fb4e063e7dacadee7f8bb9a2672a9\annotations-13.0.jar
Launcher Type: SUN_STANDARD

[Global flags]
     intx CICompilerCount                          = 4                                         {product} {ergonomic}
     uint ConcGCThreads                            = 3                                         {product} {ergonomic}
     uint G1ConcRefinementThreads                  = 10                                        {product} {ergonomic}
   size_t G1HeapRegionSize                         = 1048576                                   {product} {ergonomic}
    uintx GCDrainStackTargetSize                   = 64                                        {product} {ergonomic}
   size_t InitialHeapSize                          = 123731968                                 {product} {ergonomic}
   size_t MarkStackSize                            = 4194304                                   {product} {ergonomic}
   size_t MaxHeapSize                              = 1973420032                                {product} {ergonomic}
   size_t MaxNewSize                               = 1183842304                                {product} {ergonomic}
   size_t MinHeapDeltaBytes                        = 1048576                                   {product} {ergonomic}
   size_t MinHeapSize                              = 8388608                                   {product} {ergonomic}
    uintx NonNMethodCodeHeapSize                   = 5839372                                {pd product} {ergonomic}
    uintx NonProfiledCodeHeapSize                  = 122909434                              {pd product} {ergonomic}
    uintx ProfiledCodeHeapSize                     = 122909434                              {pd product} {ergonomic}
    uintx ReservedCodeCacheSize                    = 251658240                              {pd product} {ergonomic}
     bool SegmentedCodeCache                       = true                                      {product} {ergonomic}
   size_t SoftMaxHeapSize                          = 1973420032                             {manageable} {ergonomic}
     bool UseCompressedClassPointers               = true                           {product lp64_product} {ergonomic}
     bool UseCompressedOops                        = true                           {product lp64_product} {ergonomic}
     bool UseG1GC                                  = true                                      {product} {ergonomic}
     bool UseLargePagesIndividualAllocation        = false                                  {pd product} {ergonomic}

Logging:
Log output configuration:
 #0: stdout all=warning uptime,level,tags
 #1: stderr all=off uptime,level,tags

Environment Variables:
PATH=C:\Program Files\Common Files\Oracle\Java\javapath;C:\Program Files (x86)\Common Files\Oracle\Java\javapath;C:\windows\system32;C:\windows;C:\windows\System32\Wbem;C:\windows\System32\WindowsPowerShell\v1.0\;C:\windows\System32\OpenSSH\;C:\Program Files (x86)\NVIDIA Corporation\PhysX\Common;C:\Program Files\NVIDIA Corporation\NVIDIA NvDLISR;E:\Git\cmd;C:\Program Files\dotnet\;C:\WINDOWS\system32;C:\WINDOWS;C:\WINDOWS\System32\Wbem;C:\WINDOWS\System32\WindowsPowerShell\v1.0\;C:\WINDOWS\System32\OpenSSH\;C:\Program Files\nodejs\;C:\Program Files\CMake\bin;C:\Program Files\Common Files\Oracle\Java\javapath;C:\Program Files (x86)\Common Files\Oracle\Java\javapath;C:\windows\system32;C:\windows;C:\windows\System32\Wbem;C:\windows\System32\WindowsPowerShell\v1.0\;C:\windows\System32\OpenSSH\;C:\Program Files (x86)\NVIDIA Corporation\PhysX\Common;C:\Program Files\NVIDIA Corporation\NVIDIA NvDLISR;E:\Git\cmd;C:\Program Files\dotnet\;C:\WINDOWS\system32;C:\WINDOWS;C:\WINDOWS\System32\Wbem;C:\WINDOWS\System32\WindowsPowerShell\v1.0\;C:\WINDOWS\System32\OpenSSH\;C:\Program Files\nodejs\;C:\Program Files\CMake\bin;C:\Users\hp\AppData\Local\Programs\Python\Python311\Scripts;C:\Users\hp\AppData\Local\Programs\Python\Python311\Scripts;E:\Microsoft VS Code\bin;E:\New folder (9)\DataSpell 2023.1.1\bin;;E:\New folder (12)\Library\bin;E:\New folder (12)\Scripts;E:\New folder (12)\condabin;C:\Users\hp\Desktop\enscripten\emsdk;C:\Users\hp\Desktop\enscripten\emsdk\scripts;C:\Users\hp\Desktop\enscripten\emsdk\test;C:\Users\hp\AppData\Local\Programs\Python\Python311;C:\Users\hp\Desktop\enscripten\emsdk\upstream\emscripten;
USERNAME=hp
OS=Windows_NT
PROCESSOR_IDENTIFIER=AMD64 Family 25 Model 80 Stepping 0, AuthenticAMD
TMP=C:\Users\hp\AppData\Local\Temp
TEMP=C:\Users\hp\AppData\Local\Temp



---------------  S Y S T E M  ---------------

OS:
 Windows 11 , 64 bit Build 22621 (10.0.22621.1928)
OS uptime: 4 days 7:40 hours
Hyper-V role detected

CPU: total 12 (initial active 12) (12 cores per cpu, 2 threads per core) family 25 model 80 stepping 0 microcode 0x0, cx8, cmov, fxsr, ht, mmx, 3dnowpref, sse, sse2, sse3, ssse3, sse4a, sse4.1, sse4.2, popcnt, lzcnt, tsc, tscinvbit, avx, avx2, aes, erms, clmul, bmi1, bmi2, adx, sha, fma, vzeroupper, clflush, clflushopt, hv

Memory: 4k page, system-wide physical 7521M (377M free)
TotalPageFile size 27209M (AvailPageFile size 3M)
current process WorkingSet (physical memory assigned to process): 489M, peak: 492M
current process commit charge ("private bytes"): 530M, peak: 534M

vm_info: OpenJDK 64-Bit Server VM (17.0.6+0-b2043.56-9586694) for windows-amd64 JRE (17.0.6+0-b2043.56-9586694), built on Feb  9 2023 20:06:20 by "androidbuild" with MS VC++ 16.10 / 16.11 (VS2019)

END.
